<?xml version="1.0" encoding="UTF-8"?>
<testsuite xmlns:xsi="http://www.w3.org/2001/XMLSchema-instance" xsi:schemaLocation="https://maven.apache.org/surefire/maven-surefire-plugin/xsd/surefire-test-report.xsd" name="RegressionTest" time="0.446" tests="4351" errors="0" skipped="0" failures="0">
  <properties>
    <property name="java.runtime.name" value="Java(TM) SE Runtime Environment"/>
    <property name="sun.boot.library.path" value="C:\Program Files\Java\jdk1.8.0_241\jre\bin"/>
    <property name="java.vm.version" value="25.241-b07"/>
    <property name="java.vm.vendor" value="Oracle Corporation"/>
    <property name="maven.multiModuleProjectDirectory" value="C:\Users\Tanel\Desktop\Tanel\Repositories\tarkvaratest\Kodutoo4\NextDate-2"/>
    <property name="java.vendor.url" value="http://java.oracle.com/"/>
    <property name="path.separator" value=";"/>
    <property name="guice.disable.misplaced.annotation.check" value="true"/>
    <property name="java.vm.name" value="Java HotSpot(TM) 64-Bit Server VM"/>
    <property name="file.encoding.pkg" value="sun.io"/>
    <property name="user.script" value=""/>
    <property name="user.country" value="US"/>
    <property name="sun.java.launcher" value="SUN_STANDARD"/>
    <property name="sun.os.patch.level" value=""/>
    <property name="java.vm.specification.name" value="Java Virtual Machine Specification"/>
    <property name="user.dir" value="C:\Users\Tanel\Desktop\Tanel\Repositories\tarkvaratest\Kodutoo4\NextDate-2"/>
    <property name="java.runtime.version" value="1.8.0_241-b07"/>
    <property name="java.awt.graphicsenv" value="sun.awt.Win32GraphicsEnvironment"/>
    <property name="java.endorsed.dirs" value="C:\Program Files\Java\jdk1.8.0_241\jre\lib\endorsed"/>
    <property name="os.arch" value="amd64"/>
    <property name="java.io.tmpdir" value="C:\Users\Tanel\AppData\Local\Temp\"/>
    <property name="line.separator" value="&#10;"/>
    <property name="java.vm.specification.vendor" value="Oracle Corporation"/>
    <property name="user.variant" value=""/>
    <property name="os.name" value="Windows 10"/>
    <property name="maven.ext.class.path" value="C:\Program Files\JetBrains\IntelliJ IDEA 2019.2.2\plugins\maven\lib\maven-event-listener.jar"/>
    <property name="classworlds.conf" value="C:\Program Files\JetBrains\IntelliJ IDEA 2019.2.2\plugins\maven\lib\maven3\bin\m2.conf"/>
    <property name="sun.jnu.encoding" value="Cp1252"/>
    <property name="java.library.path" value="C:\Program Files\Java\jdk1.8.0_241\bin;C:\WINDOWS\Sun\Java\bin;C:\WINDOWS\system32;C:\WINDOWS;C:\Program Files (x86)\Common Files\Oracle\Java\javapath;C:\Program Files\Java\jdk1.8.0_241\bin;C:\Windows\system32;C:\Windows;C:\Windows\System32\Wbem;C:\Windows\System32\WindowsPowerShell\v1.0\;C:\Program Files (x86)\NVIDIA Corporation\PhysX\Common;C:\Program Files (x86)\IDEMIA\AWP\Dlls;C:\Program Files\IDEMIA\AWP\Dlls;C:\Program Files\NVIDIA Corporation\NVIDIA NvDLISR;C:\WINDOWS\system32;C:\WINDOWS;C:\WINDOWS\System32\Wbem;C:\WINDOWS\System32\WindowsPowerShell\v1.0\;C:\WINDOWS\System32\OpenSSH\;C:\Program Files (x86)\Windows Kits\8.1\Windows Performance Toolkit\;C:\Program Files (x86)\Graphviz2.38\bin\;C:\Program Files\Git\cmd;C:\Program Files (x86)\WinMerge;C:\Program Files\nodejs\;C:\Program Files (x86)\apache-maven-3.6.3\bin;E:\Gpg4win\..\GnuPG\bin;C:\Users\Tanel\.windows-build-tools\python27;C:\Users\Tanel\AppData\Local\Programs\Python\Python36\Scripts\;C:\Users\Tanel\AppData\Local\Programs\Python\Python36\;C:\Users\Tanel\AppData\Local\Microsoft\WindowsApps;C:\Program Files\JetBrains\PyCharm 2019.1.3\bin;C:\Program Files\JetBrains\IntelliJ IDEA 2019.2.2\bin;;C:\Users\Tanel\AppData\Local\Microsoft\WindowsApps;C:\Users\Tanel\AppData\Roaming\npm;C:\Users\Tanel\AppData\Local\Programs\MiKTeX 2.9\miktex\bin\x64\;."/>
    <property name="maven.conf" value="C:\Program Files\JetBrains\IntelliJ IDEA 2019.2.2\plugins\maven\lib\maven3/conf"/>
    <property name="java.specification.name" value="Java Platform API Specification"/>
    <property name="java.class.version" value="52.0"/>
    <property name="sun.management.compiler" value="HotSpot 64-Bit Tiered Compilers"/>
    <property name="os.version" value="10.0"/>
    <property name="user.home" value="C:\Users\Tanel"/>
    <property name="user.timezone" value="Europe/Helsinki"/>
    <property name="java.awt.printerjob" value="sun.awt.windows.WPrinterJob"/>
    <property name="java.specification.version" value="1.8"/>
    <property name="file.encoding" value="UTF-8"/>
    <property name="user.name" value="Tanel"/>
    <property name="java.class.path" value="C:\Program Files\JetBrains\IntelliJ IDEA 2019.2.2\plugins\maven\lib\maven3\boot\plexus-classworlds-2.6.0.jar;C:\Program Files\JetBrains\IntelliJ IDEA 2019.2.2\lib\idea_rt.jar"/>
    <property name="idea.version2019.2.2" value="true"/>
    <property name="java.vm.specification.version" value="1.8"/>
    <property name="sun.arch.data.model" value="64"/>
    <property name="java.home" value="C:\Program Files\Java\jdk1.8.0_241\jre"/>
    <property name="sun.java.command" value="org.codehaus.classworlds.Launcher -Didea.version2019.2.2 test"/>
    <property name="java.specification.vendor" value="Oracle Corporation"/>
    <property name="user.language" value="en"/>
    <property name="awt.toolkit" value="sun.awt.windows.WToolkit"/>
    <property name="java.vm.info" value="mixed mode"/>
    <property name="java.version" value="1.8.0_241"/>
    <property name="java.ext.dirs" value="C:\Program Files\Java\jdk1.8.0_241\jre\lib\ext;C:\WINDOWS\Sun\Java\lib\ext"/>
    <property name="sun.boot.class.path" value="C:\Program Files\Java\jdk1.8.0_241\jre\lib\resources.jar;C:\Program Files\Java\jdk1.8.0_241\jre\lib\rt.jar;C:\Program Files\Java\jdk1.8.0_241\jre\lib\sunrsasign.jar;C:\Program Files\Java\jdk1.8.0_241\jre\lib\jsse.jar;C:\Program Files\Java\jdk1.8.0_241\jre\lib\jce.jar;C:\Program Files\Java\jdk1.8.0_241\jre\lib\charsets.jar;C:\Program Files\Java\jdk1.8.0_241\jre\lib\jfr.jar;C:\Program Files\Java\jdk1.8.0_241\jre\classes"/>
    <property name="java.vendor" value="Oracle Corporation"/>
    <property name="maven.home" value="C:\Program Files\JetBrains\IntelliJ IDEA 2019.2.2\plugins\maven\lib\maven3"/>
    <property name="file.separator" value="\"/>
    <property name="java.vendor.url.bug" value="http://bugreport.sun.com/bugreport/"/>
    <property name="sun.cpu.endian" value="little"/>
    <property name="sun.io.unicode.encoding" value="UnicodeLittle"/>
    <property name="sun.desktop" value="windows"/>
    <property name="sun.cpu.isalist" value="amd64"/>
  </properties>
  <testcase name="test0001" classname="RegressionTest0" time="0.003"/>
  <testcase name="test0002" classname="RegressionTest0" time="0.001"/>
  <testcase name="test0003" classname="RegressionTest0" time="0"/>
  <testcase name="test0004" classname="RegressionTest0" time="0"/>
  <testcase name="test0005" classname="RegressionTest0" time="0"/>
  <testcase name="test0006" classname="RegressionTest0" time="0"/>
  <testcase name="test0007" classname="RegressionTest0" time="0"/>
  <testcase name="test0008" classname="RegressionTest0" time="0"/>
  <testcase name="test0009" classname="RegressionTest0" time="0"/>
  <testcase name="test0010" classname="RegressionTest0" time="0"/>
  <testcase name="test0011" classname="RegressionTest0" time="0"/>
  <testcase name="test0012" classname="RegressionTest0" time="0"/>
  <testcase name="test0013" classname="RegressionTest0" time="0"/>
  <testcase name="test0014" classname="RegressionTest0" time="0"/>
  <testcase name="test0015" classname="RegressionTest0" time="0"/>
  <testcase name="test0016" classname="RegressionTest0" time="0"/>
  <testcase name="test0017" classname="RegressionTest0" time="0.001"/>
  <testcase name="test0018" classname="RegressionTest0" time="0"/>
  <testcase name="test0019" classname="RegressionTest0" time="0"/>
  <testcase name="test0020" classname="RegressionTest0" time="0"/>
  <testcase name="test0021" classname="RegressionTest0" time="0"/>
  <testcase name="test0022" classname="RegressionTest0" time="0"/>
  <testcase name="test0023" classname="RegressionTest0" time="0"/>
  <testcase name="test0024" classname="RegressionTest0" time="0"/>
  <testcase name="test0025" classname="RegressionTest0" time="0"/>
  <testcase name="test0026" classname="RegressionTest0" time="0"/>
  <testcase name="test0027" classname="RegressionTest0" time="0.001"/>
  <testcase name="test0028" classname="RegressionTest0" time="0"/>
  <testcase name="test0029" classname="RegressionTest0" time="0"/>
  <testcase name="test0030" classname="RegressionTest0" time="0"/>
  <testcase name="test0031" classname="RegressionTest0" time="0"/>
  <testcase name="test0032" classname="RegressionTest0" time="0"/>
  <testcase name="test0033" classname="RegressionTest0" time="0"/>
  <testcase name="test0034" classname="RegressionTest0" time="0"/>
  <testcase name="test0035" classname="RegressionTest0" time="0"/>
  <testcase name="test0036" classname="RegressionTest0" time="0"/>
  <testcase name="test0037" classname="RegressionTest0" time="0"/>
  <testcase name="test0038" classname="RegressionTest0" time="0"/>
  <testcase name="test0039" classname="RegressionTest0" time="0"/>
  <testcase name="test0040" classname="RegressionTest0" time="0"/>
  <testcase name="test0041" classname="RegressionTest0" time="0"/>
  <testcase name="test0042" classname="RegressionTest0" time="0"/>
  <testcase name="test0043" classname="RegressionTest0" time="0.001"/>
  <testcase name="test0044" classname="RegressionTest0" time="0"/>
  <testcase name="test0045" classname="RegressionTest0" time="0"/>
  <testcase name="test0046" classname="RegressionTest0" time="0"/>
  <testcase name="test0047" classname="RegressionTest0" time="0"/>
  <testcase name="test0048" classname="RegressionTest0" time="0"/>
  <testcase name="test0049" classname="RegressionTest0" time="0"/>
  <testcase name="test0050" classname="RegressionTest0" time="0"/>
  <testcase name="test0051" classname="RegressionTest0" time="0"/>
  <testcase name="test0052" classname="RegressionTest0" time="0"/>
  <testcase name="test0053" classname="RegressionTest0" time="0"/>
  <testcase name="test0054" classname="RegressionTest0" time="0.001"/>
  <testcase name="test0055" classname="RegressionTest0" time="0"/>
  <testcase name="test0056" classname="RegressionTest0" time="0"/>
  <testcase name="test0057" classname="RegressionTest0" time="0"/>
  <testcase name="test0058" classname="RegressionTest0" time="0"/>
  <testcase name="test0059" classname="RegressionTest0" time="0"/>
  <testcase name="test0060" classname="RegressionTest0" time="0"/>
  <testcase name="test0061" classname="RegressionTest0" time="0"/>
  <testcase name="test0062" classname="RegressionTest0" time="0"/>
  <testcase name="test0063" classname="RegressionTest0" time="0"/>
  <testcase name="test0064" classname="RegressionTest0" time="0"/>
  <testcase name="test0065" classname="RegressionTest0" time="0"/>
  <testcase name="test0066" classname="RegressionTest0" time="0"/>
  <testcase name="test0067" classname="RegressionTest0" time="0"/>
  <testcase name="test0068" classname="RegressionTest0" time="0"/>
  <testcase name="test0069" classname="RegressionTest0" time="0"/>
  <testcase name="test0070" classname="RegressionTest0" time="0"/>
  <testcase name="test0071" classname="RegressionTest0" time="0"/>
  <testcase name="test0072" classname="RegressionTest0" time="0"/>
  <testcase name="test0073" classname="RegressionTest0" time="0"/>
  <testcase name="test0074" classname="RegressionTest0" time="0"/>
  <testcase name="test0075" classname="RegressionTest0" time="0"/>
  <testcase name="test0076" classname="RegressionTest0" time="0"/>
  <testcase name="test0077" classname="RegressionTest0" time="0"/>
  <testcase name="test0078" classname="RegressionTest0" time="0"/>
  <testcase name="test0079" classname="RegressionTest0" time="0"/>
  <testcase name="test0080" classname="RegressionTest0" time="0"/>
  <testcase name="test0081" classname="RegressionTest0" time="0"/>
  <testcase name="test0082" classname="RegressionTest0" time="0"/>
  <testcase name="test0083" classname="RegressionTest0" time="0"/>
  <testcase name="test0084" classname="RegressionTest0" time="0"/>
  <testcase name="test0085" classname="RegressionTest0" time="0.002"/>
  <testcase name="test0086" classname="RegressionTest0" time="0"/>
  <testcase name="test0087" classname="RegressionTest0" time="0"/>
  <testcase name="test0088" classname="RegressionTest0" time="0"/>
  <testcase name="test0089" classname="RegressionTest0" time="0"/>
  <testcase name="test0090" classname="RegressionTest0" time="0"/>
  <testcase name="test0091" classname="RegressionTest0" time="0"/>
  <testcase name="test0092" classname="RegressionTest0" time="0"/>
  <testcase name="test0093" classname="RegressionTest0" time="0"/>
  <testcase name="test0094" classname="RegressionTest0" time="0"/>
  <testcase name="test0095" classname="RegressionTest0" time="0"/>
  <testcase name="test0096" classname="RegressionTest0" time="0"/>
  <testcase name="test0097" classname="RegressionTest0" time="0"/>
  <testcase name="test0098" classname="RegressionTest0" time="0"/>
  <testcase name="test0099" classname="RegressionTest0" time="0"/>
  <testcase name="test0100" classname="RegressionTest0" time="0"/>
  <testcase name="test0101" classname="RegressionTest0" time="0"/>
  <testcase name="test0102" classname="RegressionTest0" time="0"/>
  <testcase name="test0103" classname="RegressionTest0" time="0"/>
  <testcase name="test0104" classname="RegressionTest0" time="0"/>
  <testcase name="test0105" classname="RegressionTest0" time="0"/>
  <testcase name="test0106" classname="RegressionTest0" time="0"/>
  <testcase name="test0107" classname="RegressionTest0" time="0"/>
  <testcase name="test0108" classname="RegressionTest0" time="0"/>
  <testcase name="test0109" classname="RegressionTest0" time="0"/>
  <testcase name="test0110" classname="RegressionTest0" time="0"/>
  <testcase name="test0111" classname="RegressionTest0" time="0.001"/>
  <testcase name="test0112" classname="RegressionTest0" time="0"/>
  <testcase name="test0113" classname="RegressionTest0" time="0"/>
  <testcase name="test0114" classname="RegressionTest0" time="0"/>
  <testcase name="test0115" classname="RegressionTest0" time="0"/>
  <testcase name="test0116" classname="RegressionTest0" time="0.001"/>
  <testcase name="test0117" classname="RegressionTest0" time="0"/>
  <testcase name="test0118" classname="RegressionTest0" time="0"/>
  <testcase name="test0119" classname="RegressionTest0" time="0"/>
  <testcase name="test0120" classname="RegressionTest0" time="0.004"/>
  <testcase name="test0121" classname="RegressionTest0" time="0"/>
  <testcase name="test0122" classname="RegressionTest0" time="0"/>
  <testcase name="test0123" classname="RegressionTest0" time="0"/>
  <testcase name="test0124" classname="RegressionTest0" time="0"/>
  <testcase name="test0125" classname="RegressionTest0" time="0"/>
  <testcase name="test0126" classname="RegressionTest0" time="0"/>
  <testcase name="test0127" classname="RegressionTest0" time="0"/>
  <testcase name="test0128" classname="RegressionTest0" time="0"/>
  <testcase name="test0129" classname="RegressionTest0" time="0"/>
  <testcase name="test0130" classname="RegressionTest0" time="0"/>
  <testcase name="test0131" classname="RegressionTest0" time="0"/>
  <testcase name="test0132" classname="RegressionTest0" time="0"/>
  <testcase name="test0133" classname="RegressionTest0" time="0"/>
  <testcase name="test0134" classname="RegressionTest0" time="0"/>
  <testcase name="test0135" classname="RegressionTest0" time="0"/>
  <testcase name="test0136" classname="RegressionTest0" time="0"/>
  <testcase name="test0137" classname="RegressionTest0" time="0"/>
  <testcase name="test0138" classname="RegressionTest0" time="0"/>
  <testcase name="test0139" classname="RegressionTest0" time="0.001"/>
  <testcase name="test0140" classname="RegressionTest0" time="0"/>
  <testcase name="test0141" classname="RegressionTest0" time="0"/>
  <testcase name="test0142" classname="RegressionTest0" time="0"/>
  <testcase name="test0143" classname="RegressionTest0" time="0"/>
  <testcase name="test0144" classname="RegressionTest0" time="0"/>
  <testcase name="test0145" classname="RegressionTest0" time="0"/>
  <testcase name="test0146" classname="RegressionTest0" time="0"/>
  <testcase name="test0147" classname="RegressionTest0" time="0"/>
  <testcase name="test0148" classname="RegressionTest0" time="0"/>
  <testcase name="test0149" classname="RegressionTest0" time="0.001"/>
  <testcase name="test0150" classname="RegressionTest0" time="0"/>
  <testcase name="test0151" classname="RegressionTest0" time="0"/>
  <testcase name="test0152" classname="RegressionTest0" time="0"/>
  <testcase name="test0153" classname="RegressionTest0" time="0"/>
  <testcase name="test0154" classname="RegressionTest0" time="0"/>
  <testcase name="test0155" classname="RegressionTest0" time="0"/>
  <testcase name="test0156" classname="RegressionTest0" time="0"/>
  <testcase name="test0157" classname="RegressionTest0" time="0"/>
  <testcase name="test0158" classname="RegressionTest0" time="0"/>
  <testcase name="test0159" classname="RegressionTest0" time="0"/>
  <testcase name="test0160" classname="RegressionTest0" time="0"/>
  <testcase name="test0161" classname="RegressionTest0" time="0.002"/>
  <testcase name="test0162" classname="RegressionTest0" time="0"/>
  <testcase name="test0163" classname="RegressionTest0" time="0"/>
  <testcase name="test0164" classname="RegressionTest0" time="0"/>
  <testcase name="test0165" classname="RegressionTest0" time="0"/>
  <testcase name="test0166" classname="RegressionTest0" time="0"/>
  <testcase name="test0167" classname="RegressionTest0" time="0"/>
  <testcase name="test0168" classname="RegressionTest0" time="0"/>
  <testcase name="test0169" classname="RegressionTest0" time="0"/>
  <testcase name="test0170" classname="RegressionTest0" time="0"/>
  <testcase name="test0171" classname="RegressionTest0" time="0"/>
  <testcase name="test0172" classname="RegressionTest0" time="0"/>
  <testcase name="test0173" classname="RegressionTest0" time="0"/>
  <testcase name="test0174" classname="RegressionTest0" time="0"/>
  <testcase name="test0175" classname="RegressionTest0" time="0"/>
  <testcase name="test0176" classname="RegressionTest0" time="0"/>
  <testcase name="test0177" classname="RegressionTest0" time="0"/>
  <testcase name="test0178" classname="RegressionTest0" time="0"/>
  <testcase name="test0179" classname="RegressionTest0" time="0"/>
  <testcase name="test0180" classname="RegressionTest0" time="0"/>
  <testcase name="test0181" classname="RegressionTest0" time="0"/>
  <testcase name="test0182" classname="RegressionTest0" time="0"/>
  <testcase name="test0183" classname="RegressionTest0" time="0"/>
  <testcase name="test0184" classname="RegressionTest0" time="0"/>
  <testcase name="test0185" classname="RegressionTest0" time="0"/>
  <testcase name="test0186" classname="RegressionTest0" time="0"/>
  <testcase name="test0187" classname="RegressionTest0" time="0"/>
  <testcase name="test0188" classname="RegressionTest0" time="0"/>
  <testcase name="test0189" classname="RegressionTest0" time="0.001"/>
  <testcase name="test0190" classname="RegressionTest0" time="0"/>
  <testcase name="test0191" classname="RegressionTest0" time="0"/>
  <testcase name="test0192" classname="RegressionTest0" time="0"/>
  <testcase name="test0193" classname="RegressionTest0" time="0"/>
  <testcase name="test0194" classname="RegressionTest0" time="0"/>
  <testcase name="test0195" classname="RegressionTest0" time="0"/>
  <testcase name="test0196" classname="RegressionTest0" time="0"/>
  <testcase name="test0197" classname="RegressionTest0" time="0"/>
  <testcase name="test0198" classname="RegressionTest0" time="0"/>
  <testcase name="test0199" classname="RegressionTest0" time="0"/>
  <testcase name="test0200" classname="RegressionTest0" time="0"/>
  <testcase name="test0201" classname="RegressionTest0" time="0"/>
  <testcase name="test0202" classname="RegressionTest0" time="0"/>
  <testcase name="test0203" classname="RegressionTest0" time="0"/>
  <testcase name="test0204" classname="RegressionTest0" time="0"/>
  <testcase name="test0205" classname="RegressionTest0" time="0"/>
  <testcase name="test0206" classname="RegressionTest0" time="0"/>
  <testcase name="test0207" classname="RegressionTest0" time="0"/>
  <testcase name="test0208" classname="RegressionTest0" time="0"/>
  <testcase name="test0209" classname="RegressionTest0" time="0"/>
  <testcase name="test0210" classname="RegressionTest0" time="0"/>
  <testcase name="test0211" classname="RegressionTest0" time="0"/>
  <testcase name="test0212" classname="RegressionTest0" time="0"/>
  <testcase name="test0213" classname="RegressionTest0" time="0"/>
  <testcase name="test0214" classname="RegressionTest0" time="0"/>
  <testcase name="test0215" classname="RegressionTest0" time="0"/>
  <testcase name="test0216" classname="RegressionTest0" time="0"/>
  <testcase name="test0217" classname="RegressionTest0" time="0"/>
  <testcase name="test0218" classname="RegressionTest0" time="0"/>
  <testcase name="test0219" classname="RegressionTest0" time="0"/>
  <testcase name="test0220" classname="RegressionTest0" time="0"/>
  <testcase name="test0221" classname="RegressionTest0" time="0"/>
  <testcase name="test0222" classname="RegressionTest0" time="0"/>
  <testcase name="test0223" classname="RegressionTest0" time="0"/>
  <testcase name="test0224" classname="RegressionTest0" time="0"/>
  <testcase name="test0225" classname="RegressionTest0" time="0"/>
  <testcase name="test0226" classname="RegressionTest0" time="0"/>
  <testcase name="test0227" classname="RegressionTest0" time="0"/>
  <testcase name="test0228" classname="RegressionTest0" time="0"/>
  <testcase name="test0229" classname="RegressionTest0" time="0"/>
  <testcase name="test0230" classname="RegressionTest0" time="0"/>
  <testcase name="test0231" classname="RegressionTest0" time="0"/>
  <testcase name="test0232" classname="RegressionTest0" time="0"/>
  <testcase name="test0233" classname="RegressionTest0" time="0"/>
  <testcase name="test0234" classname="RegressionTest0" time="0"/>
  <testcase name="test0235" classname="RegressionTest0" time="0"/>
  <testcase name="test0236" classname="RegressionTest0" time="0"/>
  <testcase name="test0237" classname="RegressionTest0" time="0"/>
  <testcase name="test0238" classname="RegressionTest0" time="0"/>
  <testcase name="test0239" classname="RegressionTest0" time="0"/>
  <testcase name="test0240" classname="RegressionTest0" time="0"/>
  <testcase name="test0241" classname="RegressionTest0" time="0"/>
  <testcase name="test0242" classname="RegressionTest0" time="0"/>
  <testcase name="test0243" classname="RegressionTest0" time="0.001"/>
  <testcase name="test0244" classname="RegressionTest0" time="0"/>
  <testcase name="test0245" classname="RegressionTest0" time="0.001"/>
  <testcase name="test0246" classname="RegressionTest0" time="0"/>
  <testcase name="test0247" classname="RegressionTest0" time="0"/>
  <testcase name="test0248" classname="RegressionTest0" time="0"/>
  <testcase name="test0249" classname="RegressionTest0" time="0"/>
  <testcase name="test0250" classname="RegressionTest0" time="0"/>
  <testcase name="test0251" classname="RegressionTest0" time="0"/>
  <testcase name="test0252" classname="RegressionTest0" time="0"/>
  <testcase name="test0253" classname="RegressionTest0" time="0"/>
  <testcase name="test0254" classname="RegressionTest0" time="0"/>
  <testcase name="test0255" classname="RegressionTest0" time="0"/>
  <testcase name="test0256" classname="RegressionTest0" time="0"/>
  <testcase name="test0257" classname="RegressionTest0" time="0"/>
  <testcase name="test0258" classname="RegressionTest0" time="0"/>
  <testcase name="test0259" classname="RegressionTest0" time="0"/>
  <testcase name="test0260" classname="RegressionTest0" time="0"/>
  <testcase name="test0261" classname="RegressionTest0" time="0"/>
  <testcase name="test0262" classname="RegressionTest0" time="0"/>
  <testcase name="test0263" classname="RegressionTest0" time="0"/>
  <testcase name="test0264" classname="RegressionTest0" time="0"/>
  <testcase name="test0265" classname="RegressionTest0" time="0"/>
  <testcase name="test0266" classname="RegressionTest0" time="0"/>
  <testcase name="test0267" classname="RegressionTest0" time="0"/>
  <testcase name="test0268" classname="RegressionTest0" time="0"/>
  <testcase name="test0269" classname="RegressionTest0" time="0"/>
  <testcase name="test0270" classname="RegressionTest0" time="0"/>
  <testcase name="test0271" classname="RegressionTest0" time="0"/>
  <testcase name="test0272" classname="RegressionTest0" time="0"/>
  <testcase name="test0273" classname="RegressionTest0" time="0"/>
  <testcase name="test0274" classname="RegressionTest0" time="0.001"/>
  <testcase name="test0275" classname="RegressionTest0" time="0"/>
  <testcase name="test0276" classname="RegressionTest0" time="0"/>
  <testcase name="test0277" classname="RegressionTest0" time="0"/>
  <testcase name="test0278" classname="RegressionTest0" time="0"/>
  <testcase name="test0279" classname="RegressionTest0" time="0"/>
  <testcase name="test0280" classname="RegressionTest0" time="0"/>
  <testcase name="test0281" classname="RegressionTest0" time="0"/>
  <testcase name="test0282" classname="RegressionTest0" time="0"/>
  <testcase name="test0283" classname="RegressionTest0" time="0"/>
  <testcase name="test0284" classname="RegressionTest0" time="0"/>
  <testcase name="test0285" classname="RegressionTest0" time="0"/>
  <testcase name="test0286" classname="RegressionTest0" time="0.001"/>
  <testcase name="test0287" classname="RegressionTest0" time="0"/>
  <testcase name="test0288" classname="RegressionTest0" time="0"/>
  <testcase name="test0289" classname="RegressionTest0" time="0"/>
  <testcase name="test0290" classname="RegressionTest0" time="0"/>
  <testcase name="test0291" classname="RegressionTest0" time="0"/>
  <testcase name="test0292" classname="RegressionTest0" time="0"/>
  <testcase name="test0293" classname="RegressionTest0" time="0"/>
  <testcase name="test0294" classname="RegressionTest0" time="0"/>
  <testcase name="test0295" classname="RegressionTest0" time="0"/>
  <testcase name="test0296" classname="RegressionTest0" time="0.001"/>
  <testcase name="test0297" classname="RegressionTest0" time="0"/>
  <testcase name="test0298" classname="RegressionTest0" time="0"/>
  <testcase name="test0299" classname="RegressionTest0" time="0"/>
  <testcase name="test0300" classname="RegressionTest0" time="0"/>
  <testcase name="test0301" classname="RegressionTest0" time="0"/>
  <testcase name="test0302" classname="RegressionTest0" time="0"/>
  <testcase name="test0303" classname="RegressionTest0" time="0"/>
  <testcase name="test0304" classname="RegressionTest0" time="0"/>
  <testcase name="test0305" classname="RegressionTest0" time="0"/>
  <testcase name="test0306" classname="RegressionTest0" time="0"/>
  <testcase name="test0307" classname="RegressionTest0" time="0"/>
  <testcase name="test0308" classname="RegressionTest0" time="0"/>
  <testcase name="test0309" classname="RegressionTest0" time="0"/>
  <testcase name="test0310" classname="RegressionTest0" time="0"/>
  <testcase name="test0311" classname="RegressionTest0" time="0"/>
  <testcase name="test0312" classname="RegressionTest0" time="0"/>
  <testcase name="test0313" classname="RegressionTest0" time="0.001"/>
  <testcase name="test0314" classname="RegressionTest0" time="0.001"/>
  <testcase name="test0315" classname="RegressionTest0" time="0"/>
  <testcase name="test0316" classname="RegressionTest0" time="0"/>
  <testcase name="test0317" classname="RegressionTest0" time="0"/>
  <testcase name="test0318" classname="RegressionTest0" time="0"/>
  <testcase name="test0319" classname="RegressionTest0" time="0"/>
  <testcase name="test0320" classname="RegressionTest0" time="0.001"/>
  <testcase name="test0321" classname="RegressionTest0" time="0"/>
  <testcase name="test0322" classname="RegressionTest0" time="0"/>
  <testcase name="test0323" classname="RegressionTest0" time="0"/>
  <testcase name="test0324" classname="RegressionTest0" time="0"/>
  <testcase name="test0325" classname="RegressionTest0" time="0"/>
  <testcase name="test0326" classname="RegressionTest0" time="0"/>
  <testcase name="test0327" classname="RegressionTest0" time="0"/>
  <testcase name="test0328" classname="RegressionTest0" time="0"/>
  <testcase name="test0329" classname="RegressionTest0" time="0"/>
  <testcase name="test0330" classname="RegressionTest0" time="0"/>
  <testcase name="test0331" classname="RegressionTest0" time="0"/>
  <testcase name="test0332" classname="RegressionTest0" time="0"/>
  <testcase name="test0333" classname="RegressionTest0" time="0.001"/>
  <testcase name="test0334" classname="RegressionTest0" time="0"/>
  <testcase name="test0335" classname="RegressionTest0" time="0"/>
  <testcase name="test0336" classname="RegressionTest0" time="0"/>
  <testcase name="test0337" classname="RegressionTest0" time="0"/>
  <testcase name="test0338" classname="RegressionTest0" time="0"/>
  <testcase name="test0339" classname="RegressionTest0" time="0"/>
  <testcase name="test0340" classname="RegressionTest0" time="0"/>
  <testcase name="test0341" classname="RegressionTest0" time="0"/>
  <testcase name="test0342" classname="RegressionTest0" time="0"/>
  <testcase name="test0343" classname="RegressionTest0" time="0"/>
  <testcase name="test0344" classname="RegressionTest0" time="0"/>
  <testcase name="test0345" classname="RegressionTest0" time="0"/>
  <testcase name="test0346" classname="RegressionTest0" time="0.001"/>
  <testcase name="test0347" classname="RegressionTest0" time="0"/>
  <testcase name="test0348" classname="RegressionTest0" time="0"/>
  <testcase name="test0349" classname="RegressionTest0" time="0"/>
  <testcase name="test0350" classname="RegressionTest0" time="0"/>
  <testcase name="test0351" classname="RegressionTest0" time="0"/>
  <testcase name="test0352" classname="RegressionTest0" time="0.001"/>
  <testcase name="test0353" classname="RegressionTest0" time="0"/>
  <testcase name="test0354" classname="RegressionTest0" time="0"/>
  <testcase name="test0355" classname="RegressionTest0" time="0"/>
  <testcase name="test0356" classname="RegressionTest0" time="0"/>
  <testcase name="test0357" classname="RegressionTest0" time="0"/>
  <testcase name="test0358" classname="RegressionTest0" time="0"/>
  <testcase name="test0359" classname="RegressionTest0" time="0"/>
  <testcase name="test0360" classname="RegressionTest0" time="0"/>
  <testcase name="test0361" classname="RegressionTest0" time="0"/>
  <testcase name="test0362" classname="RegressionTest0" time="0"/>
  <testcase name="test0363" classname="RegressionTest0" time="0"/>
  <testcase name="test0364" classname="RegressionTest0" time="0"/>
  <testcase name="test0365" classname="RegressionTest0" time="0"/>
  <testcase name="test0366" classname="RegressionTest0" time="0"/>
  <testcase name="test0367" classname="RegressionTest0" time="0"/>
  <testcase name="test0368" classname="RegressionTest0" time="0.001"/>
  <testcase name="test0369" classname="RegressionTest0" time="0"/>
  <testcase name="test0370" classname="RegressionTest0" time="0"/>
  <testcase name="test0371" classname="RegressionTest0" time="0"/>
  <testcase name="test0372" classname="RegressionTest0" time="0"/>
  <testcase name="test0373" classname="RegressionTest0" time="0"/>
  <testcase name="test0374" classname="RegressionTest0" time="0"/>
  <testcase name="test0375" classname="RegressionTest0" time="0"/>
  <testcase name="test0376" classname="RegressionTest0" time="0"/>
  <testcase name="test0377" classname="RegressionTest0" time="0"/>
  <testcase name="test0378" classname="RegressionTest0" time="0"/>
  <testcase name="test0379" classname="RegressionTest0" time="0"/>
  <testcase name="test0380" classname="RegressionTest0" time="0"/>
  <testcase name="test0381" classname="RegressionTest0" time="0"/>
  <testcase name="test0382" classname="RegressionTest0" time="0"/>
  <testcase name="test0383" classname="RegressionTest0" time="0"/>
  <testcase name="test0384" classname="RegressionTest0" time="0"/>
  <testcase name="test0385" classname="RegressionTest0" time="0"/>
  <testcase name="test0386" classname="RegressionTest0" time="0"/>
  <testcase name="test0387" classname="RegressionTest0" time="0"/>
  <testcase name="test0388" classname="RegressionTest0" time="0"/>
  <testcase name="test0389" classname="RegressionTest0" time="0.001"/>
  <testcase name="test0390" classname="RegressionTest0" time="0"/>
  <testcase name="test0391" classname="RegressionTest0" time="0"/>
  <testcase name="test0392" classname="RegressionTest0" time="0"/>
  <testcase name="test0393" classname="RegressionTest0" time="0"/>
  <testcase name="test0394" classname="RegressionTest0" time="0"/>
  <testcase name="test0395" classname="RegressionTest0" time="0"/>
  <testcase name="test0396" classname="RegressionTest0" time="0"/>
  <testcase name="test0397" classname="RegressionTest0" time="0"/>
  <testcase name="test0398" classname="RegressionTest0" time="0"/>
  <testcase name="test0399" classname="RegressionTest0" time="0"/>
  <testcase name="test0400" classname="RegressionTest0" time="0"/>
  <testcase name="test0401" classname="RegressionTest0" time="0"/>
  <testcase name="test0402" classname="RegressionTest0" time="0"/>
  <testcase name="test0403" classname="RegressionTest0" time="0"/>
  <testcase name="test0404" classname="RegressionTest0" time="0"/>
  <testcase name="test0405" classname="RegressionTest0" time="0"/>
  <testcase name="test0406" classname="RegressionTest0" time="0"/>
  <testcase name="test0407" classname="RegressionTest0" time="0"/>
  <testcase name="test0408" classname="RegressionTest0" time="0"/>
  <testcase name="test0409" classname="RegressionTest0" time="0"/>
  <testcase name="test0410" classname="RegressionTest0" time="0"/>
  <testcase name="test0411" classname="RegressionTest0" time="0.003"/>
  <testcase name="test0412" classname="RegressionTest0" time="0"/>
  <testcase name="test0413" classname="RegressionTest0" time="0"/>
  <testcase name="test0414" classname="RegressionTest0" time="0"/>
  <testcase name="test0415" classname="RegressionTest0" time="0"/>
  <testcase name="test0416" classname="RegressionTest0" time="0.001"/>
  <testcase name="test0417" classname="RegressionTest0" time="0"/>
  <testcase name="test0418" classname="RegressionTest0" time="0"/>
  <testcase name="test0419" classname="RegressionTest0" time="0"/>
  <testcase name="test0420" classname="RegressionTest0" time="0"/>
  <testcase name="test0421" classname="RegressionTest0" time="0"/>
  <testcase name="test0422" classname="RegressionTest0" time="0"/>
  <testcase name="test0423" classname="RegressionTest0" time="0"/>
  <testcase name="test0424" classname="RegressionTest0" time="0"/>
  <testcase name="test0425" classname="RegressionTest0" time="0"/>
  <testcase name="test0426" classname="RegressionTest0" time="0"/>
  <testcase name="test0427" classname="RegressionTest0" time="0"/>
  <testcase name="test0428" classname="RegressionTest0" time="0"/>
  <testcase name="test0429" classname="RegressionTest0" time="0"/>
  <testcase name="test0430" classname="RegressionTest0" time="0"/>
  <testcase name="test0431" classname="RegressionTest0" time="0"/>
  <testcase name="test0432" classname="RegressionTest0" time="0"/>
  <testcase name="test0433" classname="RegressionTest0" time="0"/>
  <testcase name="test0434" classname="RegressionTest0" time="0"/>
  <testcase name="test0435" classname="RegressionTest0" time="0"/>
  <testcase name="test0436" classname="RegressionTest0" time="0"/>
  <testcase name="test0437" classname="RegressionTest0" time="0"/>
  <testcase name="test0438" classname="RegressionTest0" time="0"/>
  <testcase name="test0439" classname="RegressionTest0" time="0"/>
  <testcase name="test0440" classname="RegressionTest0" time="0"/>
  <testcase name="test0441" classname="RegressionTest0" time="0"/>
  <testcase name="test0442" classname="RegressionTest0" time="0"/>
  <testcase name="test0443" classname="RegressionTest0" time="0"/>
  <testcase name="test0444" classname="RegressionTest0" time="0"/>
  <testcase name="test0445" classname="RegressionTest0" time="0"/>
  <testcase name="test0446" classname="RegressionTest0" time="0"/>
  <testcase name="test0447" classname="RegressionTest0" time="0"/>
  <testcase name="test0448" classname="RegressionTest0" time="0"/>
  <testcase name="test0449" classname="RegressionTest0" time="0"/>
  <testcase name="test0450" classname="RegressionTest0" time="0"/>
  <testcase name="test0451" classname="RegressionTest0" time="0"/>
  <testcase name="test0452" classname="RegressionTest0" time="0"/>
  <testcase name="test0453" classname="RegressionTest0" time="0"/>
  <testcase name="test0454" classname="RegressionTest0" time="0"/>
  <testcase name="test0455" classname="RegressionTest0" time="0"/>
  <testcase name="test0456" classname="RegressionTest0" time="0"/>
  <testcase name="test0457" classname="RegressionTest0" time="0"/>
  <testcase name="test0458" classname="RegressionTest0" time="0"/>
  <testcase name="test0459" classname="RegressionTest0" time="0"/>
  <testcase name="test0460" classname="RegressionTest0" time="0"/>
  <testcase name="test0461" classname="RegressionTest0" time="0"/>
  <testcase name="test0462" classname="RegressionTest0" time="0"/>
  <testcase name="test0463" classname="RegressionTest0" time="0"/>
  <testcase name="test0464" classname="RegressionTest0" time="0"/>
  <testcase name="test0465" classname="RegressionTest0" time="0"/>
  <testcase name="test0466" classname="RegressionTest0" time="0"/>
  <testcase name="test0467" classname="RegressionTest0" time="0"/>
  <testcase name="test0468" classname="RegressionTest0" time="0"/>
  <testcase name="test0469" classname="RegressionTest0" time="0.001"/>
  <testcase name="test0470" classname="RegressionTest0" time="0"/>
  <testcase name="test0471" classname="RegressionTest0" time="0"/>
  <testcase name="test0472" classname="RegressionTest0" time="0"/>
  <testcase name="test0473" classname="RegressionTest0" time="0"/>
  <testcase name="test0474" classname="RegressionTest0" time="0"/>
  <testcase name="test0475" classname="RegressionTest0" time="0"/>
  <testcase name="test0476" classname="RegressionTest0" time="0"/>
  <testcase name="test0477" classname="RegressionTest0" time="0"/>
  <testcase name="test0478" classname="RegressionTest0" time="0"/>
  <testcase name="test0479" classname="RegressionTest0" time="0"/>
  <testcase name="test0480" classname="RegressionTest0" time="0"/>
  <testcase name="test0481" classname="RegressionTest0" time="0"/>
  <testcase name="test0482" classname="RegressionTest0" time="0"/>
  <testcase name="test0483" classname="RegressionTest0" time="0"/>
  <testcase name="test0484" classname="RegressionTest0" time="0"/>
  <testcase name="test0485" classname="RegressionTest0" time="0"/>
  <testcase name="test0486" classname="RegressionTest0" time="0"/>
  <testcase name="test0487" classname="RegressionTest0" time="0"/>
  <testcase name="test0488" classname="RegressionTest0" time="0"/>
  <testcase name="test0489" classname="RegressionTest0" time="0"/>
  <testcase name="test0490" classname="RegressionTest0" time="0"/>
  <testcase name="test0491" classname="RegressionTest0" time="0"/>
  <testcase name="test0492" classname="RegressionTest0" time="0"/>
  <testcase name="test0493" classname="RegressionTest0" time="0"/>
  <testcase name="test0494" classname="RegressionTest0" time="0"/>
  <testcase name="test0495" classname="RegressionTest0" time="0"/>
  <testcase name="test0496" classname="RegressionTest0" time="0"/>
  <testcase name="test0497" classname="RegressionTest0" time="0"/>
  <testcase name="test0498" classname="RegressionTest0" time="0"/>
  <testcase name="test0499" classname="RegressionTest0" time="0"/>
  <testcase name="test0500" classname="RegressionTest0" time="0"/>
  <testcase name="test0501" classname="RegressionTest1" time="0"/>
  <testcase name="test0502" classname="RegressionTest1" time="0"/>
  <testcase name="test0503" classname="RegressionTest1" time="0"/>
  <testcase name="test0504" classname="RegressionTest1" time="0"/>
  <testcase name="test0505" classname="RegressionTest1" time="0"/>
  <testcase name="test0506" classname="RegressionTest1" time="0"/>
  <testcase name="test0507" classname="RegressionTest1" time="0"/>
  <testcase name="test0508" classname="RegressionTest1" time="0"/>
  <testcase name="test0509" classname="RegressionTest1" time="0"/>
  <testcase name="test0510" classname="RegressionTest1" time="0"/>
  <testcase name="test0511" classname="RegressionTest1" time="0"/>
  <testcase name="test0512" classname="RegressionTest1" time="0"/>
  <testcase name="test0513" classname="RegressionTest1" time="0"/>
  <testcase name="test0514" classname="RegressionTest1" time="0"/>
  <testcase name="test0515" classname="RegressionTest1" time="0"/>
  <testcase name="test0516" classname="RegressionTest1" time="0"/>
  <testcase name="test0517" classname="RegressionTest1" time="0.002"/>
  <testcase name="test0518" classname="RegressionTest1" time="0"/>
  <testcase name="test0519" classname="RegressionTest1" time="0"/>
  <testcase name="test0520" classname="RegressionTest1" time="0"/>
  <testcase name="test0521" classname="RegressionTest1" time="0"/>
  <testcase name="test0522" classname="RegressionTest1" time="0"/>
  <testcase name="test0523" classname="RegressionTest1" time="0"/>
  <testcase name="test0524" classname="RegressionTest1" time="0"/>
  <testcase name="test0525" classname="RegressionTest1" time="0"/>
  <testcase name="test0526" classname="RegressionTest1" time="0"/>
  <testcase name="test0527" classname="RegressionTest1" time="0"/>
  <testcase name="test0528" classname="RegressionTest1" time="0"/>
  <testcase name="test0529" classname="RegressionTest1" time="0"/>
  <testcase name="test0530" classname="RegressionTest1" time="0"/>
  <testcase name="test0531" classname="RegressionTest1" time="0"/>
  <testcase name="test0532" classname="RegressionTest1" time="0"/>
  <testcase name="test0533" classname="RegressionTest1" time="0"/>
  <testcase name="test0534" classname="RegressionTest1" time="0"/>
  <testcase name="test0535" classname="RegressionTest1" time="0"/>
  <testcase name="test0536" classname="RegressionTest1" time="0"/>
  <testcase name="test0537" classname="RegressionTest1" time="0"/>
  <testcase name="test0538" classname="RegressionTest1" time="0"/>
  <testcase name="test0539" classname="RegressionTest1" time="0"/>
  <testcase name="test0540" classname="RegressionTest1" time="0"/>
  <testcase name="test0541" classname="RegressionTest1" time="0"/>
  <testcase name="test0542" classname="RegressionTest1" time="0"/>
  <testcase name="test0543" classname="RegressionTest1" time="0"/>
  <testcase name="test0544" classname="RegressionTest1" time="0"/>
  <testcase name="test0545" classname="RegressionTest1" time="0"/>
  <testcase name="test0546" classname="RegressionTest1" time="0"/>
  <testcase name="test0547" classname="RegressionTest1" time="0"/>
  <testcase name="test0548" classname="RegressionTest1" time="0"/>
  <testcase name="test0549" classname="RegressionTest1" time="0"/>
  <testcase name="test0550" classname="RegressionTest1" time="0"/>
  <testcase name="test0551" classname="RegressionTest1" time="0"/>
  <testcase name="test0552" classname="RegressionTest1" time="0"/>
  <testcase name="test0553" classname="RegressionTest1" time="0"/>
  <testcase name="test0554" classname="RegressionTest1" time="0.001"/>
  <testcase name="test0555" classname="RegressionTest1" time="0"/>
  <testcase name="test0556" classname="RegressionTest1" time="0"/>
  <testcase name="test0557" classname="RegressionTest1" time="0"/>
  <testcase name="test0558" classname="RegressionTest1" time="0"/>
  <testcase name="test0559" classname="RegressionTest1" time="0"/>
  <testcase name="test0560" classname="RegressionTest1" time="0"/>
  <testcase name="test0561" classname="RegressionTest1" time="0"/>
  <testcase name="test0562" classname="RegressionTest1" time="0"/>
  <testcase name="test0563" classname="RegressionTest1" time="0"/>
  <testcase name="test0564" classname="RegressionTest1" time="0"/>
  <testcase name="test0565" classname="RegressionTest1" time="0"/>
  <testcase name="test0566" classname="RegressionTest1" time="0"/>
  <testcase name="test0567" classname="RegressionTest1" time="0"/>
  <testcase name="test0568" classname="RegressionTest1" time="0"/>
  <testcase name="test0569" classname="RegressionTest1" time="0"/>
  <testcase name="test0570" classname="RegressionTest1" time="0"/>
  <testcase name="test0571" classname="RegressionTest1" time="0"/>
  <testcase name="test0572" classname="RegressionTest1" time="0"/>
  <testcase name="test0573" classname="RegressionTest1" time="0"/>
  <testcase name="test0574" classname="RegressionTest1" time="0"/>
  <testcase name="test0575" classname="RegressionTest1" time="0"/>
  <testcase name="test0576" classname="RegressionTest1" time="0"/>
  <testcase name="test0577" classname="RegressionTest1" time="0"/>
  <testcase name="test0578" classname="RegressionTest1" time="0"/>
  <testcase name="test0579" classname="RegressionTest1" time="0"/>
  <testcase name="test0580" classname="RegressionTest1" time="0"/>
  <testcase name="test0581" classname="RegressionTest1" time="0"/>
  <testcase name="test0582" classname="RegressionTest1" time="0"/>
  <testcase name="test0583" classname="RegressionTest1" time="0"/>
  <testcase name="test0584" classname="RegressionTest1" time="0"/>
  <testcase name="test0585" classname="RegressionTest1" time="0"/>
  <testcase name="test0586" classname="RegressionTest1" time="0"/>
  <testcase name="test0587" classname="RegressionTest1" time="0"/>
  <testcase name="test0588" classname="RegressionTest1" time="0"/>
  <testcase name="test0589" classname="RegressionTest1" time="0"/>
  <testcase name="test0590" classname="RegressionTest1" time="0"/>
  <testcase name="test0591" classname="RegressionTest1" time="0"/>
  <testcase name="test0592" classname="RegressionTest1" time="0"/>
  <testcase name="test0593" classname="RegressionTest1" time="0"/>
  <testcase name="test0594" classname="RegressionTest1" time="0"/>
  <testcase name="test0595" classname="RegressionTest1" time="0"/>
  <testcase name="test0596" classname="RegressionTest1" time="0"/>
  <testcase name="test0597" classname="RegressionTest1" time="0"/>
  <testcase name="test0598" classname="RegressionTest1" time="0"/>
  <testcase name="test0599" classname="RegressionTest1" time="0"/>
  <testcase name="test0600" classname="RegressionTest1" time="0"/>
  <testcase name="test0601" classname="RegressionTest1" time="0"/>
  <testcase name="test0602" classname="RegressionTest1" time="0"/>
  <testcase name="test0603" classname="RegressionTest1" time="0"/>
  <testcase name="test0604" classname="RegressionTest1" time="0"/>
  <testcase name="test0605" classname="RegressionTest1" time="0"/>
  <testcase name="test0606" classname="RegressionTest1" time="0"/>
  <testcase name="test0607" classname="RegressionTest1" time="0"/>
  <testcase name="test0608" classname="RegressionTest1" time="0"/>
  <testcase name="test0609" classname="RegressionTest1" time="0"/>
  <testcase name="test0610" classname="RegressionTest1" time="0"/>
  <testcase name="test0611" classname="RegressionTest1" time="0"/>
  <testcase name="test0612" classname="RegressionTest1" time="0"/>
  <testcase name="test0613" classname="RegressionTest1" time="0"/>
  <testcase name="test0614" classname="RegressionTest1" time="0"/>
  <testcase name="test0615" classname="RegressionTest1" time="0"/>
  <testcase name="test0616" classname="RegressionTest1" time="0"/>
  <testcase name="test0617" classname="RegressionTest1" time="0"/>
  <testcase name="test0618" classname="RegressionTest1" time="0"/>
  <testcase name="test0619" classname="RegressionTest1" time="0"/>
  <testcase name="test0620" classname="RegressionTest1" time="0"/>
  <testcase name="test0621" classname="RegressionTest1" time="0"/>
  <testcase name="test0622" classname="RegressionTest1" time="0"/>
  <testcase name="test0623" classname="RegressionTest1" time="0"/>
  <testcase name="test0624" classname="RegressionTest1" time="0"/>
  <testcase name="test0625" classname="RegressionTest1" time="0"/>
  <testcase name="test0626" classname="RegressionTest1" time="0"/>
  <testcase name="test0627" classname="RegressionTest1" time="0"/>
  <testcase name="test0628" classname="RegressionTest1" time="0"/>
  <testcase name="test0629" classname="RegressionTest1" time="0"/>
  <testcase name="test0630" classname="RegressionTest1" time="0"/>
  <testcase name="test0631" classname="RegressionTest1" time="0"/>
  <testcase name="test0632" classname="RegressionTest1" time="0"/>
  <testcase name="test0633" classname="RegressionTest1" time="0"/>
  <testcase name="test0634" classname="RegressionTest1" time="0"/>
  <testcase name="test0635" classname="RegressionTest1" time="0"/>
  <testcase name="test0636" classname="RegressionTest1" time="0"/>
  <testcase name="test0637" classname="RegressionTest1" time="0"/>
  <testcase name="test0638" classname="RegressionTest1" time="0"/>
  <testcase name="test0639" classname="RegressionTest1" time="0"/>
  <testcase name="test0640" classname="RegressionTest1" time="0"/>
  <testcase name="test0641" classname="RegressionTest1" time="0"/>
  <testcase name="test0642" classname="RegressionTest1" time="0"/>
  <testcase name="test0643" classname="RegressionTest1" time="0"/>
  <testcase name="test0644" classname="RegressionTest1" time="0"/>
  <testcase name="test0645" classname="RegressionTest1" time="0"/>
  <testcase name="test0646" classname="RegressionTest1" time="0"/>
  <testcase name="test0647" classname="RegressionTest1" time="0"/>
  <testcase name="test0648" classname="RegressionTest1" time="0"/>
  <testcase name="test0649" classname="RegressionTest1" time="0"/>
  <testcase name="test0650" classname="RegressionTest1" time="0"/>
  <testcase name="test0651" classname="RegressionTest1" time="0"/>
  <testcase name="test0652" classname="RegressionTest1" time="0"/>
  <testcase name="test0653" classname="RegressionTest1" time="0"/>
  <testcase name="test0654" classname="RegressionTest1" time="0"/>
  <testcase name="test0655" classname="RegressionTest1" time="0"/>
  <testcase name="test0656" classname="RegressionTest1" time="0"/>
  <testcase name="test0657" classname="RegressionTest1" time="0"/>
  <testcase name="test0658" classname="RegressionTest1" time="0"/>
  <testcase name="test0659" classname="RegressionTest1" time="0"/>
  <testcase name="test0660" classname="RegressionTest1" time="0"/>
  <testcase name="test0661" classname="RegressionTest1" time="0"/>
  <testcase name="test0662" classname="RegressionTest1" time="0"/>
  <testcase name="test0663" classname="RegressionTest1" time="0"/>
  <testcase name="test0664" classname="RegressionTest1" time="0"/>
  <testcase name="test0665" classname="RegressionTest1" time="0"/>
  <testcase name="test0666" classname="RegressionTest1" time="0"/>
  <testcase name="test0667" classname="RegressionTest1" time="0"/>
  <testcase name="test0668" classname="RegressionTest1" time="0"/>
  <testcase name="test0669" classname="RegressionTest1" time="0"/>
  <testcase name="test0670" classname="RegressionTest1" time="0"/>
  <testcase name="test0671" classname="RegressionTest1" time="0"/>
  <testcase name="test0672" classname="RegressionTest1" time="0"/>
  <testcase name="test0673" classname="RegressionTest1" time="0"/>
  <testcase name="test0674" classname="RegressionTest1" time="0"/>
  <testcase name="test0675" classname="RegressionTest1" time="0"/>
  <testcase name="test0676" classname="RegressionTest1" time="0"/>
  <testcase name="test0677" classname="RegressionTest1" time="0"/>
  <testcase name="test0678" classname="RegressionTest1" time="0"/>
  <testcase name="test0679" classname="RegressionTest1" time="0"/>
  <testcase name="test0680" classname="RegressionTest1" time="0"/>
  <testcase name="test0681" classname="RegressionTest1" time="0"/>
  <testcase name="test0682" classname="RegressionTest1" time="0"/>
  <testcase name="test0683" classname="RegressionTest1" time="0"/>
  <testcase name="test0684" classname="RegressionTest1" time="0"/>
  <testcase name="test0685" classname="RegressionTest1" time="0"/>
  <testcase name="test0686" classname="RegressionTest1" time="0"/>
  <testcase name="test0687" classname="RegressionTest1" time="0"/>
  <testcase name="test0688" classname="RegressionTest1" time="0"/>
  <testcase name="test0689" classname="RegressionTest1" time="0"/>
  <testcase name="test0690" classname="RegressionTest1" time="0"/>
  <testcase name="test0691" classname="RegressionTest1" time="0"/>
  <testcase name="test0692" classname="RegressionTest1" time="0"/>
  <testcase name="test0693" classname="RegressionTest1" time="0"/>
  <testcase name="test0694" classname="RegressionTest1" time="0.001"/>
  <testcase name="test0695" classname="RegressionTest1" time="0"/>
  <testcase name="test0696" classname="RegressionTest1" time="0"/>
  <testcase name="test0697" classname="RegressionTest1" time="0"/>
  <testcase name="test0698" classname="RegressionTest1" time="0"/>
  <testcase name="test0699" classname="RegressionTest1" time="0"/>
  <testcase name="test0700" classname="RegressionTest1" time="0"/>
  <testcase name="test0701" classname="RegressionTest1" time="0"/>
  <testcase name="test0702" classname="RegressionTest1" time="0"/>
  <testcase name="test0703" classname="RegressionTest1" time="0"/>
  <testcase name="test0704" classname="RegressionTest1" time="0"/>
  <testcase name="test0705" classname="RegressionTest1" time="0"/>
  <testcase name="test0706" classname="RegressionTest1" time="0"/>
  <testcase name="test0707" classname="RegressionTest1" time="0"/>
  <testcase name="test0708" classname="RegressionTest1" time="0"/>
  <testcase name="test0709" classname="RegressionTest1" time="0"/>
  <testcase name="test0710" classname="RegressionTest1" time="0"/>
  <testcase name="test0711" classname="RegressionTest1" time="0"/>
  <testcase name="test0712" classname="RegressionTest1" time="0"/>
  <testcase name="test0713" classname="RegressionTest1" time="0"/>
  <testcase name="test0714" classname="RegressionTest1" time="0"/>
  <testcase name="test0715" classname="RegressionTest1" time="0"/>
  <testcase name="test0716" classname="RegressionTest1" time="0"/>
  <testcase name="test0717" classname="RegressionTest1" time="0"/>
  <testcase name="test0718" classname="RegressionTest1" time="0"/>
  <testcase name="test0719" classname="RegressionTest1" time="0"/>
  <testcase name="test0720" classname="RegressionTest1" time="0"/>
  <testcase name="test0721" classname="RegressionTest1" time="0"/>
  <testcase name="test0722" classname="RegressionTest1" time="0"/>
  <testcase name="test0723" classname="RegressionTest1" time="0"/>
  <testcase name="test0724" classname="RegressionTest1" time="0"/>
  <testcase name="test0725" classname="RegressionTest1" time="0"/>
  <testcase name="test0726" classname="RegressionTest1" time="0"/>
  <testcase name="test0727" classname="RegressionTest1" time="0"/>
  <testcase name="test0728" classname="RegressionTest1" time="0"/>
  <testcase name="test0729" classname="RegressionTest1" time="0"/>
  <testcase name="test0730" classname="RegressionTest1" time="0"/>
  <testcase name="test0731" classname="RegressionTest1" time="0"/>
  <testcase name="test0732" classname="RegressionTest1" time="0"/>
  <testcase name="test0733" classname="RegressionTest1" time="0"/>
  <testcase name="test0734" classname="RegressionTest1" time="0"/>
  <testcase name="test0735" classname="RegressionTest1" time="0"/>
  <testcase name="test0736" classname="RegressionTest1" time="0"/>
  <testcase name="test0737" classname="RegressionTest1" time="0"/>
  <testcase name="test0738" classname="RegressionTest1" time="0"/>
  <testcase name="test0739" classname="RegressionTest1" time="0"/>
  <testcase name="test0740" classname="RegressionTest1" time="0"/>
  <testcase name="test0741" classname="RegressionTest1" time="0"/>
  <testcase name="test0742" classname="RegressionTest1" time="0"/>
  <testcase name="test0743" classname="RegressionTest1" time="0"/>
  <testcase name="test0744" classname="RegressionTest1" time="0"/>
  <testcase name="test0745" classname="RegressionTest1" time="0"/>
  <testcase name="test0746" classname="RegressionTest1" time="0"/>
  <testcase name="test0747" classname="RegressionTest1" time="0"/>
  <testcase name="test0748" classname="RegressionTest1" time="0"/>
  <testcase name="test0749" classname="RegressionTest1" time="0"/>
  <testcase name="test0750" classname="RegressionTest1" time="0"/>
  <testcase name="test0751" classname="RegressionTest1" time="0"/>
  <testcase name="test0752" classname="RegressionTest1" time="0"/>
  <testcase name="test0753" classname="RegressionTest1" time="0"/>
  <testcase name="test0754" classname="RegressionTest1" time="0"/>
  <testcase name="test0755" classname="RegressionTest1" time="0"/>
  <testcase name="test0756" classname="RegressionTest1" time="0"/>
  <testcase name="test0757" classname="RegressionTest1" time="0"/>
  <testcase name="test0758" classname="RegressionTest1" time="0"/>
  <testcase name="test0759" classname="RegressionTest1" time="0.001"/>
  <testcase name="test0760" classname="RegressionTest1" time="0"/>
  <testcase name="test0761" classname="RegressionTest1" time="0"/>
  <testcase name="test0762" classname="RegressionTest1" time="0"/>
  <testcase name="test0763" classname="RegressionTest1" time="0"/>
  <testcase name="test0764" classname="RegressionTest1" time="0"/>
  <testcase name="test0765" classname="RegressionTest1" time="0"/>
  <testcase name="test0766" classname="RegressionTest1" time="0"/>
  <testcase name="test0767" classname="RegressionTest1" time="0"/>
  <testcase name="test0768" classname="RegressionTest1" time="0"/>
  <testcase name="test0769" classname="RegressionTest1" time="0"/>
  <testcase name="test0770" classname="RegressionTest1" time="0"/>
  <testcase name="test0771" classname="RegressionTest1" time="0"/>
  <testcase name="test0772" classname="RegressionTest1" time="0"/>
  <testcase name="test0773" classname="RegressionTest1" time="0"/>
  <testcase name="test0774" classname="RegressionTest1" time="0"/>
  <testcase name="test0775" classname="RegressionTest1" time="0"/>
  <testcase name="test0776" classname="RegressionTest1" time="0"/>
  <testcase name="test0777" classname="RegressionTest1" time="0"/>
  <testcase name="test0778" classname="RegressionTest1" time="0"/>
  <testcase name="test0779" classname="RegressionTest1" time="0"/>
  <testcase name="test0780" classname="RegressionTest1" time="0"/>
  <testcase name="test0781" classname="RegressionTest1" time="0"/>
  <testcase name="test0782" classname="RegressionTest1" time="0"/>
  <testcase name="test0783" classname="RegressionTest1" time="0"/>
  <testcase name="test0784" classname="RegressionTest1" time="0"/>
  <testcase name="test0785" classname="RegressionTest1" time="0"/>
  <testcase name="test0786" classname="RegressionTest1" time="0"/>
  <testcase name="test0787" classname="RegressionTest1" time="0"/>
  <testcase name="test0788" classname="RegressionTest1" time="0"/>
  <testcase name="test0789" classname="RegressionTest1" time="0"/>
  <testcase name="test0790" classname="RegressionTest1" time="0"/>
  <testcase name="test0791" classname="RegressionTest1" time="0"/>
  <testcase name="test0792" classname="RegressionTest1" time="0"/>
  <testcase name="test0793" classname="RegressionTest1" time="0"/>
  <testcase name="test0794" classname="RegressionTest1" time="0"/>
  <testcase name="test0795" classname="RegressionTest1" time="0"/>
  <testcase name="test0796" classname="RegressionTest1" time="0"/>
  <testcase name="test0797" classname="RegressionTest1" time="0"/>
  <testcase name="test0798" classname="RegressionTest1" time="0"/>
  <testcase name="test0799" classname="RegressionTest1" time="0"/>
  <testcase name="test0800" classname="RegressionTest1" time="0"/>
  <testcase name="test0801" classname="RegressionTest1" time="0"/>
  <testcase name="test0802" classname="RegressionTest1" time="0.001"/>
  <testcase name="test0803" classname="RegressionTest1" time="0"/>
  <testcase name="test0804" classname="RegressionTest1" time="0"/>
  <testcase name="test0805" classname="RegressionTest1" time="0"/>
  <testcase name="test0806" classname="RegressionTest1" time="0"/>
  <testcase name="test0807" classname="RegressionTest1" time="0"/>
  <testcase name="test0808" classname="RegressionTest1" time="0"/>
  <testcase name="test0809" classname="RegressionTest1" time="0"/>
  <testcase name="test0810" classname="RegressionTest1" time="0"/>
  <testcase name="test0811" classname="RegressionTest1" time="0"/>
  <testcase name="test0812" classname="RegressionTest1" time="0"/>
  <testcase name="test0813" classname="RegressionTest1" time="0"/>
  <testcase name="test0814" classname="RegressionTest1" time="0"/>
  <testcase name="test0815" classname="RegressionTest1" time="0"/>
  <testcase name="test0816" classname="RegressionTest1" time="0"/>
  <testcase name="test0817" classname="RegressionTest1" time="0"/>
  <testcase name="test0818" classname="RegressionTest1" time="0"/>
  <testcase name="test0819" classname="RegressionTest1" time="0"/>
  <testcase name="test0820" classname="RegressionTest1" time="0"/>
  <testcase name="test0821" classname="RegressionTest1" time="0"/>
  <testcase name="test0822" classname="RegressionTest1" time="0"/>
  <testcase name="test0823" classname="RegressionTest1" time="0"/>
  <testcase name="test0824" classname="RegressionTest1" time="0.001"/>
  <testcase name="test0825" classname="RegressionTest1" time="0"/>
  <testcase name="test0826" classname="RegressionTest1" time="0"/>
  <testcase name="test0827" classname="RegressionTest1" time="0"/>
  <testcase name="test0828" classname="RegressionTest1" time="0"/>
  <testcase name="test0829" classname="RegressionTest1" time="0"/>
  <testcase name="test0830" classname="RegressionTest1" time="0"/>
  <testcase name="test0831" classname="RegressionTest1" time="0"/>
  <testcase name="test0832" classname="RegressionTest1" time="0"/>
  <testcase name="test0833" classname="RegressionTest1" time="0"/>
  <testcase name="test0834" classname="RegressionTest1" time="0"/>
  <testcase name="test0835" classname="RegressionTest1" time="0"/>
  <testcase name="test0836" classname="RegressionTest1" time="0.001"/>
  <testcase name="test0837" classname="RegressionTest1" time="0"/>
  <testcase name="test0838" classname="RegressionTest1" time="0"/>
  <testcase name="test0839" classname="RegressionTest1" time="0"/>
  <testcase name="test0840" classname="RegressionTest1" time="0"/>
  <testcase name="test0841" classname="RegressionTest1" time="0"/>
  <testcase name="test0842" classname="RegressionTest1" time="0"/>
  <testcase name="test0843" classname="RegressionTest1" time="0"/>
  <testcase name="test0844" classname="RegressionTest1" time="0"/>
  <testcase name="test0845" classname="RegressionTest1" time="0"/>
  <testcase name="test0846" classname="RegressionTest1" time="0"/>
  <testcase name="test0847" classname="RegressionTest1" time="0"/>
  <testcase name="test0848" classname="RegressionTest1" time="0"/>
  <testcase name="test0849" classname="RegressionTest1" time="0"/>
  <testcase name="test0850" classname="RegressionTest1" time="0"/>
  <testcase name="test0851" classname="RegressionTest1" time="0"/>
  <testcase name="test0852" classname="RegressionTest1" time="0.001"/>
  <testcase name="test0853" classname="RegressionTest1" time="0"/>
  <testcase name="test0854" classname="RegressionTest1" time="0"/>
  <testcase name="test0855" classname="RegressionTest1" time="0"/>
  <testcase name="test0856" classname="RegressionTest1" time="0"/>
  <testcase name="test0857" classname="RegressionTest1" time="0"/>
  <testcase name="test0858" classname="RegressionTest1" time="0"/>
  <testcase name="test0859" classname="RegressionTest1" time="0"/>
  <testcase name="test0860" classname="RegressionTest1" time="0"/>
  <testcase name="test0861" classname="RegressionTest1" time="0"/>
  <testcase name="test0862" classname="RegressionTest1" time="0"/>
  <testcase name="test0863" classname="RegressionTest1" time="0"/>
  <testcase name="test0864" classname="RegressionTest1" time="0"/>
  <testcase name="test0865" classname="RegressionTest1" time="0"/>
  <testcase name="test0866" classname="RegressionTest1" time="0"/>
  <testcase name="test0867" classname="RegressionTest1" time="0"/>
  <testcase name="test0868" classname="RegressionTest1" time="0"/>
  <testcase name="test0869" classname="RegressionTest1" time="0"/>
  <testcase name="test0870" classname="RegressionTest1" time="0"/>
  <testcase name="test0871" classname="RegressionTest1" time="0"/>
  <testcase name="test0872" classname="RegressionTest1" time="0"/>
  <testcase name="test0873" classname="RegressionTest1" time="0"/>
  <testcase name="test0874" classname="RegressionTest1" time="0"/>
  <testcase name="test0875" classname="RegressionTest1" time="0"/>
  <testcase name="test0876" classname="RegressionTest1" time="0"/>
  <testcase name="test0877" classname="RegressionTest1" time="0"/>
  <testcase name="test0878" classname="RegressionTest1" time="0"/>
  <testcase name="test0879" classname="RegressionTest1" time="0"/>
  <testcase name="test0880" classname="RegressionTest1" time="0"/>
  <testcase name="test0881" classname="RegressionTest1" time="0"/>
  <testcase name="test0882" classname="RegressionTest1" time="0"/>
  <testcase name="test0883" classname="RegressionTest1" time="0"/>
  <testcase name="test0884" classname="RegressionTest1" time="0"/>
  <testcase name="test0885" classname="RegressionTest1" time="0.001"/>
  <testcase name="test0886" classname="RegressionTest1" time="0"/>
  <testcase name="test0887" classname="RegressionTest1" time="0"/>
  <testcase name="test0888" classname="RegressionTest1" time="0"/>
  <testcase name="test0889" classname="RegressionTest1" time="0"/>
  <testcase name="test0890" classname="RegressionTest1" time="0"/>
  <testcase name="test0891" classname="RegressionTest1" time="0"/>
  <testcase name="test0892" classname="RegressionTest1" time="0"/>
  <testcase name="test0893" classname="RegressionTest1" time="0"/>
  <testcase name="test0894" classname="RegressionTest1" time="0"/>
  <testcase name="test0895" classname="RegressionTest1" time="0"/>
  <testcase name="test0896" classname="RegressionTest1" time="0"/>
  <testcase name="test0897" classname="RegressionTest1" time="0"/>
  <testcase name="test0898" classname="RegressionTest1" time="0"/>
  <testcase name="test0899" classname="RegressionTest1" time="0"/>
  <testcase name="test0900" classname="RegressionTest1" time="0"/>
  <testcase name="test0901" classname="RegressionTest1" time="0"/>
  <testcase name="test0902" classname="RegressionTest1" time="0"/>
  <testcase name="test0903" classname="RegressionTest1" time="0"/>
  <testcase name="test0904" classname="RegressionTest1" time="0"/>
  <testcase name="test0905" classname="RegressionTest1" time="0"/>
  <testcase name="test0906" classname="RegressionTest1" time="0"/>
  <testcase name="test0907" classname="RegressionTest1" time="0"/>
  <testcase name="test0908" classname="RegressionTest1" time="0"/>
  <testcase name="test0909" classname="RegressionTest1" time="0"/>
  <testcase name="test0910" classname="RegressionTest1" time="0"/>
  <testcase name="test0911" classname="RegressionTest1" time="0"/>
  <testcase name="test0912" classname="RegressionTest1" time="0"/>
  <testcase name="test0913" classname="RegressionTest1" time="0"/>
  <testcase name="test0914" classname="RegressionTest1" time="0"/>
  <testcase name="test0915" classname="RegressionTest1" time="0"/>
  <testcase name="test0916" classname="RegressionTest1" time="0"/>
  <testcase name="test0917" classname="RegressionTest1" time="0"/>
  <testcase name="test0918" classname="RegressionTest1" time="0"/>
  <testcase name="test0919" classname="RegressionTest1" time="0.001"/>
  <testcase name="test0920" classname="RegressionTest1" time="0"/>
  <testcase name="test0921" classname="RegressionTest1" time="0"/>
  <testcase name="test0922" classname="RegressionTest1" time="0"/>
  <testcase name="test0923" classname="RegressionTest1" time="0"/>
  <testcase name="test0924" classname="RegressionTest1" time="0"/>
  <testcase name="test0925" classname="RegressionTest1" time="0"/>
  <testcase name="test0926" classname="RegressionTest1" time="0"/>
  <testcase name="test0927" classname="RegressionTest1" time="0"/>
  <testcase name="test0928" classname="RegressionTest1" time="0"/>
  <testcase name="test0929" classname="RegressionTest1" time="0"/>
  <testcase name="test0930" classname="RegressionTest1" time="0"/>
  <testcase name="test0931" classname="RegressionTest1" time="0"/>
  <testcase name="test0932" classname="RegressionTest1" time="0.001"/>
  <testcase name="test0933" classname="RegressionTest1" time="0"/>
  <testcase name="test0934" classname="RegressionTest1" time="0"/>
  <testcase name="test0935" classname="RegressionTest1" time="0"/>
  <testcase name="test0936" classname="RegressionTest1" time="0"/>
  <testcase name="test0937" classname="RegressionTest1" time="0"/>
  <testcase name="test0938" classname="RegressionTest1" time="0"/>
  <testcase name="test0939" classname="RegressionTest1" time="0"/>
  <testcase name="test0940" classname="RegressionTest1" time="0"/>
  <testcase name="test0941" classname="RegressionTest1" time="0"/>
  <testcase name="test0942" classname="RegressionTest1" time="0"/>
  <testcase name="test0943" classname="RegressionTest1" time="0"/>
  <testcase name="test0944" classname="RegressionTest1" time="0"/>
  <testcase name="test0945" classname="RegressionTest1" time="0"/>
  <testcase name="test0946" classname="RegressionTest1" time="0.001"/>
  <testcase name="test0947" classname="RegressionTest1" time="0"/>
  <testcase name="test0948" classname="RegressionTest1" time="0"/>
  <testcase name="test0949" classname="RegressionTest1" time="0"/>
  <testcase name="test0950" classname="RegressionTest1" time="0"/>
  <testcase name="test0951" classname="RegressionTest1" time="0"/>
  <testcase name="test0952" classname="RegressionTest1" time="0"/>
  <testcase name="test0953" classname="RegressionTest1" time="0"/>
  <testcase name="test0954" classname="RegressionTest1" time="0"/>
  <testcase name="test0955" classname="RegressionTest1" time="0"/>
  <testcase name="test0956" classname="RegressionTest1" time="0"/>
  <testcase name="test0957" classname="RegressionTest1" time="0"/>
  <testcase name="test0958" classname="RegressionTest1" time="0"/>
  <testcase name="test0959" classname="RegressionTest1" time="0"/>
  <testcase name="test0960" classname="RegressionTest1" time="0"/>
  <testcase name="test0961" classname="RegressionTest1" time="0"/>
  <testcase name="test0962" classname="RegressionTest1" time="0"/>
  <testcase name="test0963" classname="RegressionTest1" time="0"/>
  <testcase name="test0964" classname="RegressionTest1" time="0"/>
  <testcase name="test0965" classname="RegressionTest1" time="0"/>
  <testcase name="test0966" classname="RegressionTest1" time="0"/>
  <testcase name="test0967" classname="RegressionTest1" time="0"/>
  <testcase name="test0968" classname="RegressionTest1" time="0"/>
  <testcase name="test0969" classname="RegressionTest1" time="0"/>
  <testcase name="test0970" classname="RegressionTest1" time="0"/>
  <testcase name="test0971" classname="RegressionTest1" time="0"/>
  <testcase name="test0972" classname="RegressionTest1" time="0"/>
  <testcase name="test0973" classname="RegressionTest1" time="0"/>
  <testcase name="test0974" classname="RegressionTest1" time="0"/>
  <testcase name="test0975" classname="RegressionTest1" time="0"/>
  <testcase name="test0976" classname="RegressionTest1" time="0"/>
  <testcase name="test0977" classname="RegressionTest1" time="0"/>
  <testcase name="test0978" classname="RegressionTest1" time="0"/>
  <testcase name="test0979" classname="RegressionTest1" time="0"/>
  <testcase name="test0980" classname="RegressionTest1" time="0"/>
  <testcase name="test0981" classname="RegressionTest1" time="0"/>
  <testcase name="test0982" classname="RegressionTest1" time="0"/>
  <testcase name="test0983" classname="RegressionTest1" time="0"/>
  <testcase name="test0984" classname="RegressionTest1" time="0"/>
  <testcase name="test0985" classname="RegressionTest1" time="0"/>
  <testcase name="test0986" classname="RegressionTest1" time="0"/>
  <testcase name="test0987" classname="RegressionTest1" time="0"/>
  <testcase name="test0988" classname="RegressionTest1" time="0"/>
  <testcase name="test0989" classname="RegressionTest1" time="0"/>
  <testcase name="test0990" classname="RegressionTest1" time="0"/>
  <testcase name="test0991" classname="RegressionTest1" time="0"/>
  <testcase name="test0992" classname="RegressionTest1" time="0"/>
  <testcase name="test0993" classname="RegressionTest1" time="0"/>
  <testcase name="test0994" classname="RegressionTest1" time="0"/>
  <testcase name="test0995" classname="RegressionTest1" time="0"/>
  <testcase name="test0996" classname="RegressionTest1" time="0"/>
  <testcase name="test0997" classname="RegressionTest1" time="0"/>
  <testcase name="test0998" classname="RegressionTest1" time="0"/>
  <testcase name="test0999" classname="RegressionTest1" time="0"/>
  <testcase name="test1000" classname="RegressionTest1" time="0"/>
  <testcase name="test1001" classname="RegressionTest2" time="0"/>
  <testcase name="test1002" classname="RegressionTest2" time="0"/>
  <testcase name="test1003" classname="RegressionTest2" time="0"/>
  <testcase name="test1004" classname="RegressionTest2" time="0"/>
  <testcase name="test1005" classname="RegressionTest2" time="0"/>
  <testcase name="test1006" classname="RegressionTest2" time="0"/>
  <testcase name="test1007" classname="RegressionTest2" time="0"/>
  <testcase name="test1008" classname="RegressionTest2" time="0"/>
  <testcase name="test1009" classname="RegressionTest2" time="0"/>
  <testcase name="test1010" classname="RegressionTest2" time="0"/>
  <testcase name="test1011" classname="RegressionTest2" time="0"/>
  <testcase name="test1012" classname="RegressionTest2" time="0"/>
  <testcase name="test1013" classname="RegressionTest2" time="0"/>
  <testcase name="test1014" classname="RegressionTest2" time="0"/>
  <testcase name="test1015" classname="RegressionTest2" time="0"/>
  <testcase name="test1016" classname="RegressionTest2" time="0"/>
  <testcase name="test1017" classname="RegressionTest2" time="0"/>
  <testcase name="test1018" classname="RegressionTest2" time="0"/>
  <testcase name="test1019" classname="RegressionTest2" time="0"/>
  <testcase name="test1020" classname="RegressionTest2" time="0"/>
  <testcase name="test1021" classname="RegressionTest2" time="0"/>
  <testcase name="test1022" classname="RegressionTest2" time="0"/>
  <testcase name="test1023" classname="RegressionTest2" time="0"/>
  <testcase name="test1024" classname="RegressionTest2" time="0"/>
  <testcase name="test1025" classname="RegressionTest2" time="0"/>
  <testcase name="test1026" classname="RegressionTest2" time="0"/>
  <testcase name="test1027" classname="RegressionTest2" time="0"/>
  <testcase name="test1028" classname="RegressionTest2" time="0"/>
  <testcase name="test1029" classname="RegressionTest2" time="0"/>
  <testcase name="test1030" classname="RegressionTest2" time="0"/>
  <testcase name="test1031" classname="RegressionTest2" time="0"/>
  <testcase name="test1032" classname="RegressionTest2" time="0"/>
  <testcase name="test1033" classname="RegressionTest2" time="0"/>
  <testcase name="test1034" classname="RegressionTest2" time="0"/>
  <testcase name="test1035" classname="RegressionTest2" time="0"/>
  <testcase name="test1036" classname="RegressionTest2" time="0"/>
  <testcase name="test1037" classname="RegressionTest2" time="0"/>
  <testcase name="test1038" classname="RegressionTest2" time="0"/>
  <testcase name="test1039" classname="RegressionTest2" time="0"/>
  <testcase name="test1040" classname="RegressionTest2" time="0"/>
  <testcase name="test1041" classname="RegressionTest2" time="0"/>
  <testcase name="test1042" classname="RegressionTest2" time="0"/>
  <testcase name="test1043" classname="RegressionTest2" time="0"/>
  <testcase name="test1044" classname="RegressionTest2" time="0"/>
  <testcase name="test1045" classname="RegressionTest2" time="0"/>
  <testcase name="test1046" classname="RegressionTest2" time="0"/>
  <testcase name="test1047" classname="RegressionTest2" time="0"/>
  <testcase name="test1048" classname="RegressionTest2" time="0"/>
  <testcase name="test1049" classname="RegressionTest2" time="0"/>
  <testcase name="test1050" classname="RegressionTest2" time="0"/>
  <testcase name="test1051" classname="RegressionTest2" time="0"/>
  <testcase name="test1052" classname="RegressionTest2" time="0"/>
  <testcase name="test1053" classname="RegressionTest2" time="0.001"/>
  <testcase name="test1054" classname="RegressionTest2" time="0"/>
  <testcase name="test1055" classname="RegressionTest2" time="0"/>
  <testcase name="test1056" classname="RegressionTest2" time="0"/>
  <testcase name="test1057" classname="RegressionTest2" time="0"/>
  <testcase name="test1058" classname="RegressionTest2" time="0"/>
  <testcase name="test1059" classname="RegressionTest2" time="0"/>
  <testcase name="test1060" classname="RegressionTest2" time="0"/>
  <testcase name="test1061" classname="RegressionTest2" time="0"/>
  <testcase name="test1062" classname="RegressionTest2" time="0"/>
  <testcase name="test1063" classname="RegressionTest2" time="0"/>
  <testcase name="test1064" classname="RegressionTest2" time="0"/>
  <testcase name="test1065" classname="RegressionTest2" time="0"/>
  <testcase name="test1066" classname="RegressionTest2" time="0"/>
  <testcase name="test1067" classname="RegressionTest2" time="0"/>
  <testcase name="test1068" classname="RegressionTest2" time="0"/>
  <testcase name="test1069" classname="RegressionTest2" time="0"/>
  <testcase name="test1070" classname="RegressionTest2" time="0"/>
  <testcase name="test1071" classname="RegressionTest2" time="0"/>
  <testcase name="test1072" classname="RegressionTest2" time="0"/>
  <testcase name="test1073" classname="RegressionTest2" time="0"/>
  <testcase name="test1074" classname="RegressionTest2" time="0"/>
  <testcase name="test1075" classname="RegressionTest2" time="0"/>
  <testcase name="test1076" classname="RegressionTest2" time="0"/>
  <testcase name="test1077" classname="RegressionTest2" time="0"/>
  <testcase name="test1078" classname="RegressionTest2" time="0"/>
  <testcase name="test1079" classname="RegressionTest2" time="0"/>
  <testcase name="test1080" classname="RegressionTest2" time="0"/>
  <testcase name="test1081" classname="RegressionTest2" time="0"/>
  <testcase name="test1082" classname="RegressionTest2" time="0"/>
  <testcase name="test1083" classname="RegressionTest2" time="0"/>
  <testcase name="test1084" classname="RegressionTest2" time="0"/>
  <testcase name="test1085" classname="RegressionTest2" time="0"/>
  <testcase name="test1086" classname="RegressionTest2" time="0"/>
  <testcase name="test1087" classname="RegressionTest2" time="0"/>
  <testcase name="test1088" classname="RegressionTest2" time="0"/>
  <testcase name="test1089" classname="RegressionTest2" time="0"/>
  <testcase name="test1090" classname="RegressionTest2" time="0"/>
  <testcase name="test1091" classname="RegressionTest2" time="0"/>
  <testcase name="test1092" classname="RegressionTest2" time="0"/>
  <testcase name="test1093" classname="RegressionTest2" time="0"/>
  <testcase name="test1094" classname="RegressionTest2" time="0"/>
  <testcase name="test1095" classname="RegressionTest2" time="0"/>
  <testcase name="test1096" classname="RegressionTest2" time="0"/>
  <testcase name="test1097" classname="RegressionTest2" time="0"/>
  <testcase name="test1098" classname="RegressionTest2" time="0"/>
  <testcase name="test1099" classname="RegressionTest2" time="0"/>
  <testcase name="test1100" classname="RegressionTest2" time="0"/>
  <testcase name="test1101" classname="RegressionTest2" time="0"/>
  <testcase name="test1102" classname="RegressionTest2" time="0"/>
  <testcase name="test1103" classname="RegressionTest2" time="0"/>
  <testcase name="test1104" classname="RegressionTest2" time="0"/>
  <testcase name="test1105" classname="RegressionTest2" time="0"/>
  <testcase name="test1106" classname="RegressionTest2" time="0"/>
  <testcase name="test1107" classname="RegressionTest2" time="0"/>
  <testcase name="test1108" classname="RegressionTest2" time="0"/>
  <testcase name="test1109" classname="RegressionTest2" time="0"/>
  <testcase name="test1110" classname="RegressionTest2" time="0"/>
  <testcase name="test1111" classname="RegressionTest2" time="0"/>
  <testcase name="test1112" classname="RegressionTest2" time="0"/>
  <testcase name="test1113" classname="RegressionTest2" time="0"/>
  <testcase name="test1114" classname="RegressionTest2" time="0"/>
  <testcase name="test1115" classname="RegressionTest2" time="0.001"/>
  <testcase name="test1116" classname="RegressionTest2" time="0"/>
  <testcase name="test1117" classname="RegressionTest2" time="0"/>
  <testcase name="test1118" classname="RegressionTest2" time="0"/>
  <testcase name="test1119" classname="RegressionTest2" time="0"/>
  <testcase name="test1120" classname="RegressionTest2" time="0"/>
  <testcase name="test1121" classname="RegressionTest2" time="0"/>
  <testcase name="test1122" classname="RegressionTest2" time="0"/>
  <testcase name="test1123" classname="RegressionTest2" time="0"/>
  <testcase name="test1124" classname="RegressionTest2" time="0"/>
  <testcase name="test1125" classname="RegressionTest2" time="0"/>
  <testcase name="test1126" classname="RegressionTest2" time="0"/>
  <testcase name="test1127" classname="RegressionTest2" time="0"/>
  <testcase name="test1128" classname="RegressionTest2" time="0"/>
  <testcase name="test1129" classname="RegressionTest2" time="0"/>
  <testcase name="test1130" classname="RegressionTest2" time="0"/>
  <testcase name="test1131" classname="RegressionTest2" time="0"/>
  <testcase name="test1132" classname="RegressionTest2" time="0"/>
  <testcase name="test1133" classname="RegressionTest2" time="0"/>
  <testcase name="test1134" classname="RegressionTest2" time="0"/>
  <testcase name="test1135" classname="RegressionTest2" time="0"/>
  <testcase name="test1136" classname="RegressionTest2" time="0"/>
  <testcase name="test1137" classname="RegressionTest2" time="0"/>
  <testcase name="test1138" classname="RegressionTest2" time="0"/>
  <testcase name="test1139" classname="RegressionTest2" time="0"/>
  <testcase name="test1140" classname="RegressionTest2" time="0"/>
  <testcase name="test1141" classname="RegressionTest2" time="0"/>
  <testcase name="test1142" classname="RegressionTest2" time="0"/>
  <testcase name="test1143" classname="RegressionTest2" time="0"/>
  <testcase name="test1144" classname="RegressionTest2" time="0"/>
  <testcase name="test1145" classname="RegressionTest2" time="0"/>
  <testcase name="test1146" classname="RegressionTest2" time="0"/>
  <testcase name="test1147" classname="RegressionTest2" time="0"/>
  <testcase name="test1148" classname="RegressionTest2" time="0"/>
  <testcase name="test1149" classname="RegressionTest2" time="0"/>
  <testcase name="test1150" classname="RegressionTest2" time="0"/>
  <testcase name="test1151" classname="RegressionTest2" time="0"/>
  <testcase name="test1152" classname="RegressionTest2" time="0"/>
  <testcase name="test1153" classname="RegressionTest2" time="0"/>
  <testcase name="test1154" classname="RegressionTest2" time="0"/>
  <testcase name="test1155" classname="RegressionTest2" time="0"/>
  <testcase name="test1156" classname="RegressionTest2" time="0"/>
  <testcase name="test1157" classname="RegressionTest2" time="0"/>
  <testcase name="test1158" classname="RegressionTest2" time="0"/>
  <testcase name="test1159" classname="RegressionTest2" time="0"/>
  <testcase name="test1160" classname="RegressionTest2" time="0"/>
  <testcase name="test1161" classname="RegressionTest2" time="0"/>
  <testcase name="test1162" classname="RegressionTest2" time="0"/>
  <testcase name="test1163" classname="RegressionTest2" time="0"/>
  <testcase name="test1164" classname="RegressionTest2" time="0"/>
  <testcase name="test1165" classname="RegressionTest2" time="0"/>
  <testcase name="test1166" classname="RegressionTest2" time="0"/>
  <testcase name="test1167" classname="RegressionTest2" time="0"/>
  <testcase name="test1168" classname="RegressionTest2" time="0"/>
  <testcase name="test1169" classname="RegressionTest2" time="0"/>
  <testcase name="test1170" classname="RegressionTest2" time="0"/>
  <testcase name="test1171" classname="RegressionTest2" time="0"/>
  <testcase name="test1172" classname="RegressionTest2" time="0"/>
  <testcase name="test1173" classname="RegressionTest2" time="0"/>
  <testcase name="test1174" classname="RegressionTest2" time="0"/>
  <testcase name="test1175" classname="RegressionTest2" time="0"/>
  <testcase name="test1176" classname="RegressionTest2" time="0"/>
  <testcase name="test1177" classname="RegressionTest2" time="0"/>
  <testcase name="test1178" classname="RegressionTest2" time="0"/>
  <testcase name="test1179" classname="RegressionTest2" time="0"/>
  <testcase name="test1180" classname="RegressionTest2" time="0"/>
  <testcase name="test1181" classname="RegressionTest2" time="0"/>
  <testcase name="test1182" classname="RegressionTest2" time="0"/>
  <testcase name="test1183" classname="RegressionTest2" time="0"/>
  <testcase name="test1184" classname="RegressionTest2" time="0"/>
  <testcase name="test1185" classname="RegressionTest2" time="0"/>
  <testcase name="test1186" classname="RegressionTest2" time="0"/>
  <testcase name="test1187" classname="RegressionTest2" time="0"/>
  <testcase name="test1188" classname="RegressionTest2" time="0"/>
  <testcase name="test1189" classname="RegressionTest2" time="0"/>
  <testcase name="test1190" classname="RegressionTest2" time="0"/>
  <testcase name="test1191" classname="RegressionTest2" time="0"/>
  <testcase name="test1192" classname="RegressionTest2" time="0"/>
  <testcase name="test1193" classname="RegressionTest2" time="0"/>
  <testcase name="test1194" classname="RegressionTest2" time="0"/>
  <testcase name="test1195" classname="RegressionTest2" time="0"/>
  <testcase name="test1196" classname="RegressionTest2" time="0"/>
  <testcase name="test1197" classname="RegressionTest2" time="0"/>
  <testcase name="test1198" classname="RegressionTest2" time="0"/>
  <testcase name="test1199" classname="RegressionTest2" time="0"/>
  <testcase name="test1200" classname="RegressionTest2" time="0"/>
  <testcase name="test1201" classname="RegressionTest2" time="0"/>
  <testcase name="test1202" classname="RegressionTest2" time="0"/>
  <testcase name="test1203" classname="RegressionTest2" time="0"/>
  <testcase name="test1204" classname="RegressionTest2" time="0"/>
  <testcase name="test1205" classname="RegressionTest2" time="0"/>
  <testcase name="test1206" classname="RegressionTest2" time="0"/>
  <testcase name="test1207" classname="RegressionTest2" time="0"/>
  <testcase name="test1208" classname="RegressionTest2" time="0"/>
  <testcase name="test1209" classname="RegressionTest2" time="0"/>
  <testcase name="test1210" classname="RegressionTest2" time="0"/>
  <testcase name="test1211" classname="RegressionTest2" time="0"/>
  <testcase name="test1212" classname="RegressionTest2" time="0"/>
  <testcase name="test1213" classname="RegressionTest2" time="0"/>
  <testcase name="test1214" classname="RegressionTest2" time="0"/>
  <testcase name="test1215" classname="RegressionTest2" time="0"/>
  <testcase name="test1216" classname="RegressionTest2" time="0"/>
  <testcase name="test1217" classname="RegressionTest2" time="0"/>
  <testcase name="test1218" classname="RegressionTest2" time="0"/>
  <testcase name="test1219" classname="RegressionTest2" time="0"/>
  <testcase name="test1220" classname="RegressionTest2" time="0"/>
  <testcase name="test1221" classname="RegressionTest2" time="0"/>
  <testcase name="test1222" classname="RegressionTest2" time="0"/>
  <testcase name="test1223" classname="RegressionTest2" time="0"/>
  <testcase name="test1224" classname="RegressionTest2" time="0"/>
  <testcase name="test1225" classname="RegressionTest2" time="0"/>
  <testcase name="test1226" classname="RegressionTest2" time="0"/>
  <testcase name="test1227" classname="RegressionTest2" time="0"/>
  <testcase name="test1228" classname="RegressionTest2" time="0"/>
  <testcase name="test1229" classname="RegressionTest2" time="0"/>
  <testcase name="test1230" classname="RegressionTest2" time="0"/>
  <testcase name="test1231" classname="RegressionTest2" time="0"/>
  <testcase name="test1232" classname="RegressionTest2" time="0.001"/>
  <testcase name="test1233" classname="RegressionTest2" time="0"/>
  <testcase name="test1234" classname="RegressionTest2" time="0"/>
  <testcase name="test1235" classname="RegressionTest2" time="0"/>
  <testcase name="test1236" classname="RegressionTest2" time="0"/>
  <testcase name="test1237" classname="RegressionTest2" time="0"/>
  <testcase name="test1238" classname="RegressionTest2" time="0"/>
  <testcase name="test1239" classname="RegressionTest2" time="0"/>
  <testcase name="test1240" classname="RegressionTest2" time="0"/>
  <testcase name="test1241" classname="RegressionTest2" time="0"/>
  <testcase name="test1242" classname="RegressionTest2" time="0"/>
  <testcase name="test1243" classname="RegressionTest2" time="0"/>
  <testcase name="test1244" classname="RegressionTest2" time="0"/>
  <testcase name="test1245" classname="RegressionTest2" time="0"/>
  <testcase name="test1246" classname="RegressionTest2" time="0"/>
  <testcase name="test1247" classname="RegressionTest2" time="0"/>
  <testcase name="test1248" classname="RegressionTest2" time="0"/>
  <testcase name="test1249" classname="RegressionTest2" time="0"/>
  <testcase name="test1250" classname="RegressionTest2" time="0"/>
  <testcase name="test1251" classname="RegressionTest2" time="0"/>
  <testcase name="test1252" classname="RegressionTest2" time="0"/>
  <testcase name="test1253" classname="RegressionTest2" time="0.001"/>
  <testcase name="test1254" classname="RegressionTest2" time="0"/>
  <testcase name="test1255" classname="RegressionTest2" time="0"/>
  <testcase name="test1256" classname="RegressionTest2" time="0"/>
  <testcase name="test1257" classname="RegressionTest2" time="0"/>
  <testcase name="test1258" classname="RegressionTest2" time="0"/>
  <testcase name="test1259" classname="RegressionTest2" time="0"/>
  <testcase name="test1260" classname="RegressionTest2" time="0"/>
  <testcase name="test1261" classname="RegressionTest2" time="0"/>
  <testcase name="test1262" classname="RegressionTest2" time="0"/>
  <testcase name="test1263" classname="RegressionTest2" time="0"/>
  <testcase name="test1264" classname="RegressionTest2" time="0"/>
  <testcase name="test1265" classname="RegressionTest2" time="0"/>
  <testcase name="test1266" classname="RegressionTest2" time="0.001"/>
  <testcase name="test1267" classname="RegressionTest2" time="0"/>
  <testcase name="test1268" classname="RegressionTest2" time="0"/>
  <testcase name="test1269" classname="RegressionTest2" time="0"/>
  <testcase name="test1270" classname="RegressionTest2" time="0"/>
  <testcase name="test1271" classname="RegressionTest2" time="0"/>
  <testcase name="test1272" classname="RegressionTest2" time="0"/>
  <testcase name="test1273" classname="RegressionTest2" time="0"/>
  <testcase name="test1274" classname="RegressionTest2" time="0"/>
  <testcase name="test1275" classname="RegressionTest2" time="0"/>
  <testcase name="test1276" classname="RegressionTest2" time="0"/>
  <testcase name="test1277" classname="RegressionTest2" time="0"/>
  <testcase name="test1278" classname="RegressionTest2" time="0"/>
  <testcase name="test1279" classname="RegressionTest2" time="0"/>
  <testcase name="test1280" classname="RegressionTest2" time="0"/>
  <testcase name="test1281" classname="RegressionTest2" time="0"/>
  <testcase name="test1282" classname="RegressionTest2" time="0"/>
  <testcase name="test1283" classname="RegressionTest2" time="0"/>
  <testcase name="test1284" classname="RegressionTest2" time="0"/>
  <testcase name="test1285" classname="RegressionTest2" time="0"/>
  <testcase name="test1286" classname="RegressionTest2" time="0"/>
  <testcase name="test1287" classname="RegressionTest2" time="0"/>
  <testcase name="test1288" classname="RegressionTest2" time="0"/>
  <testcase name="test1289" classname="RegressionTest2" time="0"/>
  <testcase name="test1290" classname="RegressionTest2" time="0"/>
  <testcase name="test1291" classname="RegressionTest2" time="0"/>
  <testcase name="test1292" classname="RegressionTest2" time="0"/>
  <testcase name="test1293" classname="RegressionTest2" time="0"/>
  <testcase name="test1294" classname="RegressionTest2" time="0"/>
  <testcase name="test1295" classname="RegressionTest2" time="0"/>
  <testcase name="test1296" classname="RegressionTest2" time="0"/>
  <testcase name="test1297" classname="RegressionTest2" time="0"/>
  <testcase name="test1298" classname="RegressionTest2" time="0"/>
  <testcase name="test1299" classname="RegressionTest2" time="0"/>
  <testcase name="test1300" classname="RegressionTest2" time="0"/>
  <testcase name="test1301" classname="RegressionTest2" time="0"/>
  <testcase name="test1302" classname="RegressionTest2" time="0"/>
  <testcase name="test1303" classname="RegressionTest2" time="0"/>
  <testcase name="test1304" classname="RegressionTest2" time="0"/>
  <testcase name="test1305" classname="RegressionTest2" time="0.001"/>
  <testcase name="test1306" classname="RegressionTest2" time="0"/>
  <testcase name="test1307" classname="RegressionTest2" time="0"/>
  <testcase name="test1308" classname="RegressionTest2" time="0"/>
  <testcase name="test1309" classname="RegressionTest2" time="0"/>
  <testcase name="test1310" classname="RegressionTest2" time="0"/>
  <testcase name="test1311" classname="RegressionTest2" time="0"/>
  <testcase name="test1312" classname="RegressionTest2" time="0"/>
  <testcase name="test1313" classname="RegressionTest2" time="0"/>
  <testcase name="test1314" classname="RegressionTest2" time="0"/>
  <testcase name="test1315" classname="RegressionTest2" time="0"/>
  <testcase name="test1316" classname="RegressionTest2" time="0"/>
  <testcase name="test1317" classname="RegressionTest2" time="0"/>
  <testcase name="test1318" classname="RegressionTest2" time="0"/>
  <testcase name="test1319" classname="RegressionTest2" time="0"/>
  <testcase name="test1320" classname="RegressionTest2" time="0"/>
  <testcase name="test1321" classname="RegressionTest2" time="0"/>
  <testcase name="test1322" classname="RegressionTest2" time="0"/>
  <testcase name="test1323" classname="RegressionTest2" time="0"/>
  <testcase name="test1324" classname="RegressionTest2" time="0"/>
  <testcase name="test1325" classname="RegressionTest2" time="0"/>
  <testcase name="test1326" classname="RegressionTest2" time="0"/>
  <testcase name="test1327" classname="RegressionTest2" time="0"/>
  <testcase name="test1328" classname="RegressionTest2" time="0"/>
  <testcase name="test1329" classname="RegressionTest2" time="0"/>
  <testcase name="test1330" classname="RegressionTest2" time="0"/>
  <testcase name="test1331" classname="RegressionTest2" time="0"/>
  <testcase name="test1332" classname="RegressionTest2" time="0"/>
  <testcase name="test1333" classname="RegressionTest2" time="0"/>
  <testcase name="test1334" classname="RegressionTest2" time="0"/>
  <testcase name="test1335" classname="RegressionTest2" time="0"/>
  <testcase name="test1336" classname="RegressionTest2" time="0"/>
  <testcase name="test1337" classname="RegressionTest2" time="0"/>
  <testcase name="test1338" classname="RegressionTest2" time="0"/>
  <testcase name="test1339" classname="RegressionTest2" time="0"/>
  <testcase name="test1340" classname="RegressionTest2" time="0"/>
  <testcase name="test1341" classname="RegressionTest2" time="0"/>
  <testcase name="test1342" classname="RegressionTest2" time="0"/>
  <testcase name="test1343" classname="RegressionTest2" time="0"/>
  <testcase name="test1344" classname="RegressionTest2" time="0"/>
  <testcase name="test1345" classname="RegressionTest2" time="0"/>
  <testcase name="test1346" classname="RegressionTest2" time="0"/>
  <testcase name="test1347" classname="RegressionTest2" time="0"/>
  <testcase name="test1348" classname="RegressionTest2" time="0"/>
  <testcase name="test1349" classname="RegressionTest2" time="0"/>
  <testcase name="test1350" classname="RegressionTest2" time="0"/>
  <testcase name="test1351" classname="RegressionTest2" time="0"/>
  <testcase name="test1352" classname="RegressionTest2" time="0"/>
  <testcase name="test1353" classname="RegressionTest2" time="0"/>
  <testcase name="test1354" classname="RegressionTest2" time="0"/>
  <testcase name="test1355" classname="RegressionTest2" time="0"/>
  <testcase name="test1356" classname="RegressionTest2" time="0"/>
  <testcase name="test1357" classname="RegressionTest2" time="0"/>
  <testcase name="test1358" classname="RegressionTest2" time="0"/>
  <testcase name="test1359" classname="RegressionTest2" time="0"/>
  <testcase name="test1360" classname="RegressionTest2" time="0"/>
  <testcase name="test1361" classname="RegressionTest2" time="0"/>
  <testcase name="test1362" classname="RegressionTest2" time="0"/>
  <testcase name="test1363" classname="RegressionTest2" time="0"/>
  <testcase name="test1364" classname="RegressionTest2" time="0"/>
  <testcase name="test1365" classname="RegressionTest2" time="0"/>
  <testcase name="test1366" classname="RegressionTest2" time="0"/>
  <testcase name="test1367" classname="RegressionTest2" time="0"/>
  <testcase name="test1368" classname="RegressionTest2" time="0"/>
  <testcase name="test1369" classname="RegressionTest2" time="0"/>
  <testcase name="test1370" classname="RegressionTest2" time="0"/>
  <testcase name="test1371" classname="RegressionTest2" time="0"/>
  <testcase name="test1372" classname="RegressionTest2" time="0"/>
  <testcase name="test1373" classname="RegressionTest2" time="0"/>
  <testcase name="test1374" classname="RegressionTest2" time="0"/>
  <testcase name="test1375" classname="RegressionTest2" time="0"/>
  <testcase name="test1376" classname="RegressionTest2" time="0"/>
  <testcase name="test1377" classname="RegressionTest2" time="0"/>
  <testcase name="test1378" classname="RegressionTest2" time="0"/>
  <testcase name="test1379" classname="RegressionTest2" time="0"/>
  <testcase name="test1380" classname="RegressionTest2" time="0"/>
  <testcase name="test1381" classname="RegressionTest2" time="0"/>
  <testcase name="test1382" classname="RegressionTest2" time="0"/>
  <testcase name="test1383" classname="RegressionTest2" time="0"/>
  <testcase name="test1384" classname="RegressionTest2" time="0"/>
  <testcase name="test1385" classname="RegressionTest2" time="0"/>
  <testcase name="test1386" classname="RegressionTest2" time="0"/>
  <testcase name="test1387" classname="RegressionTest2" time="0"/>
  <testcase name="test1388" classname="RegressionTest2" time="0"/>
  <testcase name="test1389" classname="RegressionTest2" time="0"/>
  <testcase name="test1390" classname="RegressionTest2" time="0"/>
  <testcase name="test1391" classname="RegressionTest2" time="0.001"/>
  <testcase name="test1392" classname="RegressionTest2" time="0"/>
  <testcase name="test1393" classname="RegressionTest2" time="0"/>
  <testcase name="test1394" classname="RegressionTest2" time="0"/>
  <testcase name="test1395" classname="RegressionTest2" time="0"/>
  <testcase name="test1396" classname="RegressionTest2" time="0"/>
  <testcase name="test1397" classname="RegressionTest2" time="0"/>
  <testcase name="test1398" classname="RegressionTest2" time="0"/>
  <testcase name="test1399" classname="RegressionTest2" time="0"/>
  <testcase name="test1400" classname="RegressionTest2" time="0"/>
  <testcase name="test1401" classname="RegressionTest2" time="0"/>
  <testcase name="test1402" classname="RegressionTest2" time="0"/>
  <testcase name="test1403" classname="RegressionTest2" time="0"/>
  <testcase name="test1404" classname="RegressionTest2" time="0"/>
  <testcase name="test1405" classname="RegressionTest2" time="0"/>
  <testcase name="test1406" classname="RegressionTest2" time="0"/>
  <testcase name="test1407" classname="RegressionTest2" time="0"/>
  <testcase name="test1408" classname="RegressionTest2" time="0"/>
  <testcase name="test1409" classname="RegressionTest2" time="0"/>
  <testcase name="test1410" classname="RegressionTest2" time="0"/>
  <testcase name="test1411" classname="RegressionTest2" time="0"/>
  <testcase name="test1412" classname="RegressionTest2" time="0"/>
  <testcase name="test1413" classname="RegressionTest2" time="0"/>
  <testcase name="test1414" classname="RegressionTest2" time="0"/>
  <testcase name="test1415" classname="RegressionTest2" time="0"/>
  <testcase name="test1416" classname="RegressionTest2" time="0"/>
  <testcase name="test1417" classname="RegressionTest2" time="0.001"/>
  <testcase name="test1418" classname="RegressionTest2" time="0"/>
  <testcase name="test1419" classname="RegressionTest2" time="0"/>
  <testcase name="test1420" classname="RegressionTest2" time="0"/>
  <testcase name="test1421" classname="RegressionTest2" time="0"/>
  <testcase name="test1422" classname="RegressionTest2" time="0"/>
  <testcase name="test1423" classname="RegressionTest2" time="0"/>
  <testcase name="test1424" classname="RegressionTest2" time="0"/>
  <testcase name="test1425" classname="RegressionTest2" time="0"/>
  <testcase name="test1426" classname="RegressionTest2" time="0"/>
  <testcase name="test1427" classname="RegressionTest2" time="0"/>
  <testcase name="test1428" classname="RegressionTest2" time="0"/>
  <testcase name="test1429" classname="RegressionTest2" time="0"/>
  <testcase name="test1430" classname="RegressionTest2" time="0"/>
  <testcase name="test1431" classname="RegressionTest2" time="0"/>
  <testcase name="test1432" classname="RegressionTest2" time="0"/>
  <testcase name="test1433" classname="RegressionTest2" time="0"/>
  <testcase name="test1434" classname="RegressionTest2" time="0"/>
  <testcase name="test1435" classname="RegressionTest2" time="0"/>
  <testcase name="test1436" classname="RegressionTest2" time="0"/>
  <testcase name="test1437" classname="RegressionTest2" time="0"/>
  <testcase name="test1438" classname="RegressionTest2" time="0"/>
  <testcase name="test1439" classname="RegressionTest2" time="0"/>
  <testcase name="test1440" classname="RegressionTest2" time="0"/>
  <testcase name="test1441" classname="RegressionTest2" time="0"/>
  <testcase name="test1442" classname="RegressionTest2" time="0.001"/>
  <testcase name="test1443" classname="RegressionTest2" time="0"/>
  <testcase name="test1444" classname="RegressionTest2" time="0"/>
  <testcase name="test1445" classname="RegressionTest2" time="0"/>
  <testcase name="test1446" classname="RegressionTest2" time="0"/>
  <testcase name="test1447" classname="RegressionTest2" time="0"/>
  <testcase name="test1448" classname="RegressionTest2" time="0"/>
  <testcase name="test1449" classname="RegressionTest2" time="0"/>
  <testcase name="test1450" classname="RegressionTest2" time="0"/>
  <testcase name="test1451" classname="RegressionTest2" time="0"/>
  <testcase name="test1452" classname="RegressionTest2" time="0"/>
  <testcase name="test1453" classname="RegressionTest2" time="0"/>
  <testcase name="test1454" classname="RegressionTest2" time="0"/>
  <testcase name="test1455" classname="RegressionTest2" time="0"/>
  <testcase name="test1456" classname="RegressionTest2" time="0"/>
  <testcase name="test1457" classname="RegressionTest2" time="0"/>
  <testcase name="test1458" classname="RegressionTest2" time="0"/>
  <testcase name="test1459" classname="RegressionTest2" time="0"/>
  <testcase name="test1460" classname="RegressionTest2" time="0"/>
  <testcase name="test1461" classname="RegressionTest2" time="0"/>
  <testcase name="test1462" classname="RegressionTest2" time="0"/>
  <testcase name="test1463" classname="RegressionTest2" time="0"/>
  <testcase name="test1464" classname="RegressionTest2" time="0"/>
  <testcase name="test1465" classname="RegressionTest2" time="0"/>
  <testcase name="test1466" classname="RegressionTest2" time="0"/>
  <testcase name="test1467" classname="RegressionTest2" time="0"/>
  <testcase name="test1468" classname="RegressionTest2" time="0"/>
  <testcase name="test1469" classname="RegressionTest2" time="0"/>
  <testcase name="test1470" classname="RegressionTest2" time="0"/>
  <testcase name="test1471" classname="RegressionTest2" time="0"/>
  <testcase name="test1472" classname="RegressionTest2" time="0"/>
  <testcase name="test1473" classname="RegressionTest2" time="0"/>
  <testcase name="test1474" classname="RegressionTest2" time="0"/>
  <testcase name="test1475" classname="RegressionTest2" time="0"/>
  <testcase name="test1476" classname="RegressionTest2" time="0"/>
  <testcase name="test1477" classname="RegressionTest2" time="0"/>
  <testcase name="test1478" classname="RegressionTest2" time="0"/>
  <testcase name="test1479" classname="RegressionTest2" time="0"/>
  <testcase name="test1480" classname="RegressionTest2" time="0"/>
  <testcase name="test1481" classname="RegressionTest2" time="0"/>
  <testcase name="test1482" classname="RegressionTest2" time="0"/>
  <testcase name="test1483" classname="RegressionTest2" time="0"/>
  <testcase name="test1484" classname="RegressionTest2" time="0"/>
  <testcase name="test1485" classname="RegressionTest2" time="0"/>
  <testcase name="test1486" classname="RegressionTest2" time="0"/>
  <testcase name="test1487" classname="RegressionTest2" time="0"/>
  <testcase name="test1488" classname="RegressionTest2" time="0"/>
  <testcase name="test1489" classname="RegressionTest2" time="0"/>
  <testcase name="test1490" classname="RegressionTest2" time="0.001"/>
  <testcase name="test1491" classname="RegressionTest2" time="0"/>
  <testcase name="test1492" classname="RegressionTest2" time="0"/>
  <testcase name="test1493" classname="RegressionTest2" time="0"/>
  <testcase name="test1494" classname="RegressionTest2" time="0"/>
  <testcase name="test1495" classname="RegressionTest2" time="0"/>
  <testcase name="test1496" classname="RegressionTest2" time="0"/>
  <testcase name="test1497" classname="RegressionTest2" time="0"/>
  <testcase name="test1498" classname="RegressionTest2" time="0"/>
  <testcase name="test1499" classname="RegressionTest2" time="0"/>
  <testcase name="test1500" classname="RegressionTest2" time="0"/>
  <testcase name="test1501" classname="RegressionTest3" time="0"/>
  <testcase name="test1502" classname="RegressionTest3" time="0"/>
  <testcase name="test1503" classname="RegressionTest3" time="0"/>
  <testcase name="test1504" classname="RegressionTest3" time="0"/>
  <testcase name="test1505" classname="RegressionTest3" time="0"/>
  <testcase name="test1506" classname="RegressionTest3" time="0"/>
  <testcase name="test1507" classname="RegressionTest3" time="0"/>
  <testcase name="test1508" classname="RegressionTest3" time="0"/>
  <testcase name="test1509" classname="RegressionTest3" time="0"/>
  <testcase name="test1510" classname="RegressionTest3" time="0"/>
  <testcase name="test1511" classname="RegressionTest3" time="0"/>
  <testcase name="test1512" classname="RegressionTest3" time="0"/>
  <testcase name="test1513" classname="RegressionTest3" time="0"/>
  <testcase name="test1514" classname="RegressionTest3" time="0"/>
  <testcase name="test1515" classname="RegressionTest3" time="0"/>
  <testcase name="test1516" classname="RegressionTest3" time="0"/>
  <testcase name="test1517" classname="RegressionTest3" time="0"/>
  <testcase name="test1518" classname="RegressionTest3" time="0"/>
  <testcase name="test1519" classname="RegressionTest3" time="0"/>
  <testcase name="test1520" classname="RegressionTest3" time="0"/>
  <testcase name="test1521" classname="RegressionTest3" time="0"/>
  <testcase name="test1522" classname="RegressionTest3" time="0"/>
  <testcase name="test1523" classname="RegressionTest3" time="0"/>
  <testcase name="test1524" classname="RegressionTest3" time="0"/>
  <testcase name="test1525" classname="RegressionTest3" time="0"/>
  <testcase name="test1526" classname="RegressionTest3" time="0.001"/>
  <testcase name="test1527" classname="RegressionTest3" time="0"/>
  <testcase name="test1528" classname="RegressionTest3" time="0"/>
  <testcase name="test1529" classname="RegressionTest3" time="0"/>
  <testcase name="test1530" classname="RegressionTest3" time="0"/>
  <testcase name="test1531" classname="RegressionTest3" time="0"/>
  <testcase name="test1532" classname="RegressionTest3" time="0"/>
  <testcase name="test1533" classname="RegressionTest3" time="0"/>
  <testcase name="test1534" classname="RegressionTest3" time="0"/>
  <testcase name="test1535" classname="RegressionTest3" time="0"/>
  <testcase name="test1536" classname="RegressionTest3" time="0"/>
  <testcase name="test1537" classname="RegressionTest3" time="0"/>
  <testcase name="test1538" classname="RegressionTest3" time="0"/>
  <testcase name="test1539" classname="RegressionTest3" time="0"/>
  <testcase name="test1540" classname="RegressionTest3" time="0"/>
  <testcase name="test1541" classname="RegressionTest3" time="0"/>
  <testcase name="test1542" classname="RegressionTest3" time="0"/>
  <testcase name="test1543" classname="RegressionTest3" time="0"/>
  <testcase name="test1544" classname="RegressionTest3" time="0"/>
  <testcase name="test1545" classname="RegressionTest3" time="0"/>
  <testcase name="test1546" classname="RegressionTest3" time="0"/>
  <testcase name="test1547" classname="RegressionTest3" time="0"/>
  <testcase name="test1548" classname="RegressionTest3" time="0"/>
  <testcase name="test1549" classname="RegressionTest3" time="0"/>
  <testcase name="test1550" classname="RegressionTest3" time="0"/>
  <testcase name="test1551" classname="RegressionTest3" time="0"/>
  <testcase name="test1552" classname="RegressionTest3" time="0"/>
  <testcase name="test1553" classname="RegressionTest3" time="0"/>
  <testcase name="test1554" classname="RegressionTest3" time="0"/>
  <testcase name="test1555" classname="RegressionTest3" time="0"/>
  <testcase name="test1556" classname="RegressionTest3" time="0"/>
  <testcase name="test1557" classname="RegressionTest3" time="0"/>
  <testcase name="test1558" classname="RegressionTest3" time="0"/>
  <testcase name="test1559" classname="RegressionTest3" time="0"/>
  <testcase name="test1560" classname="RegressionTest3" time="0"/>
  <testcase name="test1561" classname="RegressionTest3" time="0"/>
  <testcase name="test1562" classname="RegressionTest3" time="0"/>
  <testcase name="test1563" classname="RegressionTest3" time="0"/>
  <testcase name="test1564" classname="RegressionTest3" time="0"/>
  <testcase name="test1565" classname="RegressionTest3" time="0"/>
  <testcase name="test1566" classname="RegressionTest3" time="0"/>
  <testcase name="test1567" classname="RegressionTest3" time="0"/>
  <testcase name="test1568" classname="RegressionTest3" time="0"/>
  <testcase name="test1569" classname="RegressionTest3" time="0"/>
  <testcase name="test1570" classname="RegressionTest3" time="0"/>
  <testcase name="test1571" classname="RegressionTest3" time="0.001"/>
  <testcase name="test1572" classname="RegressionTest3" time="0"/>
  <testcase name="test1573" classname="RegressionTest3" time="0"/>
  <testcase name="test1574" classname="RegressionTest3" time="0"/>
  <testcase name="test1575" classname="RegressionTest3" time="0"/>
  <testcase name="test1576" classname="RegressionTest3" time="0"/>
  <testcase name="test1577" classname="RegressionTest3" time="0"/>
  <testcase name="test1578" classname="RegressionTest3" time="0"/>
  <testcase name="test1579" classname="RegressionTest3" time="0"/>
  <testcase name="test1580" classname="RegressionTest3" time="0"/>
  <testcase name="test1581" classname="RegressionTest3" time="0"/>
  <testcase name="test1582" classname="RegressionTest3" time="0"/>
  <testcase name="test1583" classname="RegressionTest3" time="0"/>
  <testcase name="test1584" classname="RegressionTest3" time="0"/>
  <testcase name="test1585" classname="RegressionTest3" time="0"/>
  <testcase name="test1586" classname="RegressionTest3" time="0"/>
  <testcase name="test1587" classname="RegressionTest3" time="0"/>
  <testcase name="test1588" classname="RegressionTest3" time="0"/>
  <testcase name="test1589" classname="RegressionTest3" time="0"/>
  <testcase name="test1590" classname="RegressionTest3" time="0"/>
  <testcase name="test1591" classname="RegressionTest3" time="0"/>
  <testcase name="test1592" classname="RegressionTest3" time="0"/>
  <testcase name="test1593" classname="RegressionTest3" time="0"/>
  <testcase name="test1594" classname="RegressionTest3" time="0"/>
  <testcase name="test1595" classname="RegressionTest3" time="0"/>
  <testcase name="test1596" classname="RegressionTest3" time="0"/>
  <testcase name="test1597" classname="RegressionTest3" time="0"/>
  <testcase name="test1598" classname="RegressionTest3" time="0"/>
  <testcase name="test1599" classname="RegressionTest3" time="0"/>
  <testcase name="test1600" classname="RegressionTest3" time="0"/>
  <testcase name="test1601" classname="RegressionTest3" time="0"/>
  <testcase name="test1602" classname="RegressionTest3" time="0"/>
  <testcase name="test1603" classname="RegressionTest3" time="0"/>
  <testcase name="test1604" classname="RegressionTest3" time="0"/>
  <testcase name="test1605" classname="RegressionTest3" time="0"/>
  <testcase name="test1606" classname="RegressionTest3" time="0"/>
  <testcase name="test1607" classname="RegressionTest3" time="0"/>
  <testcase name="test1608" classname="RegressionTest3" time="0"/>
  <testcase name="test1609" classname="RegressionTest3" time="0"/>
  <testcase name="test1610" classname="RegressionTest3" time="0"/>
  <testcase name="test1611" classname="RegressionTest3" time="0"/>
  <testcase name="test1612" classname="RegressionTest3" time="0"/>
  <testcase name="test1613" classname="RegressionTest3" time="0"/>
  <testcase name="test1614" classname="RegressionTest3" time="0"/>
  <testcase name="test1615" classname="RegressionTest3" time="0"/>
  <testcase name="test1616" classname="RegressionTest3" time="0"/>
  <testcase name="test1617" classname="RegressionTest3" time="0"/>
  <testcase name="test1618" classname="RegressionTest3" time="0"/>
  <testcase name="test1619" classname="RegressionTest3" time="0"/>
  <testcase name="test1620" classname="RegressionTest3" time="0"/>
  <testcase name="test1621" classname="RegressionTest3" time="0"/>
  <testcase name="test1622" classname="RegressionTest3" time="0"/>
  <testcase name="test1623" classname="RegressionTest3" time="0"/>
  <testcase name="test1624" classname="RegressionTest3" time="0"/>
  <testcase name="test1625" classname="RegressionTest3" time="0"/>
  <testcase name="test1626" classname="RegressionTest3" time="0"/>
  <testcase name="test1627" classname="RegressionTest3" time="0"/>
  <testcase name="test1628" classname="RegressionTest3" time="0"/>
  <testcase name="test1629" classname="RegressionTest3" time="0"/>
  <testcase name="test1630" classname="RegressionTest3" time="0"/>
  <testcase name="test1631" classname="RegressionTest3" time="0.001"/>
  <testcase name="test1632" classname="RegressionTest3" time="0"/>
  <testcase name="test1633" classname="RegressionTest3" time="0"/>
  <testcase name="test1634" classname="RegressionTest3" time="0"/>
  <testcase name="test1635" classname="RegressionTest3" time="0"/>
  <testcase name="test1636" classname="RegressionTest3" time="0"/>
  <testcase name="test1637" classname="RegressionTest3" time="0"/>
  <testcase name="test1638" classname="RegressionTest3" time="0"/>
  <testcase name="test1639" classname="RegressionTest3" time="0"/>
  <testcase name="test1640" classname="RegressionTest3" time="0"/>
  <testcase name="test1641" classname="RegressionTest3" time="0"/>
  <testcase name="test1642" classname="RegressionTest3" time="0"/>
  <testcase name="test1643" classname="RegressionTest3" time="0"/>
  <testcase name="test1644" classname="RegressionTest3" time="0"/>
  <testcase name="test1645" classname="RegressionTest3" time="0"/>
  <testcase name="test1646" classname="RegressionTest3" time="0"/>
  <testcase name="test1647" classname="RegressionTest3" time="0"/>
  <testcase name="test1648" classname="RegressionTest3" time="0"/>
  <testcase name="test1649" classname="RegressionTest3" time="0"/>
  <testcase name="test1650" classname="RegressionTest3" time="0"/>
  <testcase name="test1651" classname="RegressionTest3" time="0"/>
  <testcase name="test1652" classname="RegressionTest3" time="0"/>
  <testcase name="test1653" classname="RegressionTest3" time="0"/>
  <testcase name="test1654" classname="RegressionTest3" time="0"/>
  <testcase name="test1655" classname="RegressionTest3" time="0"/>
  <testcase name="test1656" classname="RegressionTest3" time="0"/>
  <testcase name="test1657" classname="RegressionTest3" time="0"/>
  <testcase name="test1658" classname="RegressionTest3" time="0"/>
  <testcase name="test1659" classname="RegressionTest3" time="0"/>
  <testcase name="test1660" classname="RegressionTest3" time="0"/>
  <testcase name="test1661" classname="RegressionTest3" time="0"/>
  <testcase name="test1662" classname="RegressionTest3" time="0"/>
  <testcase name="test1663" classname="RegressionTest3" time="0"/>
  <testcase name="test1664" classname="RegressionTest3" time="0"/>
  <testcase name="test1665" classname="RegressionTest3" time="0"/>
  <testcase name="test1666" classname="RegressionTest3" time="0"/>
  <testcase name="test1667" classname="RegressionTest3" time="0"/>
  <testcase name="test1668" classname="RegressionTest3" time="0"/>
  <testcase name="test1669" classname="RegressionTest3" time="0"/>
  <testcase name="test1670" classname="RegressionTest3" time="0"/>
  <testcase name="test1671" classname="RegressionTest3" time="0"/>
  <testcase name="test1672" classname="RegressionTest3" time="0"/>
  <testcase name="test1673" classname="RegressionTest3" time="0"/>
  <testcase name="test1674" classname="RegressionTest3" time="0"/>
  <testcase name="test1675" classname="RegressionTest3" time="0"/>
  <testcase name="test1676" classname="RegressionTest3" time="0"/>
  <testcase name="test1677" classname="RegressionTest3" time="0"/>
  <testcase name="test1678" classname="RegressionTest3" time="0"/>
  <testcase name="test1679" classname="RegressionTest3" time="0"/>
  <testcase name="test1680" classname="RegressionTest3" time="0"/>
  <testcase name="test1681" classname="RegressionTest3" time="0"/>
  <testcase name="test1682" classname="RegressionTest3" time="0"/>
  <testcase name="test1683" classname="RegressionTest3" time="0"/>
  <testcase name="test1684" classname="RegressionTest3" time="0"/>
  <testcase name="test1685" classname="RegressionTest3" time="0"/>
  <testcase name="test1686" classname="RegressionTest3" time="0"/>
  <testcase name="test1687" classname="RegressionTest3" time="0"/>
  <testcase name="test1688" classname="RegressionTest3" time="0"/>
  <testcase name="test1689" classname="RegressionTest3" time="0"/>
  <testcase name="test1690" classname="RegressionTest3" time="0"/>
  <testcase name="test1691" classname="RegressionTest3" time="0"/>
  <testcase name="test1692" classname="RegressionTest3" time="0"/>
  <testcase name="test1693" classname="RegressionTest3" time="0"/>
  <testcase name="test1694" classname="RegressionTest3" time="0"/>
  <testcase name="test1695" classname="RegressionTest3" time="0"/>
  <testcase name="test1696" classname="RegressionTest3" time="0"/>
  <testcase name="test1697" classname="RegressionTest3" time="0"/>
  <testcase name="test1698" classname="RegressionTest3" time="0"/>
  <testcase name="test1699" classname="RegressionTest3" time="0"/>
  <testcase name="test1700" classname="RegressionTest3" time="0"/>
  <testcase name="test1701" classname="RegressionTest3" time="0"/>
  <testcase name="test1702" classname="RegressionTest3" time="0"/>
  <testcase name="test1703" classname="RegressionTest3" time="0"/>
  <testcase name="test1704" classname="RegressionTest3" time="0"/>
  <testcase name="test1705" classname="RegressionTest3" time="0"/>
  <testcase name="test1706" classname="RegressionTest3" time="0"/>
  <testcase name="test1707" classname="RegressionTest3" time="0"/>
  <testcase name="test1708" classname="RegressionTest3" time="0"/>
  <testcase name="test1709" classname="RegressionTest3" time="0"/>
  <testcase name="test1710" classname="RegressionTest3" time="0"/>
  <testcase name="test1711" classname="RegressionTest3" time="0"/>
  <testcase name="test1712" classname="RegressionTest3" time="0"/>
  <testcase name="test1713" classname="RegressionTest3" time="0"/>
  <testcase name="test1714" classname="RegressionTest3" time="0"/>
  <testcase name="test1715" classname="RegressionTest3" time="0"/>
  <testcase name="test1716" classname="RegressionTest3" time="0"/>
  <testcase name="test1717" classname="RegressionTest3" time="0"/>
  <testcase name="test1718" classname="RegressionTest3" time="0"/>
  <testcase name="test1719" classname="RegressionTest3" time="0"/>
  <testcase name="test1720" classname="RegressionTest3" time="0"/>
  <testcase name="test1721" classname="RegressionTest3" time="0"/>
  <testcase name="test1722" classname="RegressionTest3" time="0"/>
  <testcase name="test1723" classname="RegressionTest3" time="0"/>
  <testcase name="test1724" classname="RegressionTest3" time="0"/>
  <testcase name="test1725" classname="RegressionTest3" time="0"/>
  <testcase name="test1726" classname="RegressionTest3" time="0"/>
  <testcase name="test1727" classname="RegressionTest3" time="0"/>
  <testcase name="test1728" classname="RegressionTest3" time="0"/>
  <testcase name="test1729" classname="RegressionTest3" time="0"/>
  <testcase name="test1730" classname="RegressionTest3" time="0"/>
  <testcase name="test1731" classname="RegressionTest3" time="0"/>
  <testcase name="test1732" classname="RegressionTest3" time="0"/>
  <testcase name="test1733" classname="RegressionTest3" time="0"/>
  <testcase name="test1734" classname="RegressionTest3" time="0"/>
  <testcase name="test1735" classname="RegressionTest3" time="0"/>
  <testcase name="test1736" classname="RegressionTest3" time="0"/>
  <testcase name="test1737" classname="RegressionTest3" time="0"/>
  <testcase name="test1738" classname="RegressionTest3" time="0"/>
  <testcase name="test1739" classname="RegressionTest3" time="0"/>
  <testcase name="test1740" classname="RegressionTest3" time="0"/>
  <testcase name="test1741" classname="RegressionTest3" time="0"/>
  <testcase name="test1742" classname="RegressionTest3" time="0"/>
  <testcase name="test1743" classname="RegressionTest3" time="0"/>
  <testcase name="test1744" classname="RegressionTest3" time="0"/>
  <testcase name="test1745" classname="RegressionTest3" time="0"/>
  <testcase name="test1746" classname="RegressionTest3" time="0"/>
  <testcase name="test1747" classname="RegressionTest3" time="0"/>
  <testcase name="test1748" classname="RegressionTest3" time="0"/>
  <testcase name="test1749" classname="RegressionTest3" time="0"/>
  <testcase name="test1750" classname="RegressionTest3" time="0"/>
  <testcase name="test1751" classname="RegressionTest3" time="0"/>
  <testcase name="test1752" classname="RegressionTest3" time="0"/>
  <testcase name="test1753" classname="RegressionTest3" time="0"/>
  <testcase name="test1754" classname="RegressionTest3" time="0"/>
  <testcase name="test1755" classname="RegressionTest3" time="0"/>
  <testcase name="test1756" classname="RegressionTest3" time="0"/>
  <testcase name="test1757" classname="RegressionTest3" time="0"/>
  <testcase name="test1758" classname="RegressionTest3" time="0"/>
  <testcase name="test1759" classname="RegressionTest3" time="0"/>
  <testcase name="test1760" classname="RegressionTest3" time="0"/>
  <testcase name="test1761" classname="RegressionTest3" time="0"/>
  <testcase name="test1762" classname="RegressionTest3" time="0"/>
  <testcase name="test1763" classname="RegressionTest3" time="0"/>
  <testcase name="test1764" classname="RegressionTest3" time="0"/>
  <testcase name="test1765" classname="RegressionTest3" time="0"/>
  <testcase name="test1766" classname="RegressionTest3" time="0"/>
  <testcase name="test1767" classname="RegressionTest3" time="0"/>
  <testcase name="test1768" classname="RegressionTest3" time="0"/>
  <testcase name="test1769" classname="RegressionTest3" time="0"/>
  <testcase name="test1770" classname="RegressionTest3" time="0"/>
  <testcase name="test1771" classname="RegressionTest3" time="0"/>
  <testcase name="test1772" classname="RegressionTest3" time="0"/>
  <testcase name="test1773" classname="RegressionTest3" time="0"/>
  <testcase name="test1774" classname="RegressionTest3" time="0"/>
  <testcase name="test1775" classname="RegressionTest3" time="0"/>
  <testcase name="test1776" classname="RegressionTest3" time="0"/>
  <testcase name="test1777" classname="RegressionTest3" time="0"/>
  <testcase name="test1778" classname="RegressionTest3" time="0"/>
  <testcase name="test1779" classname="RegressionTest3" time="0"/>
  <testcase name="test1780" classname="RegressionTest3" time="0"/>
  <testcase name="test1781" classname="RegressionTest3" time="0"/>
  <testcase name="test1782" classname="RegressionTest3" time="0"/>
  <testcase name="test1783" classname="RegressionTest3" time="0"/>
  <testcase name="test1784" classname="RegressionTest3" time="0"/>
  <testcase name="test1785" classname="RegressionTest3" time="0"/>
  <testcase name="test1786" classname="RegressionTest3" time="0"/>
  <testcase name="test1787" classname="RegressionTest3" time="0"/>
  <testcase name="test1788" classname="RegressionTest3" time="0"/>
  <testcase name="test1789" classname="RegressionTest3" time="0"/>
  <testcase name="test1790" classname="RegressionTest3" time="0"/>
  <testcase name="test1791" classname="RegressionTest3" time="0"/>
  <testcase name="test1792" classname="RegressionTest3" time="0"/>
  <testcase name="test1793" classname="RegressionTest3" time="0"/>
  <testcase name="test1794" classname="RegressionTest3" time="0"/>
  <testcase name="test1795" classname="RegressionTest3" time="0"/>
  <testcase name="test1796" classname="RegressionTest3" time="0"/>
  <testcase name="test1797" classname="RegressionTest3" time="0"/>
  <testcase name="test1798" classname="RegressionTest3" time="0"/>
  <testcase name="test1799" classname="RegressionTest3" time="0"/>
  <testcase name="test1800" classname="RegressionTest3" time="0"/>
  <testcase name="test1801" classname="RegressionTest3" time="0"/>
  <testcase name="test1802" classname="RegressionTest3" time="0"/>
  <testcase name="test1803" classname="RegressionTest3" time="0"/>
  <testcase name="test1804" classname="RegressionTest3" time="0"/>
  <testcase name="test1805" classname="RegressionTest3" time="0"/>
  <testcase name="test1806" classname="RegressionTest3" time="0"/>
  <testcase name="test1807" classname="RegressionTest3" time="0"/>
  <testcase name="test1808" classname="RegressionTest3" time="0"/>
  <testcase name="test1809" classname="RegressionTest3" time="0"/>
  <testcase name="test1810" classname="RegressionTest3" time="0"/>
  <testcase name="test1811" classname="RegressionTest3" time="0"/>
  <testcase name="test1812" classname="RegressionTest3" time="0"/>
  <testcase name="test1813" classname="RegressionTest3" time="0"/>
  <testcase name="test1814" classname="RegressionTest3" time="0"/>
  <testcase name="test1815" classname="RegressionTest3" time="0"/>
  <testcase name="test1816" classname="RegressionTest3" time="0"/>
  <testcase name="test1817" classname="RegressionTest3" time="0"/>
  <testcase name="test1818" classname="RegressionTest3" time="0"/>
  <testcase name="test1819" classname="RegressionTest3" time="0.001"/>
  <testcase name="test1820" classname="RegressionTest3" time="0"/>
  <testcase name="test1821" classname="RegressionTest3" time="0"/>
  <testcase name="test1822" classname="RegressionTest3" time="0"/>
  <testcase name="test1823" classname="RegressionTest3" time="0"/>
  <testcase name="test1824" classname="RegressionTest3" time="0"/>
  <testcase name="test1825" classname="RegressionTest3" time="0"/>
  <testcase name="test1826" classname="RegressionTest3" time="0"/>
  <testcase name="test1827" classname="RegressionTest3" time="0"/>
  <testcase name="test1828" classname="RegressionTest3" time="0"/>
  <testcase name="test1829" classname="RegressionTest3" time="0"/>
  <testcase name="test1830" classname="RegressionTest3" time="0"/>
  <testcase name="test1831" classname="RegressionTest3" time="0"/>
  <testcase name="test1832" classname="RegressionTest3" time="0"/>
  <testcase name="test1833" classname="RegressionTest3" time="0"/>
  <testcase name="test1834" classname="RegressionTest3" time="0"/>
  <testcase name="test1835" classname="RegressionTest3" time="0"/>
  <testcase name="test1836" classname="RegressionTest3" time="0.001"/>
  <testcase name="test1837" classname="RegressionTest3" time="0"/>
  <testcase name="test1838" classname="RegressionTest3" time="0"/>
  <testcase name="test1839" classname="RegressionTest3" time="0"/>
  <testcase name="test1840" classname="RegressionTest3" time="0"/>
  <testcase name="test1841" classname="RegressionTest3" time="0"/>
  <testcase name="test1842" classname="RegressionTest3" time="0"/>
  <testcase name="test1843" classname="RegressionTest3" time="0"/>
  <testcase name="test1844" classname="RegressionTest3" time="0"/>
  <testcase name="test1845" classname="RegressionTest3" time="0"/>
  <testcase name="test1846" classname="RegressionTest3" time="0"/>
  <testcase name="test1847" classname="RegressionTest3" time="0"/>
  <testcase name="test1848" classname="RegressionTest3" time="0"/>
  <testcase name="test1849" classname="RegressionTest3" time="0"/>
  <testcase name="test1850" classname="RegressionTest3" time="0"/>
  <testcase name="test1851" classname="RegressionTest3" time="0"/>
  <testcase name="test1852" classname="RegressionTest3" time="0"/>
  <testcase name="test1853" classname="RegressionTest3" time="0"/>
  <testcase name="test1854" classname="RegressionTest3" time="0"/>
  <testcase name="test1855" classname="RegressionTest3" time="0"/>
  <testcase name="test1856" classname="RegressionTest3" time="0"/>
  <testcase name="test1857" classname="RegressionTest3" time="0"/>
  <testcase name="test1858" classname="RegressionTest3" time="0"/>
  <testcase name="test1859" classname="RegressionTest3" time="0"/>
  <testcase name="test1860" classname="RegressionTest3" time="0"/>
  <testcase name="test1861" classname="RegressionTest3" time="0"/>
  <testcase name="test1862" classname="RegressionTest3" time="0"/>
  <testcase name="test1863" classname="RegressionTest3" time="0"/>
  <testcase name="test1864" classname="RegressionTest3" time="0"/>
  <testcase name="test1865" classname="RegressionTest3" time="0"/>
  <testcase name="test1866" classname="RegressionTest3" time="0"/>
  <testcase name="test1867" classname="RegressionTest3" time="0"/>
  <testcase name="test1868" classname="RegressionTest3" time="0"/>
  <testcase name="test1869" classname="RegressionTest3" time="0"/>
  <testcase name="test1870" classname="RegressionTest3" time="0"/>
  <testcase name="test1871" classname="RegressionTest3" time="0"/>
  <testcase name="test1872" classname="RegressionTest3" time="0"/>
  <testcase name="test1873" classname="RegressionTest3" time="0"/>
  <testcase name="test1874" classname="RegressionTest3" time="0"/>
  <testcase name="test1875" classname="RegressionTest3" time="0"/>
  <testcase name="test1876" classname="RegressionTest3" time="0"/>
  <testcase name="test1877" classname="RegressionTest3" time="0"/>
  <testcase name="test1878" classname="RegressionTest3" time="0"/>
  <testcase name="test1879" classname="RegressionTest3" time="0"/>
  <testcase name="test1880" classname="RegressionTest3" time="0"/>
  <testcase name="test1881" classname="RegressionTest3" time="0"/>
  <testcase name="test1882" classname="RegressionTest3" time="0"/>
  <testcase name="test1883" classname="RegressionTest3" time="0"/>
  <testcase name="test1884" classname="RegressionTest3" time="0.001"/>
  <testcase name="test1885" classname="RegressionTest3" time="0"/>
  <testcase name="test1886" classname="RegressionTest3" time="0"/>
  <testcase name="test1887" classname="RegressionTest3" time="0"/>
  <testcase name="test1888" classname="RegressionTest3" time="0"/>
  <testcase name="test1889" classname="RegressionTest3" time="0"/>
  <testcase name="test1890" classname="RegressionTest3" time="0"/>
  <testcase name="test1891" classname="RegressionTest3" time="0"/>
  <testcase name="test1892" classname="RegressionTest3" time="0"/>
  <testcase name="test1893" classname="RegressionTest3" time="0"/>
  <testcase name="test1894" classname="RegressionTest3" time="0"/>
  <testcase name="test1895" classname="RegressionTest3" time="0"/>
  <testcase name="test1896" classname="RegressionTest3" time="0"/>
  <testcase name="test1897" classname="RegressionTest3" time="0"/>
  <testcase name="test1898" classname="RegressionTest3" time="0"/>
  <testcase name="test1899" classname="RegressionTest3" time="0"/>
  <testcase name="test1900" classname="RegressionTest3" time="0"/>
  <testcase name="test1901" classname="RegressionTest3" time="0"/>
  <testcase name="test1902" classname="RegressionTest3" time="0"/>
  <testcase name="test1903" classname="RegressionTest3" time="0"/>
  <testcase name="test1904" classname="RegressionTest3" time="0"/>
  <testcase name="test1905" classname="RegressionTest3" time="0"/>
  <testcase name="test1906" classname="RegressionTest3" time="0"/>
  <testcase name="test1907" classname="RegressionTest3" time="0"/>
  <testcase name="test1908" classname="RegressionTest3" time="0"/>
  <testcase name="test1909" classname="RegressionTest3" time="0"/>
  <testcase name="test1910" classname="RegressionTest3" time="0"/>
  <testcase name="test1911" classname="RegressionTest3" time="0"/>
  <testcase name="test1912" classname="RegressionTest3" time="0"/>
  <testcase name="test1913" classname="RegressionTest3" time="0"/>
  <testcase name="test1914" classname="RegressionTest3" time="0"/>
  <testcase name="test1915" classname="RegressionTest3" time="0"/>
  <testcase name="test1916" classname="RegressionTest3" time="0"/>
  <testcase name="test1917" classname="RegressionTest3" time="0"/>
  <testcase name="test1918" classname="RegressionTest3" time="0"/>
  <testcase name="test1919" classname="RegressionTest3" time="0"/>
  <testcase name="test1920" classname="RegressionTest3" time="0"/>
  <testcase name="test1921" classname="RegressionTest3" time="0"/>
  <testcase name="test1922" classname="RegressionTest3" time="0"/>
  <testcase name="test1923" classname="RegressionTest3" time="0"/>
  <testcase name="test1924" classname="RegressionTest3" time="0"/>
  <testcase name="test1925" classname="RegressionTest3" time="0"/>
  <testcase name="test1926" classname="RegressionTest3" time="0"/>
  <testcase name="test1927" classname="RegressionTest3" time="0"/>
  <testcase name="test1928" classname="RegressionTest3" time="0"/>
  <testcase name="test1929" classname="RegressionTest3" time="0"/>
  <testcase name="test1930" classname="RegressionTest3" time="0"/>
  <testcase name="test1931" classname="RegressionTest3" time="0"/>
  <testcase name="test1932" classname="RegressionTest3" time="0"/>
  <testcase name="test1933" classname="RegressionTest3" time="0"/>
  <testcase name="test1934" classname="RegressionTest3" time="0"/>
  <testcase name="test1935" classname="RegressionTest3" time="0"/>
  <testcase name="test1936" classname="RegressionTest3" time="0"/>
  <testcase name="test1937" classname="RegressionTest3" time="0"/>
  <testcase name="test1938" classname="RegressionTest3" time="0"/>
  <testcase name="test1939" classname="RegressionTest3" time="0"/>
  <testcase name="test1940" classname="RegressionTest3" time="0"/>
  <testcase name="test1941" classname="RegressionTest3" time="0"/>
  <testcase name="test1942" classname="RegressionTest3" time="0"/>
  <testcase name="test1943" classname="RegressionTest3" time="0"/>
  <testcase name="test1944" classname="RegressionTest3" time="0"/>
  <testcase name="test1945" classname="RegressionTest3" time="0"/>
  <testcase name="test1946" classname="RegressionTest3" time="0"/>
  <testcase name="test1947" classname="RegressionTest3" time="0"/>
  <testcase name="test1948" classname="RegressionTest3" time="0"/>
  <testcase name="test1949" classname="RegressionTest3" time="0"/>
  <testcase name="test1950" classname="RegressionTest3" time="0"/>
  <testcase name="test1951" classname="RegressionTest3" time="0"/>
  <testcase name="test1952" classname="RegressionTest3" time="0"/>
  <testcase name="test1953" classname="RegressionTest3" time="0"/>
  <testcase name="test1954" classname="RegressionTest3" time="0"/>
  <testcase name="test1955" classname="RegressionTest3" time="0"/>
  <testcase name="test1956" classname="RegressionTest3" time="0"/>
  <testcase name="test1957" classname="RegressionTest3" time="0"/>
  <testcase name="test1958" classname="RegressionTest3" time="0"/>
  <testcase name="test1959" classname="RegressionTest3" time="0"/>
  <testcase name="test1960" classname="RegressionTest3" time="0"/>
  <testcase name="test1961" classname="RegressionTest3" time="0"/>
  <testcase name="test1962" classname="RegressionTest3" time="0"/>
  <testcase name="test1963" classname="RegressionTest3" time="0"/>
  <testcase name="test1964" classname="RegressionTest3" time="0"/>
  <testcase name="test1965" classname="RegressionTest3" time="0"/>
  <testcase name="test1966" classname="RegressionTest3" time="0"/>
  <testcase name="test1967" classname="RegressionTest3" time="0"/>
  <testcase name="test1968" classname="RegressionTest3" time="0"/>
  <testcase name="test1969" classname="RegressionTest3" time="0"/>
  <testcase name="test1970" classname="RegressionTest3" time="0"/>
  <testcase name="test1971" classname="RegressionTest3" time="0"/>
  <testcase name="test1972" classname="RegressionTest3" time="0"/>
  <testcase name="test1973" classname="RegressionTest3" time="0"/>
  <testcase name="test1974" classname="RegressionTest3" time="0"/>
  <testcase name="test1975" classname="RegressionTest3" time="0.001"/>
  <testcase name="test1976" classname="RegressionTest3" time="0"/>
  <testcase name="test1977" classname="RegressionTest3" time="0"/>
  <testcase name="test1978" classname="RegressionTest3" time="0"/>
  <testcase name="test1979" classname="RegressionTest3" time="0"/>
  <testcase name="test1980" classname="RegressionTest3" time="0"/>
  <testcase name="test1981" classname="RegressionTest3" time="0"/>
  <testcase name="test1982" classname="RegressionTest3" time="0"/>
  <testcase name="test1983" classname="RegressionTest3" time="0"/>
  <testcase name="test1984" classname="RegressionTest3" time="0"/>
  <testcase name="test1985" classname="RegressionTest3" time="0"/>
  <testcase name="test1986" classname="RegressionTest3" time="0"/>
  <testcase name="test1987" classname="RegressionTest3" time="0"/>
  <testcase name="test1988" classname="RegressionTest3" time="0"/>
  <testcase name="test1989" classname="RegressionTest3" time="0"/>
  <testcase name="test1990" classname="RegressionTest3" time="0"/>
  <testcase name="test1991" classname="RegressionTest3" time="0"/>
  <testcase name="test1992" classname="RegressionTest3" time="0"/>
  <testcase name="test1993" classname="RegressionTest3" time="0"/>
  <testcase name="test1994" classname="RegressionTest3" time="0"/>
  <testcase name="test1995" classname="RegressionTest3" time="0"/>
  <testcase name="test1996" classname="RegressionTest3" time="0"/>
  <testcase name="test1997" classname="RegressionTest3" time="0"/>
  <testcase name="test1998" classname="RegressionTest3" time="0"/>
  <testcase name="test1999" classname="RegressionTest3" time="0"/>
  <testcase name="test2000" classname="RegressionTest3" time="0"/>
  <testcase name="test2001" classname="RegressionTest4" time="0"/>
  <testcase name="test2002" classname="RegressionTest4" time="0"/>
  <testcase name="test2003" classname="RegressionTest4" time="0"/>
  <testcase name="test2004" classname="RegressionTest4" time="0"/>
  <testcase name="test2005" classname="RegressionTest4" time="0"/>
  <testcase name="test2006" classname="RegressionTest4" time="0"/>
  <testcase name="test2007" classname="RegressionTest4" time="0"/>
  <testcase name="test2008" classname="RegressionTest4" time="0"/>
  <testcase name="test2009" classname="RegressionTest4" time="0"/>
  <testcase name="test2010" classname="RegressionTest4" time="0"/>
  <testcase name="test2011" classname="RegressionTest4" time="0"/>
  <testcase name="test2012" classname="RegressionTest4" time="0"/>
  <testcase name="test2013" classname="RegressionTest4" time="0"/>
  <testcase name="test2014" classname="RegressionTest4" time="0"/>
  <testcase name="test2015" classname="RegressionTest4" time="0"/>
  <testcase name="test2016" classname="RegressionTest4" time="0"/>
  <testcase name="test2017" classname="RegressionTest4" time="0"/>
  <testcase name="test2018" classname="RegressionTest4" time="0"/>
  <testcase name="test2019" classname="RegressionTest4" time="0"/>
  <testcase name="test2020" classname="RegressionTest4" time="0"/>
  <testcase name="test2021" classname="RegressionTest4" time="0"/>
  <testcase name="test2022" classname="RegressionTest4" time="0"/>
  <testcase name="test2023" classname="RegressionTest4" time="0"/>
  <testcase name="test2024" classname="RegressionTest4" time="0"/>
  <testcase name="test2025" classname="RegressionTest4" time="0"/>
  <testcase name="test2026" classname="RegressionTest4" time="0"/>
  <testcase name="test2027" classname="RegressionTest4" time="0"/>
  <testcase name="test2028" classname="RegressionTest4" time="0"/>
  <testcase name="test2029" classname="RegressionTest4" time="0"/>
  <testcase name="test2030" classname="RegressionTest4" time="0"/>
  <testcase name="test2031" classname="RegressionTest4" time="0"/>
  <testcase name="test2032" classname="RegressionTest4" time="0"/>
  <testcase name="test2033" classname="RegressionTest4" time="0"/>
  <testcase name="test2034" classname="RegressionTest4" time="0"/>
  <testcase name="test2035" classname="RegressionTest4" time="0"/>
  <testcase name="test2036" classname="RegressionTest4" time="0"/>
  <testcase name="test2037" classname="RegressionTest4" time="0"/>
  <testcase name="test2038" classname="RegressionTest4" time="0"/>
  <testcase name="test2039" classname="RegressionTest4" time="0"/>
  <testcase name="test2040" classname="RegressionTest4" time="0"/>
  <testcase name="test2041" classname="RegressionTest4" time="0"/>
  <testcase name="test2042" classname="RegressionTest4" time="0"/>
  <testcase name="test2043" classname="RegressionTest4" time="0"/>
  <testcase name="test2044" classname="RegressionTest4" time="0"/>
  <testcase name="test2045" classname="RegressionTest4" time="0"/>
  <testcase name="test2046" classname="RegressionTest4" time="0"/>
  <testcase name="test2047" classname="RegressionTest4" time="0"/>
  <testcase name="test2048" classname="RegressionTest4" time="0"/>
  <testcase name="test2049" classname="RegressionTest4" time="0"/>
  <testcase name="test2050" classname="RegressionTest4" time="0"/>
  <testcase name="test2051" classname="RegressionTest4" time="0"/>
  <testcase name="test2052" classname="RegressionTest4" time="0"/>
  <testcase name="test2053" classname="RegressionTest4" time="0"/>
  <testcase name="test2054" classname="RegressionTest4" time="0"/>
  <testcase name="test2055" classname="RegressionTest4" time="0"/>
  <testcase name="test2056" classname="RegressionTest4" time="0"/>
  <testcase name="test2057" classname="RegressionTest4" time="0"/>
  <testcase name="test2058" classname="RegressionTest4" time="0"/>
  <testcase name="test2059" classname="RegressionTest4" time="0"/>
  <testcase name="test2060" classname="RegressionTest4" time="0"/>
  <testcase name="test2061" classname="RegressionTest4" time="0"/>
  <testcase name="test2062" classname="RegressionTest4" time="0"/>
  <testcase name="test2063" classname="RegressionTest4" time="0"/>
  <testcase name="test2064" classname="RegressionTest4" time="0"/>
  <testcase name="test2065" classname="RegressionTest4" time="0"/>
  <testcase name="test2066" classname="RegressionTest4" time="0"/>
  <testcase name="test2067" classname="RegressionTest4" time="0"/>
  <testcase name="test2068" classname="RegressionTest4" time="0"/>
  <testcase name="test2069" classname="RegressionTest4" time="0"/>
  <testcase name="test2070" classname="RegressionTest4" time="0"/>
  <testcase name="test2071" classname="RegressionTest4" time="0"/>
  <testcase name="test2072" classname="RegressionTest4" time="0"/>
  <testcase name="test2073" classname="RegressionTest4" time="0"/>
  <testcase name="test2074" classname="RegressionTest4" time="0"/>
  <testcase name="test2075" classname="RegressionTest4" time="0"/>
  <testcase name="test2076" classname="RegressionTest4" time="0"/>
  <testcase name="test2077" classname="RegressionTest4" time="0"/>
  <testcase name="test2078" classname="RegressionTest4" time="0"/>
  <testcase name="test2079" classname="RegressionTest4" time="0"/>
  <testcase name="test2080" classname="RegressionTest4" time="0"/>
  <testcase name="test2081" classname="RegressionTest4" time="0"/>
  <testcase name="test2082" classname="RegressionTest4" time="0"/>
  <testcase name="test2083" classname="RegressionTest4" time="0"/>
  <testcase name="test2084" classname="RegressionTest4" time="0"/>
  <testcase name="test2085" classname="RegressionTest4" time="0"/>
  <testcase name="test2086" classname="RegressionTest4" time="0"/>
  <testcase name="test2087" classname="RegressionTest4" time="0"/>
  <testcase name="test2088" classname="RegressionTest4" time="0"/>
  <testcase name="test2089" classname="RegressionTest4" time="0"/>
  <testcase name="test2090" classname="RegressionTest4" time="0"/>
  <testcase name="test2091" classname="RegressionTest4" time="0"/>
  <testcase name="test2092" classname="RegressionTest4" time="0"/>
  <testcase name="test2093" classname="RegressionTest4" time="0"/>
  <testcase name="test2094" classname="RegressionTest4" time="0"/>
  <testcase name="test2095" classname="RegressionTest4" time="0"/>
  <testcase name="test2096" classname="RegressionTest4" time="0"/>
  <testcase name="test2097" classname="RegressionTest4" time="0"/>
  <testcase name="test2098" classname="RegressionTest4" time="0"/>
  <testcase name="test2099" classname="RegressionTest4" time="0.001"/>
  <testcase name="test2100" classname="RegressionTest4" time="0"/>
  <testcase name="test2101" classname="RegressionTest4" time="0"/>
  <testcase name="test2102" classname="RegressionTest4" time="0"/>
  <testcase name="test2103" classname="RegressionTest4" time="0"/>
  <testcase name="test2104" classname="RegressionTest4" time="0"/>
  <testcase name="test2105" classname="RegressionTest4" time="0"/>
  <testcase name="test2106" classname="RegressionTest4" time="0"/>
  <testcase name="test2107" classname="RegressionTest4" time="0"/>
  <testcase name="test2108" classname="RegressionTest4" time="0"/>
  <testcase name="test2109" classname="RegressionTest4" time="0"/>
  <testcase name="test2110" classname="RegressionTest4" time="0"/>
  <testcase name="test2111" classname="RegressionTest4" time="0"/>
  <testcase name="test2112" classname="RegressionTest4" time="0"/>
  <testcase name="test2113" classname="RegressionTest4" time="0"/>
  <testcase name="test2114" classname="RegressionTest4" time="0"/>
  <testcase name="test2115" classname="RegressionTest4" time="0"/>
  <testcase name="test2116" classname="RegressionTest4" time="0"/>
  <testcase name="test2117" classname="RegressionTest4" time="0"/>
  <testcase name="test2118" classname="RegressionTest4" time="0"/>
  <testcase name="test2119" classname="RegressionTest4" time="0"/>
  <testcase name="test2120" classname="RegressionTest4" time="0"/>
  <testcase name="test2121" classname="RegressionTest4" time="0"/>
  <testcase name="test2122" classname="RegressionTest4" time="0"/>
  <testcase name="test2123" classname="RegressionTest4" time="0"/>
  <testcase name="test2124" classname="RegressionTest4" time="0"/>
  <testcase name="test2125" classname="RegressionTest4" time="0"/>
  <testcase name="test2126" classname="RegressionTest4" time="0"/>
  <testcase name="test2127" classname="RegressionTest4" time="0.001"/>
  <testcase name="test2128" classname="RegressionTest4" time="0"/>
  <testcase name="test2129" classname="RegressionTest4" time="0"/>
  <testcase name="test2130" classname="RegressionTest4" time="0"/>
  <testcase name="test2131" classname="RegressionTest4" time="0"/>
  <testcase name="test2132" classname="RegressionTest4" time="0"/>
  <testcase name="test2133" classname="RegressionTest4" time="0"/>
  <testcase name="test2134" classname="RegressionTest4" time="0"/>
  <testcase name="test2135" classname="RegressionTest4" time="0"/>
  <testcase name="test2136" classname="RegressionTest4" time="0"/>
  <testcase name="test2137" classname="RegressionTest4" time="0"/>
  <testcase name="test2138" classname="RegressionTest4" time="0"/>
  <testcase name="test2139" classname="RegressionTest4" time="0"/>
  <testcase name="test2140" classname="RegressionTest4" time="0"/>
  <testcase name="test2141" classname="RegressionTest4" time="0"/>
  <testcase name="test2142" classname="RegressionTest4" time="0"/>
  <testcase name="test2143" classname="RegressionTest4" time="0"/>
  <testcase name="test2144" classname="RegressionTest4" time="0"/>
  <testcase name="test2145" classname="RegressionTest4" time="0"/>
  <testcase name="test2146" classname="RegressionTest4" time="0"/>
  <testcase name="test2147" classname="RegressionTest4" time="0"/>
  <testcase name="test2148" classname="RegressionTest4" time="0"/>
  <testcase name="test2149" classname="RegressionTest4" time="0"/>
  <testcase name="test2150" classname="RegressionTest4" time="0"/>
  <testcase name="test2151" classname="RegressionTest4" time="0"/>
  <testcase name="test2152" classname="RegressionTest4" time="0"/>
  <testcase name="test2153" classname="RegressionTest4" time="0"/>
  <testcase name="test2154" classname="RegressionTest4" time="0"/>
  <testcase name="test2155" classname="RegressionTest4" time="0"/>
  <testcase name="test2156" classname="RegressionTest4" time="0"/>
  <testcase name="test2157" classname="RegressionTest4" time="0"/>
  <testcase name="test2158" classname="RegressionTest4" time="0"/>
  <testcase name="test2159" classname="RegressionTest4" time="0"/>
  <testcase name="test2160" classname="RegressionTest4" time="0"/>
  <testcase name="test2161" classname="RegressionTest4" time="0"/>
  <testcase name="test2162" classname="RegressionTest4" time="0"/>
  <testcase name="test2163" classname="RegressionTest4" time="0"/>
  <testcase name="test2164" classname="RegressionTest4" time="0"/>
  <testcase name="test2165" classname="RegressionTest4" time="0"/>
  <testcase name="test2166" classname="RegressionTest4" time="0"/>
  <testcase name="test2167" classname="RegressionTest4" time="0"/>
  <testcase name="test2168" classname="RegressionTest4" time="0"/>
  <testcase name="test2169" classname="RegressionTest4" time="0"/>
  <testcase name="test2170" classname="RegressionTest4" time="0"/>
  <testcase name="test2171" classname="RegressionTest4" time="0.001"/>
  <testcase name="test2172" classname="RegressionTest4" time="0"/>
  <testcase name="test2173" classname="RegressionTest4" time="0"/>
  <testcase name="test2174" classname="RegressionTest4" time="0"/>
  <testcase name="test2175" classname="RegressionTest4" time="0"/>
  <testcase name="test2176" classname="RegressionTest4" time="0"/>
  <testcase name="test2177" classname="RegressionTest4" time="0"/>
  <testcase name="test2178" classname="RegressionTest4" time="0"/>
  <testcase name="test2179" classname="RegressionTest4" time="0"/>
  <testcase name="test2180" classname="RegressionTest4" time="0"/>
  <testcase name="test2181" classname="RegressionTest4" time="0"/>
  <testcase name="test2182" classname="RegressionTest4" time="0"/>
  <testcase name="test2183" classname="RegressionTest4" time="0"/>
  <testcase name="test2184" classname="RegressionTest4" time="0.001"/>
  <testcase name="test2185" classname="RegressionTest4" time="0"/>
  <testcase name="test2186" classname="RegressionTest4" time="0"/>
  <testcase name="test2187" classname="RegressionTest4" time="0"/>
  <testcase name="test2188" classname="RegressionTest4" time="0"/>
  <testcase name="test2189" classname="RegressionTest4" time="0"/>
  <testcase name="test2190" classname="RegressionTest4" time="0"/>
  <testcase name="test2191" classname="RegressionTest4" time="0"/>
  <testcase name="test2192" classname="RegressionTest4" time="0"/>
  <testcase name="test2193" classname="RegressionTest4" time="0"/>
  <testcase name="test2194" classname="RegressionTest4" time="0"/>
  <testcase name="test2195" classname="RegressionTest4" time="0"/>
  <testcase name="test2196" classname="RegressionTest4" time="0"/>
  <testcase name="test2197" classname="RegressionTest4" time="0"/>
  <testcase name="test2198" classname="RegressionTest4" time="0"/>
  <testcase name="test2199" classname="RegressionTest4" time="0"/>
  <testcase name="test2200" classname="RegressionTest4" time="0"/>
  <testcase name="test2201" classname="RegressionTest4" time="0"/>
  <testcase name="test2202" classname="RegressionTest4" time="0"/>
  <testcase name="test2203" classname="RegressionTest4" time="0"/>
  <testcase name="test2204" classname="RegressionTest4" time="0"/>
  <testcase name="test2205" classname="RegressionTest4" time="0"/>
  <testcase name="test2206" classname="RegressionTest4" time="0"/>
  <testcase name="test2207" classname="RegressionTest4" time="0"/>
  <testcase name="test2208" classname="RegressionTest4" time="0"/>
  <testcase name="test2209" classname="RegressionTest4" time="0"/>
  <testcase name="test2210" classname="RegressionTest4" time="0.001"/>
  <testcase name="test2211" classname="RegressionTest4" time="0"/>
  <testcase name="test2212" classname="RegressionTest4" time="0"/>
  <testcase name="test2213" classname="RegressionTest4" time="0"/>
  <testcase name="test2214" classname="RegressionTest4" time="0"/>
  <testcase name="test2215" classname="RegressionTest4" time="0"/>
  <testcase name="test2216" classname="RegressionTest4" time="0"/>
  <testcase name="test2217" classname="RegressionTest4" time="0"/>
  <testcase name="test2218" classname="RegressionTest4" time="0"/>
  <testcase name="test2219" classname="RegressionTest4" time="0"/>
  <testcase name="test2220" classname="RegressionTest4" time="0"/>
  <testcase name="test2221" classname="RegressionTest4" time="0"/>
  <testcase name="test2222" classname="RegressionTest4" time="0"/>
  <testcase name="test2223" classname="RegressionTest4" time="0"/>
  <testcase name="test2224" classname="RegressionTest4" time="0"/>
  <testcase name="test2225" classname="RegressionTest4" time="0"/>
  <testcase name="test2226" classname="RegressionTest4" time="0"/>
  <testcase name="test2227" classname="RegressionTest4" time="0"/>
  <testcase name="test2228" classname="RegressionTest4" time="0"/>
  <testcase name="test2229" classname="RegressionTest4" time="0"/>
  <testcase name="test2230" classname="RegressionTest4" time="0"/>
  <testcase name="test2231" classname="RegressionTest4" time="0"/>
  <testcase name="test2232" classname="RegressionTest4" time="0"/>
  <testcase name="test2233" classname="RegressionTest4" time="0"/>
  <testcase name="test2234" classname="RegressionTest4" time="0"/>
  <testcase name="test2235" classname="RegressionTest4" time="0"/>
  <testcase name="test2236" classname="RegressionTest4" time="0"/>
  <testcase name="test2237" classname="RegressionTest4" time="0"/>
  <testcase name="test2238" classname="RegressionTest4" time="0"/>
  <testcase name="test2239" classname="RegressionTest4" time="0"/>
  <testcase name="test2240" classname="RegressionTest4" time="0"/>
  <testcase name="test2241" classname="RegressionTest4" time="0"/>
  <testcase name="test2242" classname="RegressionTest4" time="0"/>
  <testcase name="test2243" classname="RegressionTest4" time="0"/>
  <testcase name="test2244" classname="RegressionTest4" time="0"/>
  <testcase name="test2245" classname="RegressionTest4" time="0"/>
  <testcase name="test2246" classname="RegressionTest4" time="0"/>
  <testcase name="test2247" classname="RegressionTest4" time="0"/>
  <testcase name="test2248" classname="RegressionTest4" time="0"/>
  <testcase name="test2249" classname="RegressionTest4" time="0"/>
  <testcase name="test2250" classname="RegressionTest4" time="0"/>
  <testcase name="test2251" classname="RegressionTest4" time="0"/>
  <testcase name="test2252" classname="RegressionTest4" time="0"/>
  <testcase name="test2253" classname="RegressionTest4" time="0"/>
  <testcase name="test2254" classname="RegressionTest4" time="0.001"/>
  <testcase name="test2255" classname="RegressionTest4" time="0"/>
  <testcase name="test2256" classname="RegressionTest4" time="0"/>
  <testcase name="test2257" classname="RegressionTest4" time="0"/>
  <testcase name="test2258" classname="RegressionTest4" time="0"/>
  <testcase name="test2259" classname="RegressionTest4" time="0"/>
  <testcase name="test2260" classname="RegressionTest4" time="0"/>
  <testcase name="test2261" classname="RegressionTest4" time="0"/>
  <testcase name="test2262" classname="RegressionTest4" time="0"/>
  <testcase name="test2263" classname="RegressionTest4" time="0"/>
  <testcase name="test2264" classname="RegressionTest4" time="0"/>
  <testcase name="test2265" classname="RegressionTest4" time="0"/>
  <testcase name="test2266" classname="RegressionTest4" time="0"/>
  <testcase name="test2267" classname="RegressionTest4" time="0"/>
  <testcase name="test2268" classname="RegressionTest4" time="0"/>
  <testcase name="test2269" classname="RegressionTest4" time="0"/>
  <testcase name="test2270" classname="RegressionTest4" time="0"/>
  <testcase name="test2271" classname="RegressionTest4" time="0.001"/>
  <testcase name="test2272" classname="RegressionTest4" time="0"/>
  <testcase name="test2273" classname="RegressionTest4" time="0"/>
  <testcase name="test2274" classname="RegressionTest4" time="0"/>
  <testcase name="test2275" classname="RegressionTest4" time="0"/>
  <testcase name="test2276" classname="RegressionTest4" time="0"/>
  <testcase name="test2277" classname="RegressionTest4" time="0"/>
  <testcase name="test2278" classname="RegressionTest4" time="0"/>
  <testcase name="test2279" classname="RegressionTest4" time="0"/>
  <testcase name="test2280" classname="RegressionTest4" time="0"/>
  <testcase name="test2281" classname="RegressionTest4" time="0"/>
  <testcase name="test2282" classname="RegressionTest4" time="0"/>
  <testcase name="test2283" classname="RegressionTest4" time="0"/>
  <testcase name="test2284" classname="RegressionTest4" time="0.001"/>
  <testcase name="test2285" classname="RegressionTest4" time="0"/>
  <testcase name="test2286" classname="RegressionTest4" time="0"/>
  <testcase name="test2287" classname="RegressionTest4" time="0"/>
  <testcase name="test2288" classname="RegressionTest4" time="0"/>
  <testcase name="test2289" classname="RegressionTest4" time="0"/>
  <testcase name="test2290" classname="RegressionTest4" time="0"/>
  <testcase name="test2291" classname="RegressionTest4" time="0"/>
  <testcase name="test2292" classname="RegressionTest4" time="0"/>
  <testcase name="test2293" classname="RegressionTest4" time="0"/>
  <testcase name="test2294" classname="RegressionTest4" time="0"/>
  <testcase name="test2295" classname="RegressionTest4" time="0"/>
  <testcase name="test2296" classname="RegressionTest4" time="0"/>
  <testcase name="test2297" classname="RegressionTest4" time="0"/>
  <testcase name="test2298" classname="RegressionTest4" time="0"/>
  <testcase name="test2299" classname="RegressionTest4" time="0"/>
  <testcase name="test2300" classname="RegressionTest4" time="0"/>
  <testcase name="test2301" classname="RegressionTest4" time="0.001"/>
  <testcase name="test2302" classname="RegressionTest4" time="0"/>
  <testcase name="test2303" classname="RegressionTest4" time="0"/>
  <testcase name="test2304" classname="RegressionTest4" time="0"/>
  <testcase name="test2305" classname="RegressionTest4" time="0"/>
  <testcase name="test2306" classname="RegressionTest4" time="0"/>
  <testcase name="test2307" classname="RegressionTest4" time="0"/>
  <testcase name="test2308" classname="RegressionTest4" time="0"/>
  <testcase name="test2309" classname="RegressionTest4" time="0"/>
  <testcase name="test2310" classname="RegressionTest4" time="0"/>
  <testcase name="test2311" classname="RegressionTest4" time="0"/>
  <testcase name="test2312" classname="RegressionTest4" time="0"/>
  <testcase name="test2313" classname="RegressionTest4" time="0"/>
  <testcase name="test2314" classname="RegressionTest4" time="0"/>
  <testcase name="test2315" classname="RegressionTest4" time="0"/>
  <testcase name="test2316" classname="RegressionTest4" time="0"/>
  <testcase name="test2317" classname="RegressionTest4" time="0"/>
  <testcase name="test2318" classname="RegressionTest4" time="0"/>
  <testcase name="test2319" classname="RegressionTest4" time="0"/>
  <testcase name="test2320" classname="RegressionTest4" time="0"/>
  <testcase name="test2321" classname="RegressionTest4" time="0"/>
  <testcase name="test2322" classname="RegressionTest4" time="0"/>
  <testcase name="test2323" classname="RegressionTest4" time="0"/>
  <testcase name="test2324" classname="RegressionTest4" time="0"/>
  <testcase name="test2325" classname="RegressionTest4" time="0"/>
  <testcase name="test2326" classname="RegressionTest4" time="0"/>
  <testcase name="test2327" classname="RegressionTest4" time="0"/>
  <testcase name="test2328" classname="RegressionTest4" time="0"/>
  <testcase name="test2329" classname="RegressionTest4" time="0"/>
  <testcase name="test2330" classname="RegressionTest4" time="0"/>
  <testcase name="test2331" classname="RegressionTest4" time="0"/>
  <testcase name="test2332" classname="RegressionTest4" time="0"/>
  <testcase name="test2333" classname="RegressionTest4" time="0"/>
  <testcase name="test2334" classname="RegressionTest4" time="0"/>
  <testcase name="test2335" classname="RegressionTest4" time="0"/>
  <testcase name="test2336" classname="RegressionTest4" time="0"/>
  <testcase name="test2337" classname="RegressionTest4" time="0"/>
  <testcase name="test2338" classname="RegressionTest4" time="0"/>
  <testcase name="test2339" classname="RegressionTest4" time="0"/>
  <testcase name="test2340" classname="RegressionTest4" time="0.001"/>
  <testcase name="test2341" classname="RegressionTest4" time="0"/>
  <testcase name="test2342" classname="RegressionTest4" time="0"/>
  <testcase name="test2343" classname="RegressionTest4" time="0"/>
  <testcase name="test2344" classname="RegressionTest4" time="0"/>
  <testcase name="test2345" classname="RegressionTest4" time="0"/>
  <testcase name="test2346" classname="RegressionTest4" time="0"/>
  <testcase name="test2347" classname="RegressionTest4" time="0"/>
  <testcase name="test2348" classname="RegressionTest4" time="0"/>
  <testcase name="test2349" classname="RegressionTest4" time="0"/>
  <testcase name="test2350" classname="RegressionTest4" time="0"/>
  <testcase name="test2351" classname="RegressionTest4" time="0"/>
  <testcase name="test2352" classname="RegressionTest4" time="0"/>
  <testcase name="test2353" classname="RegressionTest4" time="0"/>
  <testcase name="test2354" classname="RegressionTest4" time="0"/>
  <testcase name="test2355" classname="RegressionTest4" time="0"/>
  <testcase name="test2356" classname="RegressionTest4" time="0"/>
  <testcase name="test2357" classname="RegressionTest4" time="0"/>
  <testcase name="test2358" classname="RegressionTest4" time="0"/>
  <testcase name="test2359" classname="RegressionTest4" time="0"/>
  <testcase name="test2360" classname="RegressionTest4" time="0"/>
  <testcase name="test2361" classname="RegressionTest4" time="0"/>
  <testcase name="test2362" classname="RegressionTest4" time="0"/>
  <testcase name="test2363" classname="RegressionTest4" time="0"/>
  <testcase name="test2364" classname="RegressionTest4" time="0"/>
  <testcase name="test2365" classname="RegressionTest4" time="0"/>
  <testcase name="test2366" classname="RegressionTest4" time="0"/>
  <testcase name="test2367" classname="RegressionTest4" time="0"/>
  <testcase name="test2368" classname="RegressionTest4" time="0"/>
  <testcase name="test2369" classname="RegressionTest4" time="0"/>
  <testcase name="test2370" classname="RegressionTest4" time="0"/>
  <testcase name="test2371" classname="RegressionTest4" time="0"/>
  <testcase name="test2372" classname="RegressionTest4" time="0"/>
  <testcase name="test2373" classname="RegressionTest4" time="0"/>
  <testcase name="test2374" classname="RegressionTest4" time="0"/>
  <testcase name="test2375" classname="RegressionTest4" time="0"/>
  <testcase name="test2376" classname="RegressionTest4" time="0"/>
  <testcase name="test2377" classname="RegressionTest4" time="0"/>
  <testcase name="test2378" classname="RegressionTest4" time="0"/>
  <testcase name="test2379" classname="RegressionTest4" time="0"/>
  <testcase name="test2380" classname="RegressionTest4" time="0"/>
  <testcase name="test2381" classname="RegressionTest4" time="0"/>
  <testcase name="test2382" classname="RegressionTest4" time="0"/>
  <testcase name="test2383" classname="RegressionTest4" time="0"/>
  <testcase name="test2384" classname="RegressionTest4" time="0"/>
  <testcase name="test2385" classname="RegressionTest4" time="0"/>
  <testcase name="test2386" classname="RegressionTest4" time="0"/>
  <testcase name="test2387" classname="RegressionTest4" time="0"/>
  <testcase name="test2388" classname="RegressionTest4" time="0"/>
  <testcase name="test2389" classname="RegressionTest4" time="0"/>
  <testcase name="test2390" classname="RegressionTest4" time="0"/>
  <testcase name="test2391" classname="RegressionTest4" time="0"/>
  <testcase name="test2392" classname="RegressionTest4" time="0"/>
  <testcase name="test2393" classname="RegressionTest4" time="0"/>
  <testcase name="test2394" classname="RegressionTest4" time="0"/>
  <testcase name="test2395" classname="RegressionTest4" time="0"/>
  <testcase name="test2396" classname="RegressionTest4" time="0"/>
  <testcase name="test2397" classname="RegressionTest4" time="0"/>
  <testcase name="test2398" classname="RegressionTest4" time="0"/>
  <testcase name="test2399" classname="RegressionTest4" time="0.001"/>
  <testcase name="test2400" classname="RegressionTest4" time="0"/>
  <testcase name="test2401" classname="RegressionTest4" time="0"/>
  <testcase name="test2402" classname="RegressionTest4" time="0"/>
  <testcase name="test2403" classname="RegressionTest4" time="0"/>
  <testcase name="test2404" classname="RegressionTest4" time="0"/>
  <testcase name="test2405" classname="RegressionTest4" time="0"/>
  <testcase name="test2406" classname="RegressionTest4" time="0"/>
  <testcase name="test2407" classname="RegressionTest4" time="0"/>
  <testcase name="test2408" classname="RegressionTest4" time="0"/>
  <testcase name="test2409" classname="RegressionTest4" time="0"/>
  <testcase name="test2410" classname="RegressionTest4" time="0"/>
  <testcase name="test2411" classname="RegressionTest4" time="0"/>
  <testcase name="test2412" classname="RegressionTest4" time="0"/>
  <testcase name="test2413" classname="RegressionTest4" time="0"/>
  <testcase name="test2414" classname="RegressionTest4" time="0"/>
  <testcase name="test2415" classname="RegressionTest4" time="0"/>
  <testcase name="test2416" classname="RegressionTest4" time="0"/>
  <testcase name="test2417" classname="RegressionTest4" time="0"/>
  <testcase name="test2418" classname="RegressionTest4" time="0"/>
  <testcase name="test2419" classname="RegressionTest4" time="0"/>
  <testcase name="test2420" classname="RegressionTest4" time="0"/>
  <testcase name="test2421" classname="RegressionTest4" time="0"/>
  <testcase name="test2422" classname="RegressionTest4" time="0"/>
  <testcase name="test2423" classname="RegressionTest4" time="0"/>
  <testcase name="test2424" classname="RegressionTest4" time="0"/>
  <testcase name="test2425" classname="RegressionTest4" time="0"/>
  <testcase name="test2426" classname="RegressionTest4" time="0"/>
  <testcase name="test2427" classname="RegressionTest4" time="0"/>
  <testcase name="test2428" classname="RegressionTest4" time="0"/>
  <testcase name="test2429" classname="RegressionTest4" time="0"/>
  <testcase name="test2430" classname="RegressionTest4" time="0"/>
  <testcase name="test2431" classname="RegressionTest4" time="0"/>
  <testcase name="test2432" classname="RegressionTest4" time="0"/>
  <testcase name="test2433" classname="RegressionTest4" time="0"/>
  <testcase name="test2434" classname="RegressionTest4" time="0"/>
  <testcase name="test2435" classname="RegressionTest4" time="0"/>
  <testcase name="test2436" classname="RegressionTest4" time="0"/>
  <testcase name="test2437" classname="RegressionTest4" time="0"/>
  <testcase name="test2438" classname="RegressionTest4" time="0"/>
  <testcase name="test2439" classname="RegressionTest4" time="0"/>
  <testcase name="test2440" classname="RegressionTest4" time="0"/>
  <testcase name="test2441" classname="RegressionTest4" time="0"/>
  <testcase name="test2442" classname="RegressionTest4" time="0"/>
  <testcase name="test2443" classname="RegressionTest4" time="0"/>
  <testcase name="test2444" classname="RegressionTest4" time="0"/>
  <testcase name="test2445" classname="RegressionTest4" time="0"/>
  <testcase name="test2446" classname="RegressionTest4" time="0"/>
  <testcase name="test2447" classname="RegressionTest4" time="0"/>
  <testcase name="test2448" classname="RegressionTest4" time="0"/>
  <testcase name="test2449" classname="RegressionTest4" time="0"/>
  <testcase name="test2450" classname="RegressionTest4" time="0"/>
  <testcase name="test2451" classname="RegressionTest4" time="0"/>
  <testcase name="test2452" classname="RegressionTest4" time="0"/>
  <testcase name="test2453" classname="RegressionTest4" time="0"/>
  <testcase name="test2454" classname="RegressionTest4" time="0"/>
  <testcase name="test2455" classname="RegressionTest4" time="0"/>
  <testcase name="test2456" classname="RegressionTest4" time="0"/>
  <testcase name="test2457" classname="RegressionTest4" time="0"/>
  <testcase name="test2458" classname="RegressionTest4" time="0"/>
  <testcase name="test2459" classname="RegressionTest4" time="0"/>
  <testcase name="test2460" classname="RegressionTest4" time="0"/>
  <testcase name="test2461" classname="RegressionTest4" time="0"/>
  <testcase name="test2462" classname="RegressionTest4" time="0"/>
  <testcase name="test2463" classname="RegressionTest4" time="0"/>
  <testcase name="test2464" classname="RegressionTest4" time="0"/>
  <testcase name="test2465" classname="RegressionTest4" time="0"/>
  <testcase name="test2466" classname="RegressionTest4" time="0"/>
  <testcase name="test2467" classname="RegressionTest4" time="0"/>
  <testcase name="test2468" classname="RegressionTest4" time="0"/>
  <testcase name="test2469" classname="RegressionTest4" time="0"/>
  <testcase name="test2470" classname="RegressionTest4" time="0"/>
  <testcase name="test2471" classname="RegressionTest4" time="0"/>
  <testcase name="test2472" classname="RegressionTest4" time="0"/>
  <testcase name="test2473" classname="RegressionTest4" time="0"/>
  <testcase name="test2474" classname="RegressionTest4" time="0"/>
  <testcase name="test2475" classname="RegressionTest4" time="0"/>
  <testcase name="test2476" classname="RegressionTest4" time="0"/>
  <testcase name="test2477" classname="RegressionTest4" time="0"/>
  <testcase name="test2478" classname="RegressionTest4" time="0"/>
  <testcase name="test2479" classname="RegressionTest4" time="0"/>
  <testcase name="test2480" classname="RegressionTest4" time="0"/>
  <testcase name="test2481" classname="RegressionTest4" time="0"/>
  <testcase name="test2482" classname="RegressionTest4" time="0"/>
  <testcase name="test2483" classname="RegressionTest4" time="0"/>
  <testcase name="test2484" classname="RegressionTest4" time="0.001"/>
  <testcase name="test2485" classname="RegressionTest4" time="0"/>
  <testcase name="test2486" classname="RegressionTest4" time="0"/>
  <testcase name="test2487" classname="RegressionTest4" time="0"/>
  <testcase name="test2488" classname="RegressionTest4" time="0"/>
  <testcase name="test2489" classname="RegressionTest4" time="0"/>
  <testcase name="test2490" classname="RegressionTest4" time="0"/>
  <testcase name="test2491" classname="RegressionTest4" time="0"/>
  <testcase name="test2492" classname="RegressionTest4" time="0"/>
  <testcase name="test2493" classname="RegressionTest4" time="0"/>
  <testcase name="test2494" classname="RegressionTest4" time="0"/>
  <testcase name="test2495" classname="RegressionTest4" time="0"/>
  <testcase name="test2496" classname="RegressionTest4" time="0"/>
  <testcase name="test2497" classname="RegressionTest4" time="0"/>
  <testcase name="test2498" classname="RegressionTest4" time="0"/>
  <testcase name="test2499" classname="RegressionTest4" time="0"/>
  <testcase name="test2500" classname="RegressionTest4" time="0"/>
  <testcase name="test2501" classname="RegressionTest5" time="0"/>
  <testcase name="test2502" classname="RegressionTest5" time="0"/>
  <testcase name="test2503" classname="RegressionTest5" time="0"/>
  <testcase name="test2504" classname="RegressionTest5" time="0"/>
  <testcase name="test2505" classname="RegressionTest5" time="0"/>
  <testcase name="test2506" classname="RegressionTest5" time="0"/>
  <testcase name="test2507" classname="RegressionTest5" time="0"/>
  <testcase name="test2508" classname="RegressionTest5" time="0"/>
  <testcase name="test2509" classname="RegressionTest5" time="0"/>
  <testcase name="test2510" classname="RegressionTest5" time="0"/>
  <testcase name="test2511" classname="RegressionTest5" time="0"/>
  <testcase name="test2512" classname="RegressionTest5" time="0"/>
  <testcase name="test2513" classname="RegressionTest5" time="0"/>
  <testcase name="test2514" classname="RegressionTest5" time="0"/>
  <testcase name="test2515" classname="RegressionTest5" time="0"/>
  <testcase name="test2516" classname="RegressionTest5" time="0"/>
  <testcase name="test2517" classname="RegressionTest5" time="0"/>
  <testcase name="test2518" classname="RegressionTest5" time="0"/>
  <testcase name="test2519" classname="RegressionTest5" time="0"/>
  <testcase name="test2520" classname="RegressionTest5" time="0"/>
  <testcase name="test2521" classname="RegressionTest5" time="0"/>
  <testcase name="test2522" classname="RegressionTest5" time="0"/>
  <testcase name="test2523" classname="RegressionTest5" time="0"/>
  <testcase name="test2524" classname="RegressionTest5" time="0"/>
  <testcase name="test2525" classname="RegressionTest5" time="0"/>
  <testcase name="test2526" classname="RegressionTest5" time="0"/>
  <testcase name="test2527" classname="RegressionTest5" time="0"/>
  <testcase name="test2528" classname="RegressionTest5" time="0"/>
  <testcase name="test2529" classname="RegressionTest5" time="0"/>
  <testcase name="test2530" classname="RegressionTest5" time="0"/>
  <testcase name="test2531" classname="RegressionTest5" time="0"/>
  <testcase name="test2532" classname="RegressionTest5" time="0"/>
  <testcase name="test2533" classname="RegressionTest5" time="0"/>
  <testcase name="test2534" classname="RegressionTest5" time="0"/>
  <testcase name="test2535" classname="RegressionTest5" time="0"/>
  <testcase name="test2536" classname="RegressionTest5" time="0"/>
  <testcase name="test2537" classname="RegressionTest5" time="0"/>
  <testcase name="test2538" classname="RegressionTest5" time="0"/>
  <testcase name="test2539" classname="RegressionTest5" time="0"/>
  <testcase name="test2540" classname="RegressionTest5" time="0"/>
  <testcase name="test2541" classname="RegressionTest5" time="0"/>
  <testcase name="test2542" classname="RegressionTest5" time="0"/>
  <testcase name="test2543" classname="RegressionTest5" time="0"/>
  <testcase name="test2544" classname="RegressionTest5" time="0"/>
  <testcase name="test2545" classname="RegressionTest5" time="0"/>
  <testcase name="test2546" classname="RegressionTest5" time="0"/>
  <testcase name="test2547" classname="RegressionTest5" time="0"/>
  <testcase name="test2548" classname="RegressionTest5" time="0"/>
  <testcase name="test2549" classname="RegressionTest5" time="0"/>
  <testcase name="test2550" classname="RegressionTest5" time="0"/>
  <testcase name="test2551" classname="RegressionTest5" time="0"/>
  <testcase name="test2552" classname="RegressionTest5" time="0"/>
  <testcase name="test2553" classname="RegressionTest5" time="0"/>
  <testcase name="test2554" classname="RegressionTest5" time="0"/>
  <testcase name="test2555" classname="RegressionTest5" time="0"/>
  <testcase name="test2556" classname="RegressionTest5" time="0"/>
  <testcase name="test2557" classname="RegressionTest5" time="0"/>
  <testcase name="test2558" classname="RegressionTest5" time="0"/>
  <testcase name="test2559" classname="RegressionTest5" time="0"/>
  <testcase name="test2560" classname="RegressionTest5" time="0"/>
  <testcase name="test2561" classname="RegressionTest5" time="0"/>
  <testcase name="test2562" classname="RegressionTest5" time="0"/>
  <testcase name="test2563" classname="RegressionTest5" time="0"/>
  <testcase name="test2564" classname="RegressionTest5" time="0"/>
  <testcase name="test2565" classname="RegressionTest5" time="0"/>
  <testcase name="test2566" classname="RegressionTest5" time="0"/>
  <testcase name="test2567" classname="RegressionTest5" time="0"/>
  <testcase name="test2568" classname="RegressionTest5" time="0"/>
  <testcase name="test2569" classname="RegressionTest5" time="0"/>
  <testcase name="test2570" classname="RegressionTest5" time="0"/>
  <testcase name="test2571" classname="RegressionTest5" time="0"/>
  <testcase name="test2572" classname="RegressionTest5" time="0"/>
  <testcase name="test2573" classname="RegressionTest5" time="0"/>
  <testcase name="test2574" classname="RegressionTest5" time="0"/>
  <testcase name="test2575" classname="RegressionTest5" time="0"/>
  <testcase name="test2576" classname="RegressionTest5" time="0"/>
  <testcase name="test2577" classname="RegressionTest5" time="0"/>
  <testcase name="test2578" classname="RegressionTest5" time="0"/>
  <testcase name="test2579" classname="RegressionTest5" time="0"/>
  <testcase name="test2580" classname="RegressionTest5" time="0"/>
  <testcase name="test2581" classname="RegressionTest5" time="0"/>
  <testcase name="test2582" classname="RegressionTest5" time="0"/>
  <testcase name="test2583" classname="RegressionTest5" time="0"/>
  <testcase name="test2584" classname="RegressionTest5" time="0"/>
  <testcase name="test2585" classname="RegressionTest5" time="0"/>
  <testcase name="test2586" classname="RegressionTest5" time="0"/>
  <testcase name="test2587" classname="RegressionTest5" time="0"/>
  <testcase name="test2588" classname="RegressionTest5" time="0"/>
  <testcase name="test2589" classname="RegressionTest5" time="0"/>
  <testcase name="test2590" classname="RegressionTest5" time="0"/>
  <testcase name="test2591" classname="RegressionTest5" time="0"/>
  <testcase name="test2592" classname="RegressionTest5" time="0"/>
  <testcase name="test2593" classname="RegressionTest5" time="0"/>
  <testcase name="test2594" classname="RegressionTest5" time="0"/>
  <testcase name="test2595" classname="RegressionTest5" time="0"/>
  <testcase name="test2596" classname="RegressionTest5" time="0"/>
  <testcase name="test2597" classname="RegressionTest5" time="0"/>
  <testcase name="test2598" classname="RegressionTest5" time="0"/>
  <testcase name="test2599" classname="RegressionTest5" time="0"/>
  <testcase name="test2600" classname="RegressionTest5" time="0"/>
  <testcase name="test2601" classname="RegressionTest5" time="0"/>
  <testcase name="test2602" classname="RegressionTest5" time="0"/>
  <testcase name="test2603" classname="RegressionTest5" time="0"/>
  <testcase name="test2604" classname="RegressionTest5" time="0"/>
  <testcase name="test2605" classname="RegressionTest5" time="0"/>
  <testcase name="test2606" classname="RegressionTest5" time="0"/>
  <testcase name="test2607" classname="RegressionTest5" time="0"/>
  <testcase name="test2608" classname="RegressionTest5" time="0"/>
  <testcase name="test2609" classname="RegressionTest5" time="0"/>
  <testcase name="test2610" classname="RegressionTest5" time="0"/>
  <testcase name="test2611" classname="RegressionTest5" time="0"/>
  <testcase name="test2612" classname="RegressionTest5" time="0"/>
  <testcase name="test2613" classname="RegressionTest5" time="0"/>
  <testcase name="test2614" classname="RegressionTest5" time="0"/>
  <testcase name="test2615" classname="RegressionTest5" time="0"/>
  <testcase name="test2616" classname="RegressionTest5" time="0"/>
  <testcase name="test2617" classname="RegressionTest5" time="0"/>
  <testcase name="test2618" classname="RegressionTest5" time="0"/>
  <testcase name="test2619" classname="RegressionTest5" time="0"/>
  <testcase name="test2620" classname="RegressionTest5" time="0"/>
  <testcase name="test2621" classname="RegressionTest5" time="0"/>
  <testcase name="test2622" classname="RegressionTest5" time="0"/>
  <testcase name="test2623" classname="RegressionTest5" time="0"/>
  <testcase name="test2624" classname="RegressionTest5" time="0"/>
  <testcase name="test2625" classname="RegressionTest5" time="0"/>
  <testcase name="test2626" classname="RegressionTest5" time="0"/>
  <testcase name="test2627" classname="RegressionTest5" time="0"/>
  <testcase name="test2628" classname="RegressionTest5" time="0"/>
  <testcase name="test2629" classname="RegressionTest5" time="0.001"/>
  <testcase name="test2630" classname="RegressionTest5" time="0"/>
  <testcase name="test2631" classname="RegressionTest5" time="0"/>
  <testcase name="test2632" classname="RegressionTest5" time="0"/>
  <testcase name="test2633" classname="RegressionTest5" time="0"/>
  <testcase name="test2634" classname="RegressionTest5" time="0"/>
  <testcase name="test2635" classname="RegressionTest5" time="0"/>
  <testcase name="test2636" classname="RegressionTest5" time="0"/>
  <testcase name="test2637" classname="RegressionTest5" time="0"/>
  <testcase name="test2638" classname="RegressionTest5" time="0"/>
  <testcase name="test2639" classname="RegressionTest5" time="0"/>
  <testcase name="test2640" classname="RegressionTest5" time="0"/>
  <testcase name="test2641" classname="RegressionTest5" time="0"/>
  <testcase name="test2642" classname="RegressionTest5" time="0"/>
  <testcase name="test2643" classname="RegressionTest5" time="0"/>
  <testcase name="test2644" classname="RegressionTest5" time="0"/>
  <testcase name="test2645" classname="RegressionTest5" time="0"/>
  <testcase name="test2646" classname="RegressionTest5" time="0"/>
  <testcase name="test2647" classname="RegressionTest5" time="0"/>
  <testcase name="test2648" classname="RegressionTest5" time="0"/>
  <testcase name="test2649" classname="RegressionTest5" time="0"/>
  <testcase name="test2650" classname="RegressionTest5" time="0"/>
  <testcase name="test2651" classname="RegressionTest5" time="0"/>
  <testcase name="test2652" classname="RegressionTest5" time="0"/>
  <testcase name="test2653" classname="RegressionTest5" time="0"/>
  <testcase name="test2654" classname="RegressionTest5" time="0"/>
  <testcase name="test2655" classname="RegressionTest5" time="0"/>
  <testcase name="test2656" classname="RegressionTest5" time="0"/>
  <testcase name="test2657" classname="RegressionTest5" time="0"/>
  <testcase name="test2658" classname="RegressionTest5" time="0"/>
  <testcase name="test2659" classname="RegressionTest5" time="0"/>
  <testcase name="test2660" classname="RegressionTest5" time="0"/>
  <testcase name="test2661" classname="RegressionTest5" time="0"/>
  <testcase name="test2662" classname="RegressionTest5" time="0.001"/>
  <testcase name="test2663" classname="RegressionTest5" time="0"/>
  <testcase name="test2664" classname="RegressionTest5" time="0"/>
  <testcase name="test2665" classname="RegressionTest5" time="0"/>
  <testcase name="test2666" classname="RegressionTest5" time="0"/>
  <testcase name="test2667" classname="RegressionTest5" time="0"/>
  <testcase name="test2668" classname="RegressionTest5" time="0"/>
  <testcase name="test2669" classname="RegressionTest5" time="0"/>
  <testcase name="test2670" classname="RegressionTest5" time="0"/>
  <testcase name="test2671" classname="RegressionTest5" time="0"/>
  <testcase name="test2672" classname="RegressionTest5" time="0"/>
  <testcase name="test2673" classname="RegressionTest5" time="0"/>
  <testcase name="test2674" classname="RegressionTest5" time="0"/>
  <testcase name="test2675" classname="RegressionTest5" time="0"/>
  <testcase name="test2676" classname="RegressionTest5" time="0"/>
  <testcase name="test2677" classname="RegressionTest5" time="0"/>
  <testcase name="test2678" classname="RegressionTest5" time="0"/>
  <testcase name="test2679" classname="RegressionTest5" time="0"/>
  <testcase name="test2680" classname="RegressionTest5" time="0"/>
  <testcase name="test2681" classname="RegressionTest5" time="0.001"/>
  <testcase name="test2682" classname="RegressionTest5" time="0"/>
  <testcase name="test2683" classname="RegressionTest5" time="0"/>
  <testcase name="test2684" classname="RegressionTest5" time="0"/>
  <testcase name="test2685" classname="RegressionTest5" time="0"/>
  <testcase name="test2686" classname="RegressionTest5" time="0"/>
  <testcase name="test2687" classname="RegressionTest5" time="0"/>
  <testcase name="test2688" classname="RegressionTest5" time="0"/>
  <testcase name="test2689" classname="RegressionTest5" time="0"/>
  <testcase name="test2690" classname="RegressionTest5" time="0"/>
  <testcase name="test2691" classname="RegressionTest5" time="0"/>
  <testcase name="test2692" classname="RegressionTest5" time="0"/>
  <testcase name="test2693" classname="RegressionTest5" time="0"/>
  <testcase name="test2694" classname="RegressionTest5" time="0"/>
  <testcase name="test2695" classname="RegressionTest5" time="0"/>
  <testcase name="test2696" classname="RegressionTest5" time="0"/>
  <testcase name="test2697" classname="RegressionTest5" time="0"/>
  <testcase name="test2698" classname="RegressionTest5" time="0"/>
  <testcase name="test2699" classname="RegressionTest5" time="0"/>
  <testcase name="test2700" classname="RegressionTest5" time="0"/>
  <testcase name="test2701" classname="RegressionTest5" time="0"/>
  <testcase name="test2702" classname="RegressionTest5" time="0"/>
  <testcase name="test2703" classname="RegressionTest5" time="0"/>
  <testcase name="test2704" classname="RegressionTest5" time="0"/>
  <testcase name="test2705" classname="RegressionTest5" time="0"/>
  <testcase name="test2706" classname="RegressionTest5" time="0"/>
  <testcase name="test2707" classname="RegressionTest5" time="0"/>
  <testcase name="test2708" classname="RegressionTest5" time="0"/>
  <testcase name="test2709" classname="RegressionTest5" time="0"/>
  <testcase name="test2710" classname="RegressionTest5" time="0"/>
  <testcase name="test2711" classname="RegressionTest5" time="0"/>
  <testcase name="test2712" classname="RegressionTest5" time="0"/>
  <testcase name="test2713" classname="RegressionTest5" time="0"/>
  <testcase name="test2714" classname="RegressionTest5" time="0"/>
  <testcase name="test2715" classname="RegressionTest5" time="0"/>
  <testcase name="test2716" classname="RegressionTest5" time="0"/>
  <testcase name="test2717" classname="RegressionTest5" time="0"/>
  <testcase name="test2718" classname="RegressionTest5" time="0"/>
  <testcase name="test2719" classname="RegressionTest5" time="0"/>
  <testcase name="test2720" classname="RegressionTest5" time="0"/>
  <testcase name="test2721" classname="RegressionTest5" time="0"/>
  <testcase name="test2722" classname="RegressionTest5" time="0"/>
  <testcase name="test2723" classname="RegressionTest5" time="0"/>
  <testcase name="test2724" classname="RegressionTest5" time="0"/>
  <testcase name="test2725" classname="RegressionTest5" time="0"/>
  <testcase name="test2726" classname="RegressionTest5" time="0"/>
  <testcase name="test2727" classname="RegressionTest5" time="0.001"/>
  <testcase name="test2728" classname="RegressionTest5" time="0"/>
  <testcase name="test2729" classname="RegressionTest5" time="0"/>
  <testcase name="test2730" classname="RegressionTest5" time="0"/>
  <testcase name="test2731" classname="RegressionTest5" time="0"/>
  <testcase name="test2732" classname="RegressionTest5" time="0"/>
  <testcase name="test2733" classname="RegressionTest5" time="0"/>
  <testcase name="test2734" classname="RegressionTest5" time="0"/>
  <testcase name="test2735" classname="RegressionTest5" time="0"/>
  <testcase name="test2736" classname="RegressionTest5" time="0"/>
  <testcase name="test2737" classname="RegressionTest5" time="0"/>
  <testcase name="test2738" classname="RegressionTest5" time="0"/>
  <testcase name="test2739" classname="RegressionTest5" time="0.001"/>
  <testcase name="test2740" classname="RegressionTest5" time="0"/>
  <testcase name="test2741" classname="RegressionTest5" time="0"/>
  <testcase name="test2742" classname="RegressionTest5" time="0"/>
  <testcase name="test2743" classname="RegressionTest5" time="0"/>
  <testcase name="test2744" classname="RegressionTest5" time="0"/>
  <testcase name="test2745" classname="RegressionTest5" time="0"/>
  <testcase name="test2746" classname="RegressionTest5" time="0"/>
  <testcase name="test2747" classname="RegressionTest5" time="0"/>
  <testcase name="test2748" classname="RegressionTest5" time="0"/>
  <testcase name="test2749" classname="RegressionTest5" time="0"/>
  <testcase name="test2750" classname="RegressionTest5" time="0"/>
  <testcase name="test2751" classname="RegressionTest5" time="0"/>
  <testcase name="test2752" classname="RegressionTest5" time="0"/>
  <testcase name="test2753" classname="RegressionTest5" time="0"/>
  <testcase name="test2754" classname="RegressionTest5" time="0"/>
  <testcase name="test2755" classname="RegressionTest5" time="0"/>
  <testcase name="test2756" classname="RegressionTest5" time="0"/>
  <testcase name="test2757" classname="RegressionTest5" time="0"/>
  <testcase name="test2758" classname="RegressionTest5" time="0"/>
  <testcase name="test2759" classname="RegressionTest5" time="0"/>
  <testcase name="test2760" classname="RegressionTest5" time="0"/>
  <testcase name="test2761" classname="RegressionTest5" time="0"/>
  <testcase name="test2762" classname="RegressionTest5" time="0"/>
  <testcase name="test2763" classname="RegressionTest5" time="0"/>
  <testcase name="test2764" classname="RegressionTest5" time="0"/>
  <testcase name="test2765" classname="RegressionTest5" time="0"/>
  <testcase name="test2766" classname="RegressionTest5" time="0"/>
  <testcase name="test2767" classname="RegressionTest5" time="0"/>
  <testcase name="test2768" classname="RegressionTest5" time="0"/>
  <testcase name="test2769" classname="RegressionTest5" time="0"/>
  <testcase name="test2770" classname="RegressionTest5" time="0"/>
  <testcase name="test2771" classname="RegressionTest5" time="0"/>
  <testcase name="test2772" classname="RegressionTest5" time="0"/>
  <testcase name="test2773" classname="RegressionTest5" time="0"/>
  <testcase name="test2774" classname="RegressionTest5" time="0"/>
  <testcase name="test2775" classname="RegressionTest5" time="0"/>
  <testcase name="test2776" classname="RegressionTest5" time="0"/>
  <testcase name="test2777" classname="RegressionTest5" time="0"/>
  <testcase name="test2778" classname="RegressionTest5" time="0"/>
  <testcase name="test2779" classname="RegressionTest5" time="0"/>
  <testcase name="test2780" classname="RegressionTest5" time="0"/>
  <testcase name="test2781" classname="RegressionTest5" time="0"/>
  <testcase name="test2782" classname="RegressionTest5" time="0"/>
  <testcase name="test2783" classname="RegressionTest5" time="0"/>
  <testcase name="test2784" classname="RegressionTest5" time="0"/>
  <testcase name="test2785" classname="RegressionTest5" time="0"/>
  <testcase name="test2786" classname="RegressionTest5" time="0"/>
  <testcase name="test2787" classname="RegressionTest5" time="0"/>
  <testcase name="test2788" classname="RegressionTest5" time="0"/>
  <testcase name="test2789" classname="RegressionTest5" time="0"/>
  <testcase name="test2790" classname="RegressionTest5" time="0"/>
  <testcase name="test2791" classname="RegressionTest5" time="0.001"/>
  <testcase name="test2792" classname="RegressionTest5" time="0"/>
  <testcase name="test2793" classname="RegressionTest5" time="0"/>
  <testcase name="test2794" classname="RegressionTest5" time="0"/>
  <testcase name="test2795" classname="RegressionTest5" time="0"/>
  <testcase name="test2796" classname="RegressionTest5" time="0"/>
  <testcase name="test2797" classname="RegressionTest5" time="0"/>
  <testcase name="test2798" classname="RegressionTest5" time="0"/>
  <testcase name="test2799" classname="RegressionTest5" time="0"/>
  <testcase name="test2800" classname="RegressionTest5" time="0"/>
  <testcase name="test2801" classname="RegressionTest5" time="0"/>
  <testcase name="test2802" classname="RegressionTest5" time="0"/>
  <testcase name="test2803" classname="RegressionTest5" time="0"/>
  <testcase name="test2804" classname="RegressionTest5" time="0"/>
  <testcase name="test2805" classname="RegressionTest5" time="0"/>
  <testcase name="test2806" classname="RegressionTest5" time="0"/>
  <testcase name="test2807" classname="RegressionTest5" time="0"/>
  <testcase name="test2808" classname="RegressionTest5" time="0"/>
  <testcase name="test2809" classname="RegressionTest5" time="0"/>
  <testcase name="test2810" classname="RegressionTest5" time="0"/>
  <testcase name="test2811" classname="RegressionTest5" time="0.002"/>
  <testcase name="test2812" classname="RegressionTest5" time="0"/>
  <testcase name="test2813" classname="RegressionTest5" time="0"/>
  <testcase name="test2814" classname="RegressionTest5" time="0"/>
  <testcase name="test2815" classname="RegressionTest5" time="0"/>
  <testcase name="test2816" classname="RegressionTest5" time="0"/>
  <testcase name="test2817" classname="RegressionTest5" time="0"/>
  <testcase name="test2818" classname="RegressionTest5" time="0.001"/>
  <testcase name="test2819" classname="RegressionTest5" time="0"/>
  <testcase name="test2820" classname="RegressionTest5" time="0"/>
  <testcase name="test2821" classname="RegressionTest5" time="0"/>
  <testcase name="test2822" classname="RegressionTest5" time="0"/>
  <testcase name="test2823" classname="RegressionTest5" time="0"/>
  <testcase name="test2824" classname="RegressionTest5" time="0"/>
  <testcase name="test2825" classname="RegressionTest5" time="0"/>
  <testcase name="test2826" classname="RegressionTest5" time="0"/>
  <testcase name="test2827" classname="RegressionTest5" time="0.001"/>
  <testcase name="test2828" classname="RegressionTest5" time="0"/>
  <testcase name="test2829" classname="RegressionTest5" time="0"/>
  <testcase name="test2830" classname="RegressionTest5" time="0"/>
  <testcase name="test2831" classname="RegressionTest5" time="0"/>
  <testcase name="test2832" classname="RegressionTest5" time="0"/>
  <testcase name="test2833" classname="RegressionTest5" time="0"/>
  <testcase name="test2834" classname="RegressionTest5" time="0"/>
  <testcase name="test2835" classname="RegressionTest5" time="0"/>
  <testcase name="test2836" classname="RegressionTest5" time="0"/>
  <testcase name="test2837" classname="RegressionTest5" time="0"/>
  <testcase name="test2838" classname="RegressionTest5" time="0"/>
  <testcase name="test2839" classname="RegressionTest5" time="0"/>
  <testcase name="test2840" classname="RegressionTest5" time="0"/>
  <testcase name="test2841" classname="RegressionTest5" time="0"/>
  <testcase name="test2842" classname="RegressionTest5" time="0"/>
  <testcase name="test2843" classname="RegressionTest5" time="0"/>
  <testcase name="test2844" classname="RegressionTest5" time="0"/>
  <testcase name="test2845" classname="RegressionTest5" time="0"/>
  <testcase name="test2846" classname="RegressionTest5" time="0"/>
  <testcase name="test2847" classname="RegressionTest5" time="0"/>
  <testcase name="test2848" classname="RegressionTest5" time="0"/>
  <testcase name="test2849" classname="RegressionTest5" time="0"/>
  <testcase name="test2850" classname="RegressionTest5" time="0"/>
  <testcase name="test2851" classname="RegressionTest5" time="0"/>
  <testcase name="test2852" classname="RegressionTest5" time="0"/>
  <testcase name="test2853" classname="RegressionTest5" time="0"/>
  <testcase name="test2854" classname="RegressionTest5" time="0"/>
  <testcase name="test2855" classname="RegressionTest5" time="0"/>
  <testcase name="test2856" classname="RegressionTest5" time="0"/>
  <testcase name="test2857" classname="RegressionTest5" time="0"/>
  <testcase name="test2858" classname="RegressionTest5" time="0"/>
  <testcase name="test2859" classname="RegressionTest5" time="0"/>
  <testcase name="test2860" classname="RegressionTest5" time="0"/>
  <testcase name="test2861" classname="RegressionTest5" time="0"/>
  <testcase name="test2862" classname="RegressionTest5" time="0"/>
  <testcase name="test2863" classname="RegressionTest5" time="0"/>
  <testcase name="test2864" classname="RegressionTest5" time="0"/>
  <testcase name="test2865" classname="RegressionTest5" time="0"/>
  <testcase name="test2866" classname="RegressionTest5" time="0"/>
  <testcase name="test2867" classname="RegressionTest5" time="0"/>
  <testcase name="test2868" classname="RegressionTest5" time="0"/>
  <testcase name="test2869" classname="RegressionTest5" time="0"/>
  <testcase name="test2870" classname="RegressionTest5" time="0"/>
  <testcase name="test2871" classname="RegressionTest5" time="0"/>
  <testcase name="test2872" classname="RegressionTest5" time="0"/>
  <testcase name="test2873" classname="RegressionTest5" time="0"/>
  <testcase name="test2874" classname="RegressionTest5" time="0"/>
  <testcase name="test2875" classname="RegressionTest5" time="0"/>
  <testcase name="test2876" classname="RegressionTest5" time="0.001"/>
  <testcase name="test2877" classname="RegressionTest5" time="0"/>
  <testcase name="test2878" classname="RegressionTest5" time="0"/>
  <testcase name="test2879" classname="RegressionTest5" time="0"/>
  <testcase name="test2880" classname="RegressionTest5" time="0"/>
  <testcase name="test2881" classname="RegressionTest5" time="0"/>
  <testcase name="test2882" classname="RegressionTest5" time="0"/>
  <testcase name="test2883" classname="RegressionTest5" time="0"/>
  <testcase name="test2884" classname="RegressionTest5" time="0"/>
  <testcase name="test2885" classname="RegressionTest5" time="0"/>
  <testcase name="test2886" classname="RegressionTest5" time="0"/>
  <testcase name="test2887" classname="RegressionTest5" time="0"/>
  <testcase name="test2888" classname="RegressionTest5" time="0"/>
  <testcase name="test2889" classname="RegressionTest5" time="0"/>
  <testcase name="test2890" classname="RegressionTest5" time="0"/>
  <testcase name="test2891" classname="RegressionTest5" time="0"/>
  <testcase name="test2892" classname="RegressionTest5" time="0"/>
  <testcase name="test2893" classname="RegressionTest5" time="0"/>
  <testcase name="test2894" classname="RegressionTest5" time="0"/>
  <testcase name="test2895" classname="RegressionTest5" time="0"/>
  <testcase name="test2896" classname="RegressionTest5" time="0"/>
  <testcase name="test2897" classname="RegressionTest5" time="0"/>
  <testcase name="test2898" classname="RegressionTest5" time="0"/>
  <testcase name="test2899" classname="RegressionTest5" time="0"/>
  <testcase name="test2900" classname="RegressionTest5" time="0"/>
  <testcase name="test2901" classname="RegressionTest5" time="0"/>
  <testcase name="test2902" classname="RegressionTest5" time="0"/>
  <testcase name="test2903" classname="RegressionTest5" time="0"/>
  <testcase name="test2904" classname="RegressionTest5" time="0"/>
  <testcase name="test2905" classname="RegressionTest5" time="0"/>
  <testcase name="test2906" classname="RegressionTest5" time="0"/>
  <testcase name="test2907" classname="RegressionTest5" time="0"/>
  <testcase name="test2908" classname="RegressionTest5" time="0"/>
  <testcase name="test2909" classname="RegressionTest5" time="0"/>
  <testcase name="test2910" classname="RegressionTest5" time="0"/>
  <testcase name="test2911" classname="RegressionTest5" time="0"/>
  <testcase name="test2912" classname="RegressionTest5" time="0"/>
  <testcase name="test2913" classname="RegressionTest5" time="0"/>
  <testcase name="test2914" classname="RegressionTest5" time="0"/>
  <testcase name="test2915" classname="RegressionTest5" time="0"/>
  <testcase name="test2916" classname="RegressionTest5" time="0"/>
  <testcase name="test2917" classname="RegressionTest5" time="0"/>
  <testcase name="test2918" classname="RegressionTest5" time="0"/>
  <testcase name="test2919" classname="RegressionTest5" time="0"/>
  <testcase name="test2920" classname="RegressionTest5" time="0"/>
  <testcase name="test2921" classname="RegressionTest5" time="0"/>
  <testcase name="test2922" classname="RegressionTest5" time="0"/>
  <testcase name="test2923" classname="RegressionTest5" time="0"/>
  <testcase name="test2924" classname="RegressionTest5" time="0"/>
  <testcase name="test2925" classname="RegressionTest5" time="0"/>
  <testcase name="test2926" classname="RegressionTest5" time="0"/>
  <testcase name="test2927" classname="RegressionTest5" time="0"/>
  <testcase name="test2928" classname="RegressionTest5" time="0"/>
  <testcase name="test2929" classname="RegressionTest5" time="0"/>
  <testcase name="test2930" classname="RegressionTest5" time="0"/>
  <testcase name="test2931" classname="RegressionTest5" time="0"/>
  <testcase name="test2932" classname="RegressionTest5" time="0"/>
  <testcase name="test2933" classname="RegressionTest5" time="0"/>
  <testcase name="test2934" classname="RegressionTest5" time="0"/>
  <testcase name="test2935" classname="RegressionTest5" time="0"/>
  <testcase name="test2936" classname="RegressionTest5" time="0"/>
  <testcase name="test2937" classname="RegressionTest5" time="0"/>
  <testcase name="test2938" classname="RegressionTest5" time="0"/>
  <testcase name="test2939" classname="RegressionTest5" time="0"/>
  <testcase name="test2940" classname="RegressionTest5" time="0"/>
  <testcase name="test2941" classname="RegressionTest5" time="0"/>
  <testcase name="test2942" classname="RegressionTest5" time="0"/>
  <testcase name="test2943" classname="RegressionTest5" time="0"/>
  <testcase name="test2944" classname="RegressionTest5" time="0"/>
  <testcase name="test2945" classname="RegressionTest5" time="0"/>
  <testcase name="test2946" classname="RegressionTest5" time="0.001"/>
  <testcase name="test2947" classname="RegressionTest5" time="0"/>
  <testcase name="test2948" classname="RegressionTest5" time="0"/>
  <testcase name="test2949" classname="RegressionTest5" time="0"/>
  <testcase name="test2950" classname="RegressionTest5" time="0"/>
  <testcase name="test2951" classname="RegressionTest5" time="0"/>
  <testcase name="test2952" classname="RegressionTest5" time="0"/>
  <testcase name="test2953" classname="RegressionTest5" time="0"/>
  <testcase name="test2954" classname="RegressionTest5" time="0"/>
  <testcase name="test2955" classname="RegressionTest5" time="0"/>
  <testcase name="test2956" classname="RegressionTest5" time="0"/>
  <testcase name="test2957" classname="RegressionTest5" time="0"/>
  <testcase name="test2958" classname="RegressionTest5" time="0"/>
  <testcase name="test2959" classname="RegressionTest5" time="0"/>
  <testcase name="test2960" classname="RegressionTest5" time="0"/>
  <testcase name="test2961" classname="RegressionTest5" time="0"/>
  <testcase name="test2962" classname="RegressionTest5" time="0"/>
  <testcase name="test2963" classname="RegressionTest5" time="0"/>
  <testcase name="test2964" classname="RegressionTest5" time="0"/>
  <testcase name="test2965" classname="RegressionTest5" time="0"/>
  <testcase name="test2966" classname="RegressionTest5" time="0"/>
  <testcase name="test2967" classname="RegressionTest5" time="0"/>
  <testcase name="test2968" classname="RegressionTest5" time="0"/>
  <testcase name="test2969" classname="RegressionTest5" time="0"/>
  <testcase name="test2970" classname="RegressionTest5" time="0"/>
  <testcase name="test2971" classname="RegressionTest5" time="0"/>
  <testcase name="test2972" classname="RegressionTest5" time="0"/>
  <testcase name="test2973" classname="RegressionTest5" time="0"/>
  <testcase name="test2974" classname="RegressionTest5" time="0"/>
  <testcase name="test2975" classname="RegressionTest5" time="0"/>
  <testcase name="test2976" classname="RegressionTest5" time="0"/>
  <testcase name="test2977" classname="RegressionTest5" time="0"/>
  <testcase name="test2978" classname="RegressionTest5" time="0"/>
  <testcase name="test2979" classname="RegressionTest5" time="0"/>
  <testcase name="test2980" classname="RegressionTest5" time="0"/>
  <testcase name="test2981" classname="RegressionTest5" time="0"/>
  <testcase name="test2982" classname="RegressionTest5" time="0"/>
  <testcase name="test2983" classname="RegressionTest5" time="0.001"/>
  <testcase name="test2984" classname="RegressionTest5" time="0"/>
  <testcase name="test2985" classname="RegressionTest5" time="0"/>
  <testcase name="test2986" classname="RegressionTest5" time="0"/>
  <testcase name="test2987" classname="RegressionTest5" time="0"/>
  <testcase name="test2988" classname="RegressionTest5" time="0"/>
  <testcase name="test2989" classname="RegressionTest5" time="0"/>
  <testcase name="test2990" classname="RegressionTest5" time="0"/>
  <testcase name="test2991" classname="RegressionTest5" time="0"/>
  <testcase name="test2992" classname="RegressionTest5" time="0"/>
  <testcase name="test2993" classname="RegressionTest5" time="0"/>
  <testcase name="test2994" classname="RegressionTest5" time="0"/>
  <testcase name="test2995" classname="RegressionTest5" time="0.001"/>
  <testcase name="test2996" classname="RegressionTest5" time="0"/>
  <testcase name="test2997" classname="RegressionTest5" time="0"/>
  <testcase name="test2998" classname="RegressionTest5" time="0"/>
  <testcase name="test2999" classname="RegressionTest5" time="0"/>
  <testcase name="test3000" classname="RegressionTest5" time="0"/>
  <testcase name="test3001" classname="RegressionTest6" time="0"/>
  <testcase name="test3002" classname="RegressionTest6" time="0"/>
  <testcase name="test3003" classname="RegressionTest6" time="0"/>
  <testcase name="test3004" classname="RegressionTest6" time="0"/>
  <testcase name="test3005" classname="RegressionTest6" time="0"/>
  <testcase name="test3006" classname="RegressionTest6" time="0"/>
  <testcase name="test3007" classname="RegressionTest6" time="0"/>
  <testcase name="test3008" classname="RegressionTest6" time="0"/>
  <testcase name="test3009" classname="RegressionTest6" time="0"/>
  <testcase name="test3010" classname="RegressionTest6" time="0"/>
  <testcase name="test3011" classname="RegressionTest6" time="0"/>
  <testcase name="test3012" classname="RegressionTest6" time="0"/>
  <testcase name="test3013" classname="RegressionTest6" time="0"/>
  <testcase name="test3014" classname="RegressionTest6" time="0"/>
  <testcase name="test3015" classname="RegressionTest6" time="0"/>
  <testcase name="test3016" classname="RegressionTest6" time="0"/>
  <testcase name="test3017" classname="RegressionTest6" time="0"/>
  <testcase name="test3018" classname="RegressionTest6" time="0"/>
  <testcase name="test3019" classname="RegressionTest6" time="0"/>
  <testcase name="test3020" classname="RegressionTest6" time="0"/>
  <testcase name="test3021" classname="RegressionTest6" time="0"/>
  <testcase name="test3022" classname="RegressionTest6" time="0"/>
  <testcase name="test3023" classname="RegressionTest6" time="0"/>
  <testcase name="test3024" classname="RegressionTest6" time="0"/>
  <testcase name="test3025" classname="RegressionTest6" time="0"/>
  <testcase name="test3026" classname="RegressionTest6" time="0"/>
  <testcase name="test3027" classname="RegressionTest6" time="0"/>
  <testcase name="test3028" classname="RegressionTest6" time="0"/>
  <testcase name="test3029" classname="RegressionTest6" time="0"/>
  <testcase name="test3030" classname="RegressionTest6" time="0"/>
  <testcase name="test3031" classname="RegressionTest6" time="0.001"/>
  <testcase name="test3032" classname="RegressionTest6" time="0"/>
  <testcase name="test3033" classname="RegressionTest6" time="0"/>
  <testcase name="test3034" classname="RegressionTest6" time="0"/>
  <testcase name="test3035" classname="RegressionTest6" time="0"/>
  <testcase name="test3036" classname="RegressionTest6" time="0"/>
  <testcase name="test3037" classname="RegressionTest6" time="0"/>
  <testcase name="test3038" classname="RegressionTest6" time="0"/>
  <testcase name="test3039" classname="RegressionTest6" time="0"/>
  <testcase name="test3040" classname="RegressionTest6" time="0"/>
  <testcase name="test3041" classname="RegressionTest6" time="0"/>
  <testcase name="test3042" classname="RegressionTest6" time="0"/>
  <testcase name="test3043" classname="RegressionTest6" time="0"/>
  <testcase name="test3044" classname="RegressionTest6" time="0"/>
  <testcase name="test3045" classname="RegressionTest6" time="0"/>
  <testcase name="test3046" classname="RegressionTest6" time="0"/>
  <testcase name="test3047" classname="RegressionTest6" time="0"/>
  <testcase name="test3048" classname="RegressionTest6" time="0"/>
  <testcase name="test3049" classname="RegressionTest6" time="0"/>
  <testcase name="test3050" classname="RegressionTest6" time="0"/>
  <testcase name="test3051" classname="RegressionTest6" time="0"/>
  <testcase name="test3052" classname="RegressionTest6" time="0"/>
  <testcase name="test3053" classname="RegressionTest6" time="0"/>
  <testcase name="test3054" classname="RegressionTest6" time="0"/>
  <testcase name="test3055" classname="RegressionTest6" time="0"/>
  <testcase name="test3056" classname="RegressionTest6" time="0"/>
  <testcase name="test3057" classname="RegressionTest6" time="0"/>
  <testcase name="test3058" classname="RegressionTest6" time="0"/>
  <testcase name="test3059" classname="RegressionTest6" time="0"/>
  <testcase name="test3060" classname="RegressionTest6" time="0"/>
  <testcase name="test3061" classname="RegressionTest6" time="0"/>
  <testcase name="test3062" classname="RegressionTest6" time="0"/>
  <testcase name="test3063" classname="RegressionTest6" time="0"/>
  <testcase name="test3064" classname="RegressionTest6" time="0"/>
  <testcase name="test3065" classname="RegressionTest6" time="0"/>
  <testcase name="test3066" classname="RegressionTest6" time="0"/>
  <testcase name="test3067" classname="RegressionTest6" time="0"/>
  <testcase name="test3068" classname="RegressionTest6" time="0"/>
  <testcase name="test3069" classname="RegressionTest6" time="0"/>
  <testcase name="test3070" classname="RegressionTest6" time="0"/>
  <testcase name="test3071" classname="RegressionTest6" time="0"/>
  <testcase name="test3072" classname="RegressionTest6" time="0"/>
  <testcase name="test3073" classname="RegressionTest6" time="0"/>
  <testcase name="test3074" classname="RegressionTest6" time="0"/>
  <testcase name="test3075" classname="RegressionTest6" time="0"/>
  <testcase name="test3076" classname="RegressionTest6" time="0"/>
  <testcase name="test3077" classname="RegressionTest6" time="0"/>
  <testcase name="test3078" classname="RegressionTest6" time="0"/>
  <testcase name="test3079" classname="RegressionTest6" time="0"/>
  <testcase name="test3080" classname="RegressionTest6" time="0"/>
  <testcase name="test3081" classname="RegressionTest6" time="0"/>
  <testcase name="test3082" classname="RegressionTest6" time="0"/>
  <testcase name="test3083" classname="RegressionTest6" time="0"/>
  <testcase name="test3084" classname="RegressionTest6" time="0"/>
  <testcase name="test3085" classname="RegressionTest6" time="0"/>
  <testcase name="test3086" classname="RegressionTest6" time="0"/>
  <testcase name="test3087" classname="RegressionTest6" time="0"/>
  <testcase name="test3088" classname="RegressionTest6" time="0"/>
  <testcase name="test3089" classname="RegressionTest6" time="0"/>
  <testcase name="test3090" classname="RegressionTest6" time="0"/>
  <testcase name="test3091" classname="RegressionTest6" time="0"/>
  <testcase name="test3092" classname="RegressionTest6" time="0.001"/>
  <testcase name="test3093" classname="RegressionTest6" time="0"/>
  <testcase name="test3094" classname="RegressionTest6" time="0"/>
  <testcase name="test3095" classname="RegressionTest6" time="0"/>
  <testcase name="test3096" classname="RegressionTest6" time="0"/>
  <testcase name="test3097" classname="RegressionTest6" time="0"/>
  <testcase name="test3098" classname="RegressionTest6" time="0"/>
  <testcase name="test3099" classname="RegressionTest6" time="0"/>
  <testcase name="test3100" classname="RegressionTest6" time="0"/>
  <testcase name="test3101" classname="RegressionTest6" time="0"/>
  <testcase name="test3102" classname="RegressionTest6" time="0"/>
  <testcase name="test3103" classname="RegressionTest6" time="0"/>
  <testcase name="test3104" classname="RegressionTest6" time="0"/>
  <testcase name="test3105" classname="RegressionTest6" time="0"/>
  <testcase name="test3106" classname="RegressionTest6" time="0"/>
  <testcase name="test3107" classname="RegressionTest6" time="0"/>
  <testcase name="test3108" classname="RegressionTest6" time="0"/>
  <testcase name="test3109" classname="RegressionTest6" time="0"/>
  <testcase name="test3110" classname="RegressionTest6" time="0"/>
  <testcase name="test3111" classname="RegressionTest6" time="0"/>
  <testcase name="test3112" classname="RegressionTest6" time="0"/>
  <testcase name="test3113" classname="RegressionTest6" time="0"/>
  <testcase name="test3114" classname="RegressionTest6" time="0"/>
  <testcase name="test3115" classname="RegressionTest6" time="0"/>
  <testcase name="test3116" classname="RegressionTest6" time="0"/>
  <testcase name="test3117" classname="RegressionTest6" time="0"/>
  <testcase name="test3118" classname="RegressionTest6" time="0"/>
  <testcase name="test3119" classname="RegressionTest6" time="0"/>
  <testcase name="test3120" classname="RegressionTest6" time="0"/>
  <testcase name="test3121" classname="RegressionTest6" time="0"/>
  <testcase name="test3122" classname="RegressionTest6" time="0"/>
  <testcase name="test3123" classname="RegressionTest6" time="0"/>
  <testcase name="test3124" classname="RegressionTest6" time="0"/>
  <testcase name="test3125" classname="RegressionTest6" time="0"/>
  <testcase name="test3126" classname="RegressionTest6" time="0"/>
  <testcase name="test3127" classname="RegressionTest6" time="0.001"/>
  <testcase name="test3128" classname="RegressionTest6" time="0.001"/>
  <testcase name="test3129" classname="RegressionTest6" time="0"/>
  <testcase name="test3130" classname="RegressionTest6" time="0"/>
  <testcase name="test3131" classname="RegressionTest6" time="0"/>
  <testcase name="test3132" classname="RegressionTest6" time="0"/>
  <testcase name="test3133" classname="RegressionTest6" time="0"/>
  <testcase name="test3134" classname="RegressionTest6" time="0"/>
  <testcase name="test3135" classname="RegressionTest6" time="0"/>
  <testcase name="test3136" classname="RegressionTest6" time="0"/>
  <testcase name="test3137" classname="RegressionTest6" time="0"/>
  <testcase name="test3138" classname="RegressionTest6" time="0"/>
  <testcase name="test3139" classname="RegressionTest6" time="0"/>
  <testcase name="test3140" classname="RegressionTest6" time="0"/>
  <testcase name="test3141" classname="RegressionTest6" time="0"/>
  <testcase name="test3142" classname="RegressionTest6" time="0"/>
  <testcase name="test3143" classname="RegressionTest6" time="0"/>
  <testcase name="test3144" classname="RegressionTest6" time="0"/>
  <testcase name="test3145" classname="RegressionTest6" time="0"/>
  <testcase name="test3146" classname="RegressionTest6" time="0"/>
  <testcase name="test3147" classname="RegressionTest6" time="0"/>
  <testcase name="test3148" classname="RegressionTest6" time="0"/>
  <testcase name="test3149" classname="RegressionTest6" time="0"/>
  <testcase name="test3150" classname="RegressionTest6" time="0"/>
  <testcase name="test3151" classname="RegressionTest6" time="0"/>
  <testcase name="test3152" classname="RegressionTest6" time="0"/>
  <testcase name="test3153" classname="RegressionTest6" time="0"/>
  <testcase name="test3154" classname="RegressionTest6" time="0"/>
  <testcase name="test3155" classname="RegressionTest6" time="0"/>
  <testcase name="test3156" classname="RegressionTest6" time="0"/>
  <testcase name="test3157" classname="RegressionTest6" time="0"/>
  <testcase name="test3158" classname="RegressionTest6" time="0"/>
  <testcase name="test3159" classname="RegressionTest6" time="0"/>
  <testcase name="test3160" classname="RegressionTest6" time="0"/>
  <testcase name="test3161" classname="RegressionTest6" time="0"/>
  <testcase name="test3162" classname="RegressionTest6" time="0"/>
  <testcase name="test3163" classname="RegressionTest6" time="0"/>
  <testcase name="test3164" classname="RegressionTest6" time="0"/>
  <testcase name="test3165" classname="RegressionTest6" time="0"/>
  <testcase name="test3166" classname="RegressionTest6" time="0"/>
  <testcase name="test3167" classname="RegressionTest6" time="0"/>
  <testcase name="test3168" classname="RegressionTest6" time="0"/>
  <testcase name="test3169" classname="RegressionTest6" time="0"/>
  <testcase name="test3170" classname="RegressionTest6" time="0"/>
  <testcase name="test3171" classname="RegressionTest6" time="0"/>
  <testcase name="test3172" classname="RegressionTest6" time="0"/>
  <testcase name="test3173" classname="RegressionTest6" time="0"/>
  <testcase name="test3174" classname="RegressionTest6" time="0.001"/>
  <testcase name="test3175" classname="RegressionTest6" time="0"/>
  <testcase name="test3176" classname="RegressionTest6" time="0"/>
  <testcase name="test3177" classname="RegressionTest6" time="0"/>
  <testcase name="test3178" classname="RegressionTest6" time="0"/>
  <testcase name="test3179" classname="RegressionTest6" time="0"/>
  <testcase name="test3180" classname="RegressionTest6" time="0"/>
  <testcase name="test3181" classname="RegressionTest6" time="0"/>
  <testcase name="test3182" classname="RegressionTest6" time="0"/>
  <testcase name="test3183" classname="RegressionTest6" time="0"/>
  <testcase name="test3184" classname="RegressionTest6" time="0"/>
  <testcase name="test3185" classname="RegressionTest6" time="0"/>
  <testcase name="test3186" classname="RegressionTest6" time="0"/>
  <testcase name="test3187" classname="RegressionTest6" time="0"/>
  <testcase name="test3188" classname="RegressionTest6" time="0.001"/>
  <testcase name="test3189" classname="RegressionTest6" time="0"/>
  <testcase name="test3190" classname="RegressionTest6" time="0"/>
  <testcase name="test3191" classname="RegressionTest6" time="0"/>
  <testcase name="test3192" classname="RegressionTest6" time="0"/>
  <testcase name="test3193" classname="RegressionTest6" time="0"/>
  <testcase name="test3194" classname="RegressionTest6" time="0"/>
  <testcase name="test3195" classname="RegressionTest6" time="0"/>
  <testcase name="test3196" classname="RegressionTest6" time="0"/>
  <testcase name="test3197" classname="RegressionTest6" time="0"/>
  <testcase name="test3198" classname="RegressionTest6" time="0"/>
  <testcase name="test3199" classname="RegressionTest6" time="0"/>
  <testcase name="test3200" classname="RegressionTest6" time="0"/>
  <testcase name="test3201" classname="RegressionTest6" time="0"/>
  <testcase name="test3202" classname="RegressionTest6" time="0"/>
  <testcase name="test3203" classname="RegressionTest6" time="0"/>
  <testcase name="test3204" classname="RegressionTest6" time="0"/>
  <testcase name="test3205" classname="RegressionTest6" time="0"/>
  <testcase name="test3206" classname="RegressionTest6" time="0"/>
  <testcase name="test3207" classname="RegressionTest6" time="0"/>
  <testcase name="test3208" classname="RegressionTest6" time="0"/>
  <testcase name="test3209" classname="RegressionTest6" time="0"/>
  <testcase name="test3210" classname="RegressionTest6" time="0"/>
  <testcase name="test3211" classname="RegressionTest6" time="0"/>
  <testcase name="test3212" classname="RegressionTest6" time="0"/>
  <testcase name="test3213" classname="RegressionTest6" time="0"/>
  <testcase name="test3214" classname="RegressionTest6" time="0"/>
  <testcase name="test3215" classname="RegressionTest6" time="0"/>
  <testcase name="test3216" classname="RegressionTest6" time="0"/>
  <testcase name="test3217" classname="RegressionTest6" time="0"/>
  <testcase name="test3218" classname="RegressionTest6" time="0"/>
  <testcase name="test3219" classname="RegressionTest6" time="0"/>
  <testcase name="test3220" classname="RegressionTest6" time="0"/>
  <testcase name="test3221" classname="RegressionTest6" time="0"/>
  <testcase name="test3222" classname="RegressionTest6" time="0"/>
  <testcase name="test3223" classname="RegressionTest6" time="0"/>
  <testcase name="test3224" classname="RegressionTest6" time="0"/>
  <testcase name="test3225" classname="RegressionTest6" time="0"/>
  <testcase name="test3226" classname="RegressionTest6" time="0"/>
  <testcase name="test3227" classname="RegressionTest6" time="0"/>
  <testcase name="test3228" classname="RegressionTest6" time="0"/>
  <testcase name="test3229" classname="RegressionTest6" time="0.001"/>
  <testcase name="test3230" classname="RegressionTest6" time="0"/>
  <testcase name="test3231" classname="RegressionTest6" time="0"/>
  <testcase name="test3232" classname="RegressionTest6" time="0"/>
  <testcase name="test3233" classname="RegressionTest6" time="0"/>
  <testcase name="test3234" classname="RegressionTest6" time="0"/>
  <testcase name="test3235" classname="RegressionTest6" time="0.001"/>
  <testcase name="test3236" classname="RegressionTest6" time="0"/>
  <testcase name="test3237" classname="RegressionTest6" time="0"/>
  <testcase name="test3238" classname="RegressionTest6" time="0.001"/>
  <testcase name="test3239" classname="RegressionTest6" time="0"/>
  <testcase name="test3240" classname="RegressionTest6" time="0"/>
  <testcase name="test3241" classname="RegressionTest6" time="0"/>
  <testcase name="test3242" classname="RegressionTest6" time="0"/>
  <testcase name="test3243" classname="RegressionTest6" time="0"/>
  <testcase name="test3244" classname="RegressionTest6" time="0"/>
  <testcase name="test3245" classname="RegressionTest6" time="0"/>
  <testcase name="test3246" classname="RegressionTest6" time="0"/>
  <testcase name="test3247" classname="RegressionTest6" time="0"/>
  <testcase name="test3248" classname="RegressionTest6" time="0"/>
  <testcase name="test3249" classname="RegressionTest6" time="0"/>
  <testcase name="test3250" classname="RegressionTest6" time="0"/>
  <testcase name="test3251" classname="RegressionTest6" time="0"/>
  <testcase name="test3252" classname="RegressionTest6" time="0"/>
  <testcase name="test3253" classname="RegressionTest6" time="0"/>
  <testcase name="test3254" classname="RegressionTest6" time="0"/>
  <testcase name="test3255" classname="RegressionTest6" time="0"/>
  <testcase name="test3256" classname="RegressionTest6" time="0"/>
  <testcase name="test3257" classname="RegressionTest6" time="0"/>
  <testcase name="test3258" classname="RegressionTest6" time="0"/>
  <testcase name="test3259" classname="RegressionTest6" time="0"/>
  <testcase name="test3260" classname="RegressionTest6" time="0"/>
  <testcase name="test3261" classname="RegressionTest6" time="0"/>
  <testcase name="test3262" classname="RegressionTest6" time="0"/>
  <testcase name="test3263" classname="RegressionTest6" time="0"/>
  <testcase name="test3264" classname="RegressionTest6" time="0"/>
  <testcase name="test3265" classname="RegressionTest6" time="0"/>
  <testcase name="test3266" classname="RegressionTest6" time="0"/>
  <testcase name="test3267" classname="RegressionTest6" time="0"/>
  <testcase name="test3268" classname="RegressionTest6" time="0"/>
  <testcase name="test3269" classname="RegressionTest6" time="0"/>
  <testcase name="test3270" classname="RegressionTest6" time="0"/>
  <testcase name="test3271" classname="RegressionTest6" time="0"/>
  <testcase name="test3272" classname="RegressionTest6" time="0.001"/>
  <testcase name="test3273" classname="RegressionTest6" time="0"/>
  <testcase name="test3274" classname="RegressionTest6" time="0"/>
  <testcase name="test3275" classname="RegressionTest6" time="0"/>
  <testcase name="test3276" classname="RegressionTest6" time="0"/>
  <testcase name="test3277" classname="RegressionTest6" time="0"/>
  <testcase name="test3278" classname="RegressionTest6" time="0"/>
  <testcase name="test3279" classname="RegressionTest6" time="0"/>
  <testcase name="test3280" classname="RegressionTest6" time="0"/>
  <testcase name="test3281" classname="RegressionTest6" time="0"/>
  <testcase name="test3282" classname="RegressionTest6" time="0"/>
  <testcase name="test3283" classname="RegressionTest6" time="0"/>
  <testcase name="test3284" classname="RegressionTest6" time="0"/>
  <testcase name="test3285" classname="RegressionTest6" time="0"/>
  <testcase name="test3286" classname="RegressionTest6" time="0"/>
  <testcase name="test3287" classname="RegressionTest6" time="0"/>
  <testcase name="test3288" classname="RegressionTest6" time="0"/>
  <testcase name="test3289" classname="RegressionTest6" time="0"/>
  <testcase name="test3290" classname="RegressionTest6" time="0"/>
  <testcase name="test3291" classname="RegressionTest6" time="0"/>
  <testcase name="test3292" classname="RegressionTest6" time="0"/>
  <testcase name="test3293" classname="RegressionTest6" time="0"/>
  <testcase name="test3294" classname="RegressionTest6" time="0"/>
  <testcase name="test3295" classname="RegressionTest6" time="0"/>
  <testcase name="test3296" classname="RegressionTest6" time="0"/>
  <testcase name="test3297" classname="RegressionTest6" time="0"/>
  <testcase name="test3298" classname="RegressionTest6" time="0"/>
  <testcase name="test3299" classname="RegressionTest6" time="0"/>
  <testcase name="test3300" classname="RegressionTest6" time="0"/>
  <testcase name="test3301" classname="RegressionTest6" time="0"/>
  <testcase name="test3302" classname="RegressionTest6" time="0"/>
  <testcase name="test3303" classname="RegressionTest6" time="0"/>
  <testcase name="test3304" classname="RegressionTest6" time="0"/>
  <testcase name="test3305" classname="RegressionTest6" time="0"/>
  <testcase name="test3306" classname="RegressionTest6" time="0"/>
  <testcase name="test3307" classname="RegressionTest6" time="0"/>
  <testcase name="test3308" classname="RegressionTest6" time="0"/>
  <testcase name="test3309" classname="RegressionTest6" time="0"/>
  <testcase name="test3310" classname="RegressionTest6" time="0"/>
  <testcase name="test3311" classname="RegressionTest6" time="0"/>
  <testcase name="test3312" classname="RegressionTest6" time="0"/>
  <testcase name="test3313" classname="RegressionTest6" time="0"/>
  <testcase name="test3314" classname="RegressionTest6" time="0"/>
  <testcase name="test3315" classname="RegressionTest6" time="0"/>
  <testcase name="test3316" classname="RegressionTest6" time="0"/>
  <testcase name="test3317" classname="RegressionTest6" time="0"/>
  <testcase name="test3318" classname="RegressionTest6" time="0"/>
  <testcase name="test3319" classname="RegressionTest6" time="0"/>
  <testcase name="test3320" classname="RegressionTest6" time="0"/>
  <testcase name="test3321" classname="RegressionTest6" time="0"/>
  <testcase name="test3322" classname="RegressionTest6" time="0"/>
  <testcase name="test3323" classname="RegressionTest6" time="0"/>
  <testcase name="test3324" classname="RegressionTest6" time="0"/>
  <testcase name="test3325" classname="RegressionTest6" time="0"/>
  <testcase name="test3326" classname="RegressionTest6" time="0"/>
  <testcase name="test3327" classname="RegressionTest6" time="0"/>
  <testcase name="test3328" classname="RegressionTest6" time="0"/>
  <testcase name="test3329" classname="RegressionTest6" time="0"/>
  <testcase name="test3330" classname="RegressionTest6" time="0"/>
  <testcase name="test3331" classname="RegressionTest6" time="0"/>
  <testcase name="test3332" classname="RegressionTest6" time="0"/>
  <testcase name="test3333" classname="RegressionTest6" time="0"/>
  <testcase name="test3334" classname="RegressionTest6" time="0"/>
  <testcase name="test3335" classname="RegressionTest6" time="0"/>
  <testcase name="test3336" classname="RegressionTest6" time="0"/>
  <testcase name="test3337" classname="RegressionTest6" time="0"/>
  <testcase name="test3338" classname="RegressionTest6" time="0"/>
  <testcase name="test3339" classname="RegressionTest6" time="0"/>
  <testcase name="test3340" classname="RegressionTest6" time="0"/>
  <testcase name="test3341" classname="RegressionTest6" time="0"/>
  <testcase name="test3342" classname="RegressionTest6" time="0"/>
  <testcase name="test3343" classname="RegressionTest6" time="0"/>
  <testcase name="test3344" classname="RegressionTest6" time="0"/>
  <testcase name="test3345" classname="RegressionTest6" time="0"/>
  <testcase name="test3346" classname="RegressionTest6" time="0"/>
  <testcase name="test3347" classname="RegressionTest6" time="0"/>
  <testcase name="test3348" classname="RegressionTest6" time="0"/>
  <testcase name="test3349" classname="RegressionTest6" time="0"/>
  <testcase name="test3350" classname="RegressionTest6" time="0"/>
  <testcase name="test3351" classname="RegressionTest6" time="0"/>
  <testcase name="test3352" classname="RegressionTest6" time="0"/>
  <testcase name="test3353" classname="RegressionTest6" time="0"/>
  <testcase name="test3354" classname="RegressionTest6" time="0"/>
  <testcase name="test3355" classname="RegressionTest6" time="0"/>
  <testcase name="test3356" classname="RegressionTest6" time="0"/>
  <testcase name="test3357" classname="RegressionTest6" time="0"/>
  <testcase name="test3358" classname="RegressionTest6" time="0"/>
  <testcase name="test3359" classname="RegressionTest6" time="0"/>
  <testcase name="test3360" classname="RegressionTest6" time="0"/>
  <testcase name="test3361" classname="RegressionTest6" time="0"/>
  <testcase name="test3362" classname="RegressionTest6" time="0"/>
  <testcase name="test3363" classname="RegressionTest6" time="0"/>
  <testcase name="test3364" classname="RegressionTest6" time="0"/>
  <testcase name="test3365" classname="RegressionTest6" time="0"/>
  <testcase name="test3366" classname="RegressionTest6" time="0"/>
  <testcase name="test3367" classname="RegressionTest6" time="0"/>
  <testcase name="test3368" classname="RegressionTest6" time="0"/>
  <testcase name="test3369" classname="RegressionTest6" time="0"/>
  <testcase name="test3370" classname="RegressionTest6" time="0.001"/>
  <testcase name="test3371" classname="RegressionTest6" time="0"/>
  <testcase name="test3372" classname="RegressionTest6" time="0"/>
  <testcase name="test3373" classname="RegressionTest6" time="0"/>
  <testcase name="test3374" classname="RegressionTest6" time="0"/>
  <testcase name="test3375" classname="RegressionTest6" time="0"/>
  <testcase name="test3376" classname="RegressionTest6" time="0"/>
  <testcase name="test3377" classname="RegressionTest6" time="0"/>
  <testcase name="test3378" classname="RegressionTest6" time="0"/>
  <testcase name="test3379" classname="RegressionTest6" time="0"/>
  <testcase name="test3380" classname="RegressionTest6" time="0"/>
  <testcase name="test3381" classname="RegressionTest6" time="0"/>
  <testcase name="test3382" classname="RegressionTest6" time="0"/>
  <testcase name="test3383" classname="RegressionTest6" time="0"/>
  <testcase name="test3384" classname="RegressionTest6" time="0"/>
  <testcase name="test3385" classname="RegressionTest6" time="0"/>
  <testcase name="test3386" classname="RegressionTest6" time="0"/>
  <testcase name="test3387" classname="RegressionTest6" time="0"/>
  <testcase name="test3388" classname="RegressionTest6" time="0"/>
  <testcase name="test3389" classname="RegressionTest6" time="0"/>
  <testcase name="test3390" classname="RegressionTest6" time="0"/>
  <testcase name="test3391" classname="RegressionTest6" time="0"/>
  <testcase name="test3392" classname="RegressionTest6" time="0"/>
  <testcase name="test3393" classname="RegressionTest6" time="0"/>
  <testcase name="test3394" classname="RegressionTest6" time="0"/>
  <testcase name="test3395" classname="RegressionTest6" time="0"/>
  <testcase name="test3396" classname="RegressionTest6" time="0"/>
  <testcase name="test3397" classname="RegressionTest6" time="0"/>
  <testcase name="test3398" classname="RegressionTest6" time="0"/>
  <testcase name="test3399" classname="RegressionTest6" time="0"/>
  <testcase name="test3400" classname="RegressionTest6" time="0"/>
  <testcase name="test3401" classname="RegressionTest6" time="0"/>
  <testcase name="test3402" classname="RegressionTest6" time="0"/>
  <testcase name="test3403" classname="RegressionTest6" time="0"/>
  <testcase name="test3404" classname="RegressionTest6" time="0"/>
  <testcase name="test3405" classname="RegressionTest6" time="0"/>
  <testcase name="test3406" classname="RegressionTest6" time="0"/>
  <testcase name="test3407" classname="RegressionTest6" time="0"/>
  <testcase name="test3408" classname="RegressionTest6" time="0"/>
  <testcase name="test3409" classname="RegressionTest6" time="0"/>
  <testcase name="test3410" classname="RegressionTest6" time="0"/>
  <testcase name="test3411" classname="RegressionTest6" time="0"/>
  <testcase name="test3412" classname="RegressionTest6" time="0"/>
  <testcase name="test3413" classname="RegressionTest6" time="0"/>
  <testcase name="test3414" classname="RegressionTest6" time="0"/>
  <testcase name="test3415" classname="RegressionTest6" time="0"/>
  <testcase name="test3416" classname="RegressionTest6" time="0"/>
  <testcase name="test3417" classname="RegressionTest6" time="0"/>
  <testcase name="test3418" classname="RegressionTest6" time="0"/>
  <testcase name="test3419" classname="RegressionTest6" time="0"/>
  <testcase name="test3420" classname="RegressionTest6" time="0"/>
  <testcase name="test3421" classname="RegressionTest6" time="0"/>
  <testcase name="test3422" classname="RegressionTest6" time="0"/>
  <testcase name="test3423" classname="RegressionTest6" time="0"/>
  <testcase name="test3424" classname="RegressionTest6" time="0"/>
  <testcase name="test3425" classname="RegressionTest6" time="0"/>
  <testcase name="test3426" classname="RegressionTest6" time="0"/>
  <testcase name="test3427" classname="RegressionTest6" time="0"/>
  <testcase name="test3428" classname="RegressionTest6" time="0"/>
  <testcase name="test3429" classname="RegressionTest6" time="0"/>
  <testcase name="test3430" classname="RegressionTest6" time="0"/>
  <testcase name="test3431" classname="RegressionTest6" time="0"/>
  <testcase name="test3432" classname="RegressionTest6" time="0"/>
  <testcase name="test3433" classname="RegressionTest6" time="0"/>
  <testcase name="test3434" classname="RegressionTest6" time="0"/>
  <testcase name="test3435" classname="RegressionTest6" time="0"/>
  <testcase name="test3436" classname="RegressionTest6" time="0"/>
  <testcase name="test3437" classname="RegressionTest6" time="0"/>
  <testcase name="test3438" classname="RegressionTest6" time="0"/>
  <testcase name="test3439" classname="RegressionTest6" time="0"/>
  <testcase name="test3440" classname="RegressionTest6" time="0"/>
  <testcase name="test3441" classname="RegressionTest6" time="0"/>
  <testcase name="test3442" classname="RegressionTest6" time="0"/>
  <testcase name="test3443" classname="RegressionTest6" time="0"/>
  <testcase name="test3444" classname="RegressionTest6" time="0"/>
  <testcase name="test3445" classname="RegressionTest6" time="0"/>
  <testcase name="test3446" classname="RegressionTest6" time="0"/>
  <testcase name="test3447" classname="RegressionTest6" time="0"/>
  <testcase name="test3448" classname="RegressionTest6" time="0"/>
  <testcase name="test3449" classname="RegressionTest6" time="0"/>
  <testcase name="test3450" classname="RegressionTest6" time="0"/>
  <testcase name="test3451" classname="RegressionTest6" time="0"/>
  <testcase name="test3452" classname="RegressionTest6" time="0"/>
  <testcase name="test3453" classname="RegressionTest6" time="0"/>
  <testcase name="test3454" classname="RegressionTest6" time="0"/>
  <testcase name="test3455" classname="RegressionTest6" time="0"/>
  <testcase name="test3456" classname="RegressionTest6" time="0"/>
  <testcase name="test3457" classname="RegressionTest6" time="0"/>
  <testcase name="test3458" classname="RegressionTest6" time="0"/>
  <testcase name="test3459" classname="RegressionTest6" time="0"/>
  <testcase name="test3460" classname="RegressionTest6" time="0"/>
  <testcase name="test3461" classname="RegressionTest6" time="0"/>
  <testcase name="test3462" classname="RegressionTest6" time="0"/>
  <testcase name="test3463" classname="RegressionTest6" time="0"/>
  <testcase name="test3464" classname="RegressionTest6" time="0"/>
  <testcase name="test3465" classname="RegressionTest6" time="0"/>
  <testcase name="test3466" classname="RegressionTest6" time="0"/>
  <testcase name="test3467" classname="RegressionTest6" time="0"/>
  <testcase name="test3468" classname="RegressionTest6" time="0"/>
  <testcase name="test3469" classname="RegressionTest6" time="0"/>
  <testcase name="test3470" classname="RegressionTest6" time="0"/>
  <testcase name="test3471" classname="RegressionTest6" time="0"/>
  <testcase name="test3472" classname="RegressionTest6" time="0"/>
  <testcase name="test3473" classname="RegressionTest6" time="0"/>
  <testcase name="test3474" classname="RegressionTest6" time="0"/>
  <testcase name="test3475" classname="RegressionTest6" time="0"/>
  <testcase name="test3476" classname="RegressionTest6" time="0"/>
  <testcase name="test3477" classname="RegressionTest6" time="0"/>
  <testcase name="test3478" classname="RegressionTest6" time="0"/>
  <testcase name="test3479" classname="RegressionTest6" time="0"/>
  <testcase name="test3480" classname="RegressionTest6" time="0"/>
  <testcase name="test3481" classname="RegressionTest6" time="0"/>
  <testcase name="test3482" classname="RegressionTest6" time="0"/>
  <testcase name="test3483" classname="RegressionTest6" time="0"/>
  <testcase name="test3484" classname="RegressionTest6" time="0"/>
  <testcase name="test3485" classname="RegressionTest6" time="0"/>
  <testcase name="test3486" classname="RegressionTest6" time="0"/>
  <testcase name="test3487" classname="RegressionTest6" time="0"/>
  <testcase name="test3488" classname="RegressionTest6" time="0"/>
  <testcase name="test3489" classname="RegressionTest6" time="0"/>
  <testcase name="test3490" classname="RegressionTest6" time="0"/>
  <testcase name="test3491" classname="RegressionTest6" time="0"/>
  <testcase name="test3492" classname="RegressionTest6" time="0"/>
  <testcase name="test3493" classname="RegressionTest6" time="0"/>
  <testcase name="test3494" classname="RegressionTest6" time="0"/>
  <testcase name="test3495" classname="RegressionTest6" time="0"/>
  <testcase name="test3496" classname="RegressionTest6" time="0"/>
  <testcase name="test3497" classname="RegressionTest6" time="0"/>
  <testcase name="test3498" classname="RegressionTest6" time="0"/>
  <testcase name="test3499" classname="RegressionTest6" time="0"/>
  <testcase name="test3500" classname="RegressionTest6" time="0"/>
  <testcase name="test3501" classname="RegressionTest7" time="0"/>
  <testcase name="test3502" classname="RegressionTest7" time="0"/>
  <testcase name="test3503" classname="RegressionTest7" time="0"/>
  <testcase name="test3504" classname="RegressionTest7" time="0"/>
  <testcase name="test3505" classname="RegressionTest7" time="0"/>
  <testcase name="test3506" classname="RegressionTest7" time="0"/>
  <testcase name="test3507" classname="RegressionTest7" time="0"/>
  <testcase name="test3508" classname="RegressionTest7" time="0"/>
  <testcase name="test3509" classname="RegressionTest7" time="0"/>
  <testcase name="test3510" classname="RegressionTest7" time="0"/>
  <testcase name="test3511" classname="RegressionTest7" time="0"/>
  <testcase name="test3512" classname="RegressionTest7" time="0"/>
  <testcase name="test3513" classname="RegressionTest7" time="0"/>
  <testcase name="test3514" classname="RegressionTest7" time="0"/>
  <testcase name="test3515" classname="RegressionTest7" time="0"/>
  <testcase name="test3516" classname="RegressionTest7" time="0"/>
  <testcase name="test3517" classname="RegressionTest7" time="0"/>
  <testcase name="test3518" classname="RegressionTest7" time="0"/>
  <testcase name="test3519" classname="RegressionTest7" time="0"/>
  <testcase name="test3520" classname="RegressionTest7" time="0"/>
  <testcase name="test3521" classname="RegressionTest7" time="0"/>
  <testcase name="test3522" classname="RegressionTest7" time="0"/>
  <testcase name="test3523" classname="RegressionTest7" time="0"/>
  <testcase name="test3524" classname="RegressionTest7" time="0"/>
  <testcase name="test3525" classname="RegressionTest7" time="0"/>
  <testcase name="test3526" classname="RegressionTest7" time="0"/>
  <testcase name="test3527" classname="RegressionTest7" time="0"/>
  <testcase name="test3528" classname="RegressionTest7" time="0"/>
  <testcase name="test3529" classname="RegressionTest7" time="0"/>
  <testcase name="test3530" classname="RegressionTest7" time="0"/>
  <testcase name="test3531" classname="RegressionTest7" time="0"/>
  <testcase name="test3532" classname="RegressionTest7" time="0"/>
  <testcase name="test3533" classname="RegressionTest7" time="0"/>
  <testcase name="test3534" classname="RegressionTest7" time="0"/>
  <testcase name="test3535" classname="RegressionTest7" time="0"/>
  <testcase name="test3536" classname="RegressionTest7" time="0"/>
  <testcase name="test3537" classname="RegressionTest7" time="0"/>
  <testcase name="test3538" classname="RegressionTest7" time="0"/>
  <testcase name="test3539" classname="RegressionTest7" time="0"/>
  <testcase name="test3540" classname="RegressionTest7" time="0"/>
  <testcase name="test3541" classname="RegressionTest7" time="0"/>
  <testcase name="test3542" classname="RegressionTest7" time="0"/>
  <testcase name="test3543" classname="RegressionTest7" time="0"/>
  <testcase name="test3544" classname="RegressionTest7" time="0"/>
  <testcase name="test3545" classname="RegressionTest7" time="0"/>
  <testcase name="test3546" classname="RegressionTest7" time="0"/>
  <testcase name="test3547" classname="RegressionTest7" time="0"/>
  <testcase name="test3548" classname="RegressionTest7" time="0"/>
  <testcase name="test3549" classname="RegressionTest7" time="0"/>
  <testcase name="test3550" classname="RegressionTest7" time="0"/>
  <testcase name="test3551" classname="RegressionTest7" time="0"/>
  <testcase name="test3552" classname="RegressionTest7" time="0"/>
  <testcase name="test3553" classname="RegressionTest7" time="0"/>
  <testcase name="test3554" classname="RegressionTest7" time="0"/>
  <testcase name="test3555" classname="RegressionTest7" time="0"/>
  <testcase name="test3556" classname="RegressionTest7" time="0"/>
  <testcase name="test3557" classname="RegressionTest7" time="0"/>
  <testcase name="test3558" classname="RegressionTest7" time="0"/>
  <testcase name="test3559" classname="RegressionTest7" time="0"/>
  <testcase name="test3560" classname="RegressionTest7" time="0"/>
  <testcase name="test3561" classname="RegressionTest7" time="0"/>
  <testcase name="test3562" classname="RegressionTest7" time="0"/>
  <testcase name="test3563" classname="RegressionTest7" time="0"/>
  <testcase name="test3564" classname="RegressionTest7" time="0"/>
  <testcase name="test3565" classname="RegressionTest7" time="0"/>
  <testcase name="test3566" classname="RegressionTest7" time="0"/>
  <testcase name="test3567" classname="RegressionTest7" time="0"/>
  <testcase name="test3568" classname="RegressionTest7" time="0"/>
  <testcase name="test3569" classname="RegressionTest7" time="0"/>
  <testcase name="test3570" classname="RegressionTest7" time="0"/>
  <testcase name="test3571" classname="RegressionTest7" time="0"/>
  <testcase name="test3572" classname="RegressionTest7" time="0"/>
  <testcase name="test3573" classname="RegressionTest7" time="0"/>
  <testcase name="test3574" classname="RegressionTest7" time="0"/>
  <testcase name="test3575" classname="RegressionTest7" time="0"/>
  <testcase name="test3576" classname="RegressionTest7" time="0"/>
  <testcase name="test3577" classname="RegressionTest7" time="0"/>
  <testcase name="test3578" classname="RegressionTest7" time="0"/>
  <testcase name="test3579" classname="RegressionTest7" time="0"/>
  <testcase name="test3580" classname="RegressionTest7" time="0"/>
  <testcase name="test3581" classname="RegressionTest7" time="0"/>
  <testcase name="test3582" classname="RegressionTest7" time="0"/>
  <testcase name="test3583" classname="RegressionTest7" time="0"/>
  <testcase name="test3584" classname="RegressionTest7" time="0"/>
  <testcase name="test3585" classname="RegressionTest7" time="0"/>
  <testcase name="test3586" classname="RegressionTest7" time="0"/>
  <testcase name="test3587" classname="RegressionTest7" time="0"/>
  <testcase name="test3588" classname="RegressionTest7" time="0"/>
  <testcase name="test3589" classname="RegressionTest7" time="0"/>
  <testcase name="test3590" classname="RegressionTest7" time="0"/>
  <testcase name="test3591" classname="RegressionTest7" time="0"/>
  <testcase name="test3592" classname="RegressionTest7" time="0"/>
  <testcase name="test3593" classname="RegressionTest7" time="0"/>
  <testcase name="test3594" classname="RegressionTest7" time="0"/>
  <testcase name="test3595" classname="RegressionTest7" time="0"/>
  <testcase name="test3596" classname="RegressionTest7" time="0"/>
  <testcase name="test3597" classname="RegressionTest7" time="0"/>
  <testcase name="test3598" classname="RegressionTest7" time="0"/>
  <testcase name="test3599" classname="RegressionTest7" time="0.001"/>
  <testcase name="test3600" classname="RegressionTest7" time="0"/>
  <testcase name="test3601" classname="RegressionTest7" time="0"/>
  <testcase name="test3602" classname="RegressionTest7" time="0"/>
  <testcase name="test3603" classname="RegressionTest7" time="0"/>
  <testcase name="test3604" classname="RegressionTest7" time="0"/>
  <testcase name="test3605" classname="RegressionTest7" time="0"/>
  <testcase name="test3606" classname="RegressionTest7" time="0"/>
  <testcase name="test3607" classname="RegressionTest7" time="0"/>
  <testcase name="test3608" classname="RegressionTest7" time="0"/>
  <testcase name="test3609" classname="RegressionTest7" time="0"/>
  <testcase name="test3610" classname="RegressionTest7" time="0"/>
  <testcase name="test3611" classname="RegressionTest7" time="0"/>
  <testcase name="test3612" classname="RegressionTest7" time="0"/>
  <testcase name="test3613" classname="RegressionTest7" time="0"/>
  <testcase name="test3614" classname="RegressionTest7" time="0"/>
  <testcase name="test3615" classname="RegressionTest7" time="0"/>
  <testcase name="test3616" classname="RegressionTest7" time="0"/>
  <testcase name="test3617" classname="RegressionTest7" time="0"/>
  <testcase name="test3618" classname="RegressionTest7" time="0"/>
  <testcase name="test3619" classname="RegressionTest7" time="0"/>
  <testcase name="test3620" classname="RegressionTest7" time="0"/>
  <testcase name="test3621" classname="RegressionTest7" time="0"/>
  <testcase name="test3622" classname="RegressionTest7" time="0"/>
  <testcase name="test3623" classname="RegressionTest7" time="0"/>
  <testcase name="test3624" classname="RegressionTest7" time="0"/>
  <testcase name="test3625" classname="RegressionTest7" time="0"/>
  <testcase name="test3626" classname="RegressionTest7" time="0"/>
  <testcase name="test3627" classname="RegressionTest7" time="0"/>
  <testcase name="test3628" classname="RegressionTest7" time="0"/>
  <testcase name="test3629" classname="RegressionTest7" time="0"/>
  <testcase name="test3630" classname="RegressionTest7" time="0"/>
  <testcase name="test3631" classname="RegressionTest7" time="0"/>
  <testcase name="test3632" classname="RegressionTest7" time="0"/>
  <testcase name="test3633" classname="RegressionTest7" time="0"/>
  <testcase name="test3634" classname="RegressionTest7" time="0"/>
  <testcase name="test3635" classname="RegressionTest7" time="0"/>
  <testcase name="test3636" classname="RegressionTest7" time="0"/>
  <testcase name="test3637" classname="RegressionTest7" time="0"/>
  <testcase name="test3638" classname="RegressionTest7" time="0"/>
  <testcase name="test3639" classname="RegressionTest7" time="0"/>
  <testcase name="test3640" classname="RegressionTest7" time="0"/>
  <testcase name="test3641" classname="RegressionTest7" time="0"/>
  <testcase name="test3642" classname="RegressionTest7" time="0"/>
  <testcase name="test3643" classname="RegressionTest7" time="0"/>
  <testcase name="test3644" classname="RegressionTest7" time="0"/>
  <testcase name="test3645" classname="RegressionTest7" time="0"/>
  <testcase name="test3646" classname="RegressionTest7" time="0"/>
  <testcase name="test3647" classname="RegressionTest7" time="0"/>
  <testcase name="test3648" classname="RegressionTest7" time="0"/>
  <testcase name="test3649" classname="RegressionTest7" time="0"/>
  <testcase name="test3650" classname="RegressionTest7" time="0"/>
  <testcase name="test3651" classname="RegressionTest7" time="0"/>
  <testcase name="test3652" classname="RegressionTest7" time="0"/>
  <testcase name="test3653" classname="RegressionTest7" time="0"/>
  <testcase name="test3654" classname="RegressionTest7" time="0"/>
  <testcase name="test3655" classname="RegressionTest7" time="0"/>
  <testcase name="test3656" classname="RegressionTest7" time="0"/>
  <testcase name="test3657" classname="RegressionTest7" time="0"/>
  <testcase name="test3658" classname="RegressionTest7" time="0"/>
  <testcase name="test3659" classname="RegressionTest7" time="0"/>
  <testcase name="test3660" classname="RegressionTest7" time="0"/>
  <testcase name="test3661" classname="RegressionTest7" time="0"/>
  <testcase name="test3662" classname="RegressionTest7" time="0"/>
  <testcase name="test3663" classname="RegressionTest7" time="0"/>
  <testcase name="test3664" classname="RegressionTest7" time="0"/>
  <testcase name="test3665" classname="RegressionTest7" time="0"/>
  <testcase name="test3666" classname="RegressionTest7" time="0"/>
  <testcase name="test3667" classname="RegressionTest7" time="0"/>
  <testcase name="test3668" classname="RegressionTest7" time="0"/>
  <testcase name="test3669" classname="RegressionTest7" time="0"/>
  <testcase name="test3670" classname="RegressionTest7" time="0"/>
  <testcase name="test3671" classname="RegressionTest7" time="0"/>
  <testcase name="test3672" classname="RegressionTest7" time="0"/>
  <testcase name="test3673" classname="RegressionTest7" time="0"/>
  <testcase name="test3674" classname="RegressionTest7" time="0"/>
  <testcase name="test3675" classname="RegressionTest7" time="0"/>
  <testcase name="test3676" classname="RegressionTest7" time="0"/>
  <testcase name="test3677" classname="RegressionTest7" time="0"/>
  <testcase name="test3678" classname="RegressionTest7" time="0"/>
  <testcase name="test3679" classname="RegressionTest7" time="0"/>
  <testcase name="test3680" classname="RegressionTest7" time="0"/>
  <testcase name="test3681" classname="RegressionTest7" time="0"/>
  <testcase name="test3682" classname="RegressionTest7" time="0"/>
  <testcase name="test3683" classname="RegressionTest7" time="0.001"/>
  <testcase name="test3684" classname="RegressionTest7" time="0"/>
  <testcase name="test3685" classname="RegressionTest7" time="0"/>
  <testcase name="test3686" classname="RegressionTest7" time="0"/>
  <testcase name="test3687" classname="RegressionTest7" time="0"/>
  <testcase name="test3688" classname="RegressionTest7" time="0"/>
  <testcase name="test3689" classname="RegressionTest7" time="0"/>
  <testcase name="test3690" classname="RegressionTest7" time="0"/>
  <testcase name="test3691" classname="RegressionTest7" time="0"/>
  <testcase name="test3692" classname="RegressionTest7" time="0"/>
  <testcase name="test3693" classname="RegressionTest7" time="0"/>
  <testcase name="test3694" classname="RegressionTest7" time="0"/>
  <testcase name="test3695" classname="RegressionTest7" time="0"/>
  <testcase name="test3696" classname="RegressionTest7" time="0"/>
  <testcase name="test3697" classname="RegressionTest7" time="0"/>
  <testcase name="test3698" classname="RegressionTest7" time="0"/>
  <testcase name="test3699" classname="RegressionTest7" time="0"/>
  <testcase name="test3700" classname="RegressionTest7" time="0"/>
  <testcase name="test3701" classname="RegressionTest7" time="0"/>
  <testcase name="test3702" classname="RegressionTest7" time="0"/>
  <testcase name="test3703" classname="RegressionTest7" time="0"/>
  <testcase name="test3704" classname="RegressionTest7" time="0"/>
  <testcase name="test3705" classname="RegressionTest7" time="0"/>
  <testcase name="test3706" classname="RegressionTest7" time="0"/>
  <testcase name="test3707" classname="RegressionTest7" time="0"/>
  <testcase name="test3708" classname="RegressionTest7" time="0"/>
  <testcase name="test3709" classname="RegressionTest7" time="0"/>
  <testcase name="test3710" classname="RegressionTest7" time="0"/>
  <testcase name="test3711" classname="RegressionTest7" time="0"/>
  <testcase name="test3712" classname="RegressionTest7" time="0"/>
  <testcase name="test3713" classname="RegressionTest7" time="0"/>
  <testcase name="test3714" classname="RegressionTest7" time="0"/>
  <testcase name="test3715" classname="RegressionTest7" time="0"/>
  <testcase name="test3716" classname="RegressionTest7" time="0"/>
  <testcase name="test3717" classname="RegressionTest7" time="0"/>
  <testcase name="test3718" classname="RegressionTest7" time="0"/>
  <testcase name="test3719" classname="RegressionTest7" time="0"/>
  <testcase name="test3720" classname="RegressionTest7" time="0"/>
  <testcase name="test3721" classname="RegressionTest7" time="0"/>
  <testcase name="test3722" classname="RegressionTest7" time="0"/>
  <testcase name="test3723" classname="RegressionTest7" time="0"/>
  <testcase name="test3724" classname="RegressionTest7" time="0"/>
  <testcase name="test3725" classname="RegressionTest7" time="0"/>
  <testcase name="test3726" classname="RegressionTest7" time="0"/>
  <testcase name="test3727" classname="RegressionTest7" time="0"/>
  <testcase name="test3728" classname="RegressionTest7" time="0"/>
  <testcase name="test3729" classname="RegressionTest7" time="0"/>
  <testcase name="test3730" classname="RegressionTest7" time="0"/>
  <testcase name="test3731" classname="RegressionTest7" time="0"/>
  <testcase name="test3732" classname="RegressionTest7" time="0"/>
  <testcase name="test3733" classname="RegressionTest7" time="0"/>
  <testcase name="test3734" classname="RegressionTest7" time="0"/>
  <testcase name="test3735" classname="RegressionTest7" time="0"/>
  <testcase name="test3736" classname="RegressionTest7" time="0"/>
  <testcase name="test3737" classname="RegressionTest7" time="0"/>
  <testcase name="test3738" classname="RegressionTest7" time="0"/>
  <testcase name="test3739" classname="RegressionTest7" time="0"/>
  <testcase name="test3740" classname="RegressionTest7" time="0"/>
  <testcase name="test3741" classname="RegressionTest7" time="0"/>
  <testcase name="test3742" classname="RegressionTest7" time="0"/>
  <testcase name="test3743" classname="RegressionTest7" time="0"/>
  <testcase name="test3744" classname="RegressionTest7" time="0"/>
  <testcase name="test3745" classname="RegressionTest7" time="0"/>
  <testcase name="test3746" classname="RegressionTest7" time="0"/>
  <testcase name="test3747" classname="RegressionTest7" time="0"/>
  <testcase name="test3748" classname="RegressionTest7" time="0"/>
  <testcase name="test3749" classname="RegressionTest7" time="0"/>
  <testcase name="test3750" classname="RegressionTest7" time="0"/>
  <testcase name="test3751" classname="RegressionTest7" time="0"/>
  <testcase name="test3752" classname="RegressionTest7" time="0"/>
  <testcase name="test3753" classname="RegressionTest7" time="0"/>
  <testcase name="test3754" classname="RegressionTest7" time="0"/>
  <testcase name="test3755" classname="RegressionTest7" time="0"/>
  <testcase name="test3756" classname="RegressionTest7" time="0"/>
  <testcase name="test3757" classname="RegressionTest7" time="0"/>
  <testcase name="test3758" classname="RegressionTest7" time="0"/>
  <testcase name="test3759" classname="RegressionTest7" time="0"/>
  <testcase name="test3760" classname="RegressionTest7" time="0"/>
  <testcase name="test3761" classname="RegressionTest7" time="0"/>
  <testcase name="test3762" classname="RegressionTest7" time="0"/>
  <testcase name="test3763" classname="RegressionTest7" time="0"/>
  <testcase name="test3764" classname="RegressionTest7" time="0"/>
  <testcase name="test3765" classname="RegressionTest7" time="0"/>
  <testcase name="test3766" classname="RegressionTest7" time="0"/>
  <testcase name="test3767" classname="RegressionTest7" time="0"/>
  <testcase name="test3768" classname="RegressionTest7" time="0"/>
  <testcase name="test3769" classname="RegressionTest7" time="0"/>
  <testcase name="test3770" classname="RegressionTest7" time="0"/>
  <testcase name="test3771" classname="RegressionTest7" time="0"/>
  <testcase name="test3772" classname="RegressionTest7" time="0"/>
  <testcase name="test3773" classname="RegressionTest7" time="0"/>
  <testcase name="test3774" classname="RegressionTest7" time="0"/>
  <testcase name="test3775" classname="RegressionTest7" time="0"/>
  <testcase name="test3776" classname="RegressionTest7" time="0"/>
  <testcase name="test3777" classname="RegressionTest7" time="0"/>
  <testcase name="test3778" classname="RegressionTest7" time="0"/>
  <testcase name="test3779" classname="RegressionTest7" time="0"/>
  <testcase name="test3780" classname="RegressionTest7" time="0"/>
  <testcase name="test3781" classname="RegressionTest7" time="0"/>
  <testcase name="test3782" classname="RegressionTest7" time="0"/>
  <testcase name="test3783" classname="RegressionTest7" time="0"/>
  <testcase name="test3784" classname="RegressionTest7" time="0"/>
  <testcase name="test3785" classname="RegressionTest7" time="0"/>
  <testcase name="test3786" classname="RegressionTest7" time="0"/>
  <testcase name="test3787" classname="RegressionTest7" time="0"/>
  <testcase name="test3788" classname="RegressionTest7" time="0"/>
  <testcase name="test3789" classname="RegressionTest7" time="0"/>
  <testcase name="test3790" classname="RegressionTest7" time="0"/>
  <testcase name="test3791" classname="RegressionTest7" time="0"/>
  <testcase name="test3792" classname="RegressionTest7" time="0"/>
  <testcase name="test3793" classname="RegressionTest7" time="0"/>
  <testcase name="test3794" classname="RegressionTest7" time="0"/>
  <testcase name="test3795" classname="RegressionTest7" time="0"/>
  <testcase name="test3796" classname="RegressionTest7" time="0"/>
  <testcase name="test3797" classname="RegressionTest7" time="0"/>
  <testcase name="test3798" classname="RegressionTest7" time="0"/>
  <testcase name="test3799" classname="RegressionTest7" time="0"/>
  <testcase name="test3800" classname="RegressionTest7" time="0"/>
  <testcase name="test3801" classname="RegressionTest7" time="0"/>
  <testcase name="test3802" classname="RegressionTest7" time="0"/>
  <testcase name="test3803" classname="RegressionTest7" time="0"/>
  <testcase name="test3804" classname="RegressionTest7" time="0"/>
  <testcase name="test3805" classname="RegressionTest7" time="0"/>
  <testcase name="test3806" classname="RegressionTest7" time="0"/>
  <testcase name="test3807" classname="RegressionTest7" time="0"/>
  <testcase name="test3808" classname="RegressionTest7" time="0"/>
  <testcase name="test3809" classname="RegressionTest7" time="0"/>
  <testcase name="test3810" classname="RegressionTest7" time="0"/>
  <testcase name="test3811" classname="RegressionTest7" time="0"/>
  <testcase name="test3812" classname="RegressionTest7" time="0"/>
  <testcase name="test3813" classname="RegressionTest7" time="0"/>
  <testcase name="test3814" classname="RegressionTest7" time="0"/>
  <testcase name="test3815" classname="RegressionTest7" time="0"/>
  <testcase name="test3816" classname="RegressionTest7" time="0"/>
  <testcase name="test3817" classname="RegressionTest7" time="0"/>
  <testcase name="test3818" classname="RegressionTest7" time="0"/>
  <testcase name="test3819" classname="RegressionTest7" time="0"/>
  <testcase name="test3820" classname="RegressionTest7" time="0"/>
  <testcase name="test3821" classname="RegressionTest7" time="0"/>
  <testcase name="test3822" classname="RegressionTest7" time="0"/>
  <testcase name="test3823" classname="RegressionTest7" time="0"/>
  <testcase name="test3824" classname="RegressionTest7" time="0"/>
  <testcase name="test3825" classname="RegressionTest7" time="0"/>
  <testcase name="test3826" classname="RegressionTest7" time="0"/>
  <testcase name="test3827" classname="RegressionTest7" time="0"/>
  <testcase name="test3828" classname="RegressionTest7" time="0"/>
  <testcase name="test3829" classname="RegressionTest7" time="0"/>
  <testcase name="test3830" classname="RegressionTest7" time="0"/>
  <testcase name="test3831" classname="RegressionTest7" time="0"/>
  <testcase name="test3832" classname="RegressionTest7" time="0"/>
  <testcase name="test3833" classname="RegressionTest7" time="0"/>
  <testcase name="test3834" classname="RegressionTest7" time="0"/>
  <testcase name="test3835" classname="RegressionTest7" time="0"/>
  <testcase name="test3836" classname="RegressionTest7" time="0"/>
  <testcase name="test3837" classname="RegressionTest7" time="0"/>
  <testcase name="test3838" classname="RegressionTest7" time="0"/>
  <testcase name="test3839" classname="RegressionTest7" time="0"/>
  <testcase name="test3840" classname="RegressionTest7" time="0"/>
  <testcase name="test3841" classname="RegressionTest7" time="0"/>
  <testcase name="test3842" classname="RegressionTest7" time="0"/>
  <testcase name="test3843" classname="RegressionTest7" time="0"/>
  <testcase name="test3844" classname="RegressionTest7" time="0"/>
  <testcase name="test3845" classname="RegressionTest7" time="0"/>
  <testcase name="test3846" classname="RegressionTest7" time="0"/>
  <testcase name="test3847" classname="RegressionTest7" time="0"/>
  <testcase name="test3848" classname="RegressionTest7" time="0"/>
  <testcase name="test3849" classname="RegressionTest7" time="0"/>
  <testcase name="test3850" classname="RegressionTest7" time="0"/>
  <testcase name="test3851" classname="RegressionTest7" time="0"/>
  <testcase name="test3852" classname="RegressionTest7" time="0"/>
  <testcase name="test3853" classname="RegressionTest7" time="0"/>
  <testcase name="test3854" classname="RegressionTest7" time="0"/>
  <testcase name="test3855" classname="RegressionTest7" time="0"/>
  <testcase name="test3856" classname="RegressionTest7" time="0"/>
  <testcase name="test3857" classname="RegressionTest7" time="0"/>
  <testcase name="test3858" classname="RegressionTest7" time="0"/>
  <testcase name="test3859" classname="RegressionTest7" time="0"/>
  <testcase name="test3860" classname="RegressionTest7" time="0"/>
  <testcase name="test3861" classname="RegressionTest7" time="0"/>
  <testcase name="test3862" classname="RegressionTest7" time="0"/>
  <testcase name="test3863" classname="RegressionTest7" time="0"/>
  <testcase name="test3864" classname="RegressionTest7" time="0"/>
  <testcase name="test3865" classname="RegressionTest7" time="0"/>
  <testcase name="test3866" classname="RegressionTest7" time="0"/>
  <testcase name="test3867" classname="RegressionTest7" time="0"/>
  <testcase name="test3868" classname="RegressionTest7" time="0"/>
  <testcase name="test3869" classname="RegressionTest7" time="0"/>
  <testcase name="test3870" classname="RegressionTest7" time="0"/>
  <testcase name="test3871" classname="RegressionTest7" time="0"/>
  <testcase name="test3872" classname="RegressionTest7" time="0"/>
  <testcase name="test3873" classname="RegressionTest7" time="0"/>
  <testcase name="test3874" classname="RegressionTest7" time="0"/>
  <testcase name="test3875" classname="RegressionTest7" time="0"/>
  <testcase name="test3876" classname="RegressionTest7" time="0"/>
  <testcase name="test3877" classname="RegressionTest7" time="0"/>
  <testcase name="test3878" classname="RegressionTest7" time="0"/>
  <testcase name="test3879" classname="RegressionTest7" time="0"/>
  <testcase name="test3880" classname="RegressionTest7" time="0"/>
  <testcase name="test3881" classname="RegressionTest7" time="0"/>
  <testcase name="test3882" classname="RegressionTest7" time="0"/>
  <testcase name="test3883" classname="RegressionTest7" time="0"/>
  <testcase name="test3884" classname="RegressionTest7" time="0"/>
  <testcase name="test3885" classname="RegressionTest7" time="0"/>
  <testcase name="test3886" classname="RegressionTest7" time="0"/>
  <testcase name="test3887" classname="RegressionTest7" time="0"/>
  <testcase name="test3888" classname="RegressionTest7" time="0"/>
  <testcase name="test3889" classname="RegressionTest7" time="0"/>
  <testcase name="test3890" classname="RegressionTest7" time="0"/>
  <testcase name="test3891" classname="RegressionTest7" time="0"/>
  <testcase name="test3892" classname="RegressionTest7" time="0"/>
  <testcase name="test3893" classname="RegressionTest7" time="0"/>
  <testcase name="test3894" classname="RegressionTest7" time="0"/>
  <testcase name="test3895" classname="RegressionTest7" time="0"/>
  <testcase name="test3896" classname="RegressionTest7" time="0"/>
  <testcase name="test3897" classname="RegressionTest7" time="0"/>
  <testcase name="test3898" classname="RegressionTest7" time="0"/>
  <testcase name="test3899" classname="RegressionTest7" time="0"/>
  <testcase name="test3900" classname="RegressionTest7" time="0"/>
  <testcase name="test3901" classname="RegressionTest7" time="0"/>
  <testcase name="test3902" classname="RegressionTest7" time="0"/>
  <testcase name="test3903" classname="RegressionTest7" time="0"/>
  <testcase name="test3904" classname="RegressionTest7" time="0"/>
  <testcase name="test3905" classname="RegressionTest7" time="0"/>
  <testcase name="test3906" classname="RegressionTest7" time="0"/>
  <testcase name="test3907" classname="RegressionTest7" time="0"/>
  <testcase name="test3908" classname="RegressionTest7" time="0"/>
  <testcase name="test3909" classname="RegressionTest7" time="0"/>
  <testcase name="test3910" classname="RegressionTest7" time="0"/>
  <testcase name="test3911" classname="RegressionTest7" time="0"/>
  <testcase name="test3912" classname="RegressionTest7" time="0"/>
  <testcase name="test3913" classname="RegressionTest7" time="0"/>
  <testcase name="test3914" classname="RegressionTest7" time="0"/>
  <testcase name="test3915" classname="RegressionTest7" time="0"/>
  <testcase name="test3916" classname="RegressionTest7" time="0"/>
  <testcase name="test3917" classname="RegressionTest7" time="0"/>
  <testcase name="test3918" classname="RegressionTest7" time="0"/>
  <testcase name="test3919" classname="RegressionTest7" time="0"/>
  <testcase name="test3920" classname="RegressionTest7" time="0"/>
  <testcase name="test3921" classname="RegressionTest7" time="0"/>
  <testcase name="test3922" classname="RegressionTest7" time="0"/>
  <testcase name="test3923" classname="RegressionTest7" time="0"/>
  <testcase name="test3924" classname="RegressionTest7" time="0"/>
  <testcase name="test3925" classname="RegressionTest7" time="0"/>
  <testcase name="test3926" classname="RegressionTest7" time="0"/>
  <testcase name="test3927" classname="RegressionTest7" time="0"/>
  <testcase name="test3928" classname="RegressionTest7" time="0"/>
  <testcase name="test3929" classname="RegressionTest7" time="0"/>
  <testcase name="test3930" classname="RegressionTest7" time="0"/>
  <testcase name="test3931" classname="RegressionTest7" time="0"/>
  <testcase name="test3932" classname="RegressionTest7" time="0"/>
  <testcase name="test3933" classname="RegressionTest7" time="0"/>
  <testcase name="test3934" classname="RegressionTest7" time="0"/>
  <testcase name="test3935" classname="RegressionTest7" time="0"/>
  <testcase name="test3936" classname="RegressionTest7" time="0"/>
  <testcase name="test3937" classname="RegressionTest7" time="0"/>
  <testcase name="test3938" classname="RegressionTest7" time="0"/>
  <testcase name="test3939" classname="RegressionTest7" time="0"/>
  <testcase name="test3940" classname="RegressionTest7" time="0"/>
  <testcase name="test3941" classname="RegressionTest7" time="0"/>
  <testcase name="test3942" classname="RegressionTest7" time="0"/>
  <testcase name="test3943" classname="RegressionTest7" time="0"/>
  <testcase name="test3944" classname="RegressionTest7" time="0"/>
  <testcase name="test3945" classname="RegressionTest7" time="0.001"/>
  <testcase name="test3946" classname="RegressionTest7" time="0"/>
  <testcase name="test3947" classname="RegressionTest7" time="0"/>
  <testcase name="test3948" classname="RegressionTest7" time="0"/>
  <testcase name="test3949" classname="RegressionTest7" time="0"/>
  <testcase name="test3950" classname="RegressionTest7" time="0"/>
  <testcase name="test3951" classname="RegressionTest7" time="0"/>
  <testcase name="test3952" classname="RegressionTest7" time="0"/>
  <testcase name="test3953" classname="RegressionTest7" time="0"/>
  <testcase name="test3954" classname="RegressionTest7" time="0"/>
  <testcase name="test3955" classname="RegressionTest7" time="0"/>
  <testcase name="test3956" classname="RegressionTest7" time="0"/>
  <testcase name="test3957" classname="RegressionTest7" time="0"/>
  <testcase name="test3958" classname="RegressionTest7" time="0"/>
  <testcase name="test3959" classname="RegressionTest7" time="0"/>
  <testcase name="test3960" classname="RegressionTest7" time="0"/>
  <testcase name="test3961" classname="RegressionTest7" time="0"/>
  <testcase name="test3962" classname="RegressionTest7" time="0"/>
  <testcase name="test3963" classname="RegressionTest7" time="0"/>
  <testcase name="test3964" classname="RegressionTest7" time="0"/>
  <testcase name="test3965" classname="RegressionTest7" time="0"/>
  <testcase name="test3966" classname="RegressionTest7" time="0"/>
  <testcase name="test3967" classname="RegressionTest7" time="0"/>
  <testcase name="test3968" classname="RegressionTest7" time="0"/>
  <testcase name="test3969" classname="RegressionTest7" time="0"/>
  <testcase name="test3970" classname="RegressionTest7" time="0"/>
  <testcase name="test3971" classname="RegressionTest7" time="0"/>
  <testcase name="test3972" classname="RegressionTest7" time="0"/>
  <testcase name="test3973" classname="RegressionTest7" time="0"/>
  <testcase name="test3974" classname="RegressionTest7" time="0"/>
  <testcase name="test3975" classname="RegressionTest7" time="0"/>
  <testcase name="test3976" classname="RegressionTest7" time="0"/>
  <testcase name="test3977" classname="RegressionTest7" time="0"/>
  <testcase name="test3978" classname="RegressionTest7" time="0"/>
  <testcase name="test3979" classname="RegressionTest7" time="0"/>
  <testcase name="test3980" classname="RegressionTest7" time="0"/>
  <testcase name="test3981" classname="RegressionTest7" time="0"/>
  <testcase name="test3982" classname="RegressionTest7" time="0"/>
  <testcase name="test3983" classname="RegressionTest7" time="0"/>
  <testcase name="test3984" classname="RegressionTest7" time="0"/>
  <testcase name="test3985" classname="RegressionTest7" time="0"/>
  <testcase name="test3986" classname="RegressionTest7" time="0"/>
  <testcase name="test3987" classname="RegressionTest7" time="0"/>
  <testcase name="test3988" classname="RegressionTest7" time="0"/>
  <testcase name="test3989" classname="RegressionTest7" time="0"/>
  <testcase name="test3990" classname="RegressionTest7" time="0"/>
  <testcase name="test3991" classname="RegressionTest7" time="0"/>
  <testcase name="test3992" classname="RegressionTest7" time="0"/>
  <testcase name="test3993" classname="RegressionTest7" time="0"/>
  <testcase name="test3994" classname="RegressionTest7" time="0"/>
  <testcase name="test3995" classname="RegressionTest7" time="0"/>
  <testcase name="test3996" classname="RegressionTest7" time="0"/>
  <testcase name="test3997" classname="RegressionTest7" time="0"/>
  <testcase name="test3998" classname="RegressionTest7" time="0"/>
  <testcase name="test3999" classname="RegressionTest7" time="0"/>
  <testcase name="test4000" classname="RegressionTest7" time="0"/>
  <testcase name="test4001" classname="RegressionTest8" time="0"/>
  <testcase name="test4002" classname="RegressionTest8" time="0"/>
  <testcase name="test4003" classname="RegressionTest8" time="0"/>
  <testcase name="test4004" classname="RegressionTest8" time="0"/>
  <testcase name="test4005" classname="RegressionTest8" time="0"/>
  <testcase name="test4006" classname="RegressionTest8" time="0"/>
  <testcase name="test4007" classname="RegressionTest8" time="0"/>
  <testcase name="test4008" classname="RegressionTest8" time="0"/>
  <testcase name="test4009" classname="RegressionTest8" time="0"/>
  <testcase name="test4010" classname="RegressionTest8" time="0"/>
  <testcase name="test4011" classname="RegressionTest8" time="0"/>
  <testcase name="test4012" classname="RegressionTest8" time="0"/>
  <testcase name="test4013" classname="RegressionTest8" time="0"/>
  <testcase name="test4014" classname="RegressionTest8" time="0"/>
  <testcase name="test4015" classname="RegressionTest8" time="0"/>
  <testcase name="test4016" classname="RegressionTest8" time="0"/>
  <testcase name="test4017" classname="RegressionTest8" time="0"/>
  <testcase name="test4018" classname="RegressionTest8" time="0"/>
  <testcase name="test4019" classname="RegressionTest8" time="0"/>
  <testcase name="test4020" classname="RegressionTest8" time="0"/>
  <testcase name="test4021" classname="RegressionTest8" time="0"/>
  <testcase name="test4022" classname="RegressionTest8" time="0"/>
  <testcase name="test4023" classname="RegressionTest8" time="0"/>
  <testcase name="test4024" classname="RegressionTest8" time="0"/>
  <testcase name="test4025" classname="RegressionTest8" time="0"/>
  <testcase name="test4026" classname="RegressionTest8" time="0"/>
  <testcase name="test4027" classname="RegressionTest8" time="0"/>
  <testcase name="test4028" classname="RegressionTest8" time="0"/>
  <testcase name="test4029" classname="RegressionTest8" time="0"/>
  <testcase name="test4030" classname="RegressionTest8" time="0"/>
  <testcase name="test4031" classname="RegressionTest8" time="0"/>
  <testcase name="test4032" classname="RegressionTest8" time="0"/>
  <testcase name="test4033" classname="RegressionTest8" time="0"/>
  <testcase name="test4034" classname="RegressionTest8" time="0"/>
  <testcase name="test4035" classname="RegressionTest8" time="0"/>
  <testcase name="test4036" classname="RegressionTest8" time="0"/>
  <testcase name="test4037" classname="RegressionTest8" time="0"/>
  <testcase name="test4038" classname="RegressionTest8" time="0"/>
  <testcase name="test4039" classname="RegressionTest8" time="0"/>
  <testcase name="test4040" classname="RegressionTest8" time="0"/>
  <testcase name="test4041" classname="RegressionTest8" time="0"/>
  <testcase name="test4042" classname="RegressionTest8" time="0"/>
  <testcase name="test4043" classname="RegressionTest8" time="0"/>
  <testcase name="test4044" classname="RegressionTest8" time="0"/>
  <testcase name="test4045" classname="RegressionTest8" time="0"/>
  <testcase name="test4046" classname="RegressionTest8" time="0"/>
  <testcase name="test4047" classname="RegressionTest8" time="0"/>
  <testcase name="test4048" classname="RegressionTest8" time="0"/>
  <testcase name="test4049" classname="RegressionTest8" time="0"/>
  <testcase name="test4050" classname="RegressionTest8" time="0"/>
  <testcase name="test4051" classname="RegressionTest8" time="0"/>
  <testcase name="test4052" classname="RegressionTest8" time="0"/>
  <testcase name="test4053" classname="RegressionTest8" time="0"/>
  <testcase name="test4054" classname="RegressionTest8" time="0"/>
  <testcase name="test4055" classname="RegressionTest8" time="0"/>
  <testcase name="test4056" classname="RegressionTest8" time="0"/>
  <testcase name="test4057" classname="RegressionTest8" time="0"/>
  <testcase name="test4058" classname="RegressionTest8" time="0"/>
  <testcase name="test4059" classname="RegressionTest8" time="0"/>
  <testcase name="test4060" classname="RegressionTest8" time="0"/>
  <testcase name="test4061" classname="RegressionTest8" time="0"/>
  <testcase name="test4062" classname="RegressionTest8" time="0"/>
  <testcase name="test4063" classname="RegressionTest8" time="0"/>
  <testcase name="test4064" classname="RegressionTest8" time="0"/>
  <testcase name="test4065" classname="RegressionTest8" time="0"/>
  <testcase name="test4066" classname="RegressionTest8" time="0"/>
  <testcase name="test4067" classname="RegressionTest8" time="0"/>
  <testcase name="test4068" classname="RegressionTest8" time="0"/>
  <testcase name="test4069" classname="RegressionTest8" time="0"/>
  <testcase name="test4070" classname="RegressionTest8" time="0"/>
  <testcase name="test4071" classname="RegressionTest8" time="0"/>
  <testcase name="test4072" classname="RegressionTest8" time="0"/>
  <testcase name="test4073" classname="RegressionTest8" time="0"/>
  <testcase name="test4074" classname="RegressionTest8" time="0"/>
  <testcase name="test4075" classname="RegressionTest8" time="0"/>
  <testcase name="test4076" classname="RegressionTest8" time="0"/>
  <testcase name="test4077" classname="RegressionTest8" time="0"/>
  <testcase name="test4078" classname="RegressionTest8" time="0"/>
  <testcase name="test4079" classname="RegressionTest8" time="0"/>
  <testcase name="test4080" classname="RegressionTest8" time="0"/>
  <testcase name="test4081" classname="RegressionTest8" time="0"/>
  <testcase name="test4082" classname="RegressionTest8" time="0"/>
  <testcase name="test4083" classname="RegressionTest8" time="0"/>
  <testcase name="test4084" classname="RegressionTest8" time="0"/>
  <testcase name="test4085" classname="RegressionTest8" time="0"/>
  <testcase name="test4086" classname="RegressionTest8" time="0"/>
  <testcase name="test4087" classname="RegressionTest8" time="0"/>
  <testcase name="test4088" classname="RegressionTest8" time="0"/>
  <testcase name="test4089" classname="RegressionTest8" time="0"/>
  <testcase name="test4090" classname="RegressionTest8" time="0"/>
  <testcase name="test4091" classname="RegressionTest8" time="0"/>
  <testcase name="test4092" classname="RegressionTest8" time="0"/>
  <testcase name="test4093" classname="RegressionTest8" time="0"/>
  <testcase name="test4094" classname="RegressionTest8" time="0"/>
  <testcase name="test4095" classname="RegressionTest8" time="0"/>
  <testcase name="test4096" classname="RegressionTest8" time="0"/>
  <testcase name="test4097" classname="RegressionTest8" time="0"/>
  <testcase name="test4098" classname="RegressionTest8" time="0"/>
  <testcase name="test4099" classname="RegressionTest8" time="0"/>
  <testcase name="test4100" classname="RegressionTest8" time="0"/>
  <testcase name="test4101" classname="RegressionTest8" time="0"/>
  <testcase name="test4102" classname="RegressionTest8" time="0"/>
  <testcase name="test4103" classname="RegressionTest8" time="0"/>
  <testcase name="test4104" classname="RegressionTest8" time="0"/>
  <testcase name="test4105" classname="RegressionTest8" time="0"/>
  <testcase name="test4106" classname="RegressionTest8" time="0"/>
  <testcase name="test4107" classname="RegressionTest8" time="0"/>
  <testcase name="test4108" classname="RegressionTest8" time="0"/>
  <testcase name="test4109" classname="RegressionTest8" time="0"/>
  <testcase name="test4110" classname="RegressionTest8" time="0"/>
  <testcase name="test4111" classname="RegressionTest8" time="0"/>
  <testcase name="test4112" classname="RegressionTest8" time="0"/>
  <testcase name="test4113" classname="RegressionTest8" time="0"/>
  <testcase name="test4114" classname="RegressionTest8" time="0"/>
  <testcase name="test4115" classname="RegressionTest8" time="0"/>
  <testcase name="test4116" classname="RegressionTest8" time="0"/>
  <testcase name="test4117" classname="RegressionTest8" time="0"/>
  <testcase name="test4118" classname="RegressionTest8" time="0"/>
  <testcase name="test4119" classname="RegressionTest8" time="0"/>
  <testcase name="test4120" classname="RegressionTest8" time="0"/>
  <testcase name="test4121" classname="RegressionTest8" time="0"/>
  <testcase name="test4122" classname="RegressionTest8" time="0"/>
  <testcase name="test4123" classname="RegressionTest8" time="0"/>
  <testcase name="test4124" classname="RegressionTest8" time="0"/>
  <testcase name="test4125" classname="RegressionTest8" time="0"/>
  <testcase name="test4126" classname="RegressionTest8" time="0"/>
  <testcase name="test4127" classname="RegressionTest8" time="0"/>
  <testcase name="test4128" classname="RegressionTest8" time="0"/>
  <testcase name="test4129" classname="RegressionTest8" time="0"/>
  <testcase name="test4130" classname="RegressionTest8" time="0"/>
  <testcase name="test4131" classname="RegressionTest8" time="0"/>
  <testcase name="test4132" classname="RegressionTest8" time="0"/>
  <testcase name="test4133" classname="RegressionTest8" time="0"/>
  <testcase name="test4134" classname="RegressionTest8" time="0"/>
  <testcase name="test4135" classname="RegressionTest8" time="0"/>
  <testcase name="test4136" classname="RegressionTest8" time="0"/>
  <testcase name="test4137" classname="RegressionTest8" time="0"/>
  <testcase name="test4138" classname="RegressionTest8" time="0"/>
  <testcase name="test4139" classname="RegressionTest8" time="0"/>
  <testcase name="test4140" classname="RegressionTest8" time="0"/>
  <testcase name="test4141" classname="RegressionTest8" time="0"/>
  <testcase name="test4142" classname="RegressionTest8" time="0"/>
  <testcase name="test4143" classname="RegressionTest8" time="0"/>
  <testcase name="test4144" classname="RegressionTest8" time="0"/>
  <testcase name="test4145" classname="RegressionTest8" time="0"/>
  <testcase name="test4146" classname="RegressionTest8" time="0"/>
  <testcase name="test4147" classname="RegressionTest8" time="0"/>
  <testcase name="test4148" classname="RegressionTest8" time="0"/>
  <testcase name="test4149" classname="RegressionTest8" time="0"/>
  <testcase name="test4150" classname="RegressionTest8" time="0"/>
  <testcase name="test4151" classname="RegressionTest8" time="0"/>
  <testcase name="test4152" classname="RegressionTest8" time="0"/>
  <testcase name="test4153" classname="RegressionTest8" time="0"/>
  <testcase name="test4154" classname="RegressionTest8" time="0"/>
  <testcase name="test4155" classname="RegressionTest8" time="0"/>
  <testcase name="test4156" classname="RegressionTest8" time="0"/>
  <testcase name="test4157" classname="RegressionTest8" time="0"/>
  <testcase name="test4158" classname="RegressionTest8" time="0"/>
  <testcase name="test4159" classname="RegressionTest8" time="0"/>
  <testcase name="test4160" classname="RegressionTest8" time="0"/>
  <testcase name="test4161" classname="RegressionTest8" time="0"/>
  <testcase name="test4162" classname="RegressionTest8" time="0"/>
  <testcase name="test4163" classname="RegressionTest8" time="0"/>
  <testcase name="test4164" classname="RegressionTest8" time="0"/>
  <testcase name="test4165" classname="RegressionTest8" time="0"/>
  <testcase name="test4166" classname="RegressionTest8" time="0"/>
  <testcase name="test4167" classname="RegressionTest8" time="0"/>
  <testcase name="test4168" classname="RegressionTest8" time="0"/>
  <testcase name="test4169" classname="RegressionTest8" time="0"/>
  <testcase name="test4170" classname="RegressionTest8" time="0"/>
  <testcase name="test4171" classname="RegressionTest8" time="0"/>
  <testcase name="test4172" classname="RegressionTest8" time="0"/>
  <testcase name="test4173" classname="RegressionTest8" time="0"/>
  <testcase name="test4174" classname="RegressionTest8" time="0"/>
  <testcase name="test4175" classname="RegressionTest8" time="0"/>
  <testcase name="test4176" classname="RegressionTest8" time="0"/>
  <testcase name="test4177" classname="RegressionTest8" time="0"/>
  <testcase name="test4178" classname="RegressionTest8" time="0"/>
  <testcase name="test4179" classname="RegressionTest8" time="0"/>
  <testcase name="test4180" classname="RegressionTest8" time="0"/>
  <testcase name="test4181" classname="RegressionTest8" time="0"/>
  <testcase name="test4182" classname="RegressionTest8" time="0"/>
  <testcase name="test4183" classname="RegressionTest8" time="0"/>
  <testcase name="test4184" classname="RegressionTest8" time="0"/>
  <testcase name="test4185" classname="RegressionTest8" time="0"/>
  <testcase name="test4186" classname="RegressionTest8" time="0"/>
  <testcase name="test4187" classname="RegressionTest8" time="0"/>
  <testcase name="test4188" classname="RegressionTest8" time="0"/>
  <testcase name="test4189" classname="RegressionTest8" time="0"/>
  <testcase name="test4190" classname="RegressionTest8" time="0"/>
  <testcase name="test4191" classname="RegressionTest8" time="0"/>
  <testcase name="test4192" classname="RegressionTest8" time="0"/>
  <testcase name="test4193" classname="RegressionTest8" time="0"/>
  <testcase name="test4194" classname="RegressionTest8" time="0"/>
  <testcase name="test4195" classname="RegressionTest8" time="0"/>
  <testcase name="test4196" classname="RegressionTest8" time="0"/>
  <testcase name="test4197" classname="RegressionTest8" time="0"/>
  <testcase name="test4198" classname="RegressionTest8" time="0"/>
  <testcase name="test4199" classname="RegressionTest8" time="0"/>
  <testcase name="test4200" classname="RegressionTest8" time="0"/>
  <testcase name="test4201" classname="RegressionTest8" time="0"/>
  <testcase name="test4202" classname="RegressionTest8" time="0"/>
  <testcase name="test4203" classname="RegressionTest8" time="0"/>
  <testcase name="test4204" classname="RegressionTest8" time="0"/>
  <testcase name="test4205" classname="RegressionTest8" time="0"/>
  <testcase name="test4206" classname="RegressionTest8" time="0"/>
  <testcase name="test4207" classname="RegressionTest8" time="0"/>
  <testcase name="test4208" classname="RegressionTest8" time="0"/>
  <testcase name="test4209" classname="RegressionTest8" time="0"/>
  <testcase name="test4210" classname="RegressionTest8" time="0"/>
  <testcase name="test4211" classname="RegressionTest8" time="0"/>
  <testcase name="test4212" classname="RegressionTest8" time="0"/>
  <testcase name="test4213" classname="RegressionTest8" time="0"/>
  <testcase name="test4214" classname="RegressionTest8" time="0"/>
  <testcase name="test4215" classname="RegressionTest8" time="0"/>
  <testcase name="test4216" classname="RegressionTest8" time="0"/>
  <testcase name="test4217" classname="RegressionTest8" time="0"/>
  <testcase name="test4218" classname="RegressionTest8" time="0"/>
  <testcase name="test4219" classname="RegressionTest8" time="0"/>
  <testcase name="test4220" classname="RegressionTest8" time="0"/>
  <testcase name="test4221" classname="RegressionTest8" time="0"/>
  <testcase name="test4222" classname="RegressionTest8" time="0"/>
  <testcase name="test4223" classname="RegressionTest8" time="0"/>
  <testcase name="test4224" classname="RegressionTest8" time="0"/>
  <testcase name="test4225" classname="RegressionTest8" time="0"/>
  <testcase name="test4226" classname="RegressionTest8" time="0"/>
  <testcase name="test4227" classname="RegressionTest8" time="0"/>
  <testcase name="test4228" classname="RegressionTest8" time="0"/>
  <testcase name="test4229" classname="RegressionTest8" time="0"/>
  <testcase name="test4230" classname="RegressionTest8" time="0"/>
  <testcase name="test4231" classname="RegressionTest8" time="0"/>
  <testcase name="test4232" classname="RegressionTest8" time="0"/>
  <testcase name="test4233" classname="RegressionTest8" time="0"/>
  <testcase name="test4234" classname="RegressionTest8" time="0"/>
  <testcase name="test4235" classname="RegressionTest8" time="0"/>
  <testcase name="test4236" classname="RegressionTest8" time="0"/>
  <testcase name="test4237" classname="RegressionTest8" time="0"/>
  <testcase name="test4238" classname="RegressionTest8" time="0"/>
  <testcase name="test4239" classname="RegressionTest8" time="0"/>
  <testcase name="test4240" classname="RegressionTest8" time="0"/>
  <testcase name="test4241" classname="RegressionTest8" time="0"/>
  <testcase name="test4242" classname="RegressionTest8" time="0"/>
  <testcase name="test4243" classname="RegressionTest8" time="0"/>
  <testcase name="test4244" classname="RegressionTest8" time="0"/>
  <testcase name="test4245" classname="RegressionTest8" time="0"/>
  <testcase name="test4246" classname="RegressionTest8" time="0"/>
  <testcase name="test4247" classname="RegressionTest8" time="0"/>
  <testcase name="test4248" classname="RegressionTest8" time="0"/>
  <testcase name="test4249" classname="RegressionTest8" time="0"/>
  <testcase name="test4250" classname="RegressionTest8" time="0"/>
  <testcase name="test4251" classname="RegressionTest8" time="0"/>
  <testcase name="test4252" classname="RegressionTest8" time="0"/>
  <testcase name="test4253" classname="RegressionTest8" time="0"/>
  <testcase name="test4254" classname="RegressionTest8" time="0"/>
  <testcase name="test4255" classname="RegressionTest8" time="0"/>
  <testcase name="test4256" classname="RegressionTest8" time="0"/>
  <testcase name="test4257" classname="RegressionTest8" time="0"/>
  <testcase name="test4258" classname="RegressionTest8" time="0"/>
  <testcase name="test4259" classname="RegressionTest8" time="0"/>
  <testcase name="test4260" classname="RegressionTest8" time="0"/>
  <testcase name="test4261" classname="RegressionTest8" time="0"/>
  <testcase name="test4262" classname="RegressionTest8" time="0"/>
  <testcase name="test4263" classname="RegressionTest8" time="0"/>
  <testcase name="test4264" classname="RegressionTest8" time="0"/>
  <testcase name="test4265" classname="RegressionTest8" time="0"/>
  <testcase name="test4266" classname="RegressionTest8" time="0"/>
  <testcase name="test4267" classname="RegressionTest8" time="0"/>
  <testcase name="test4268" classname="RegressionTest8" time="0"/>
  <testcase name="test4269" classname="RegressionTest8" time="0"/>
  <testcase name="test4270" classname="RegressionTest8" time="0"/>
  <testcase name="test4271" classname="RegressionTest8" time="0"/>
  <testcase name="test4272" classname="RegressionTest8" time="0"/>
  <testcase name="test4273" classname="RegressionTest8" time="0"/>
  <testcase name="test4274" classname="RegressionTest8" time="0"/>
  <testcase name="test4275" classname="RegressionTest8" time="0"/>
  <testcase name="test4276" classname="RegressionTest8" time="0"/>
  <testcase name="test4277" classname="RegressionTest8" time="0"/>
  <testcase name="test4278" classname="RegressionTest8" time="0"/>
  <testcase name="test4279" classname="RegressionTest8" time="0"/>
  <testcase name="test4280" classname="RegressionTest8" time="0"/>
  <testcase name="test4281" classname="RegressionTest8" time="0"/>
  <testcase name="test4282" classname="RegressionTest8" time="0"/>
  <testcase name="test4283" classname="RegressionTest8" time="0"/>
  <testcase name="test4284" classname="RegressionTest8" time="0"/>
  <testcase name="test4285" classname="RegressionTest8" time="0"/>
  <testcase name="test4286" classname="RegressionTest8" time="0"/>
  <testcase name="test4287" classname="RegressionTest8" time="0"/>
  <testcase name="test4288" classname="RegressionTest8" time="0"/>
  <testcase name="test4289" classname="RegressionTest8" time="0"/>
  <testcase name="test4290" classname="RegressionTest8" time="0"/>
  <testcase name="test4291" classname="RegressionTest8" time="0"/>
  <testcase name="test4292" classname="RegressionTest8" time="0"/>
  <testcase name="test4293" classname="RegressionTest8" time="0"/>
  <testcase name="test4294" classname="RegressionTest8" time="0"/>
  <testcase name="test4295" classname="RegressionTest8" time="0"/>
  <testcase name="test4296" classname="RegressionTest8" time="0"/>
  <testcase name="test4297" classname="RegressionTest8" time="0"/>
  <testcase name="test4298" classname="RegressionTest8" time="0"/>
  <testcase name="test4299" classname="RegressionTest8" time="0"/>
  <testcase name="test4300" classname="RegressionTest8" time="0"/>
  <testcase name="test4301" classname="RegressionTest8" time="0"/>
  <testcase name="test4302" classname="RegressionTest8" time="0"/>
  <testcase name="test4303" classname="RegressionTest8" time="0"/>
  <testcase name="test4304" classname="RegressionTest8" time="0"/>
  <testcase name="test4305" classname="RegressionTest8" time="0"/>
  <testcase name="test4306" classname="RegressionTest8" time="0"/>
  <testcase name="test4307" classname="RegressionTest8" time="0"/>
  <testcase name="test4308" classname="RegressionTest8" time="0.002"/>
  <testcase name="test4309" classname="RegressionTest8" time="0"/>
  <testcase name="test4310" classname="RegressionTest8" time="0"/>
  <testcase name="test4311" classname="RegressionTest8" time="0"/>
  <testcase name="test4312" classname="RegressionTest8" time="0"/>
  <testcase name="test4313" classname="RegressionTest8" time="0"/>
  <testcase name="test4314" classname="RegressionTest8" time="0"/>
  <testcase name="test4315" classname="RegressionTest8" time="0"/>
  <testcase name="test4316" classname="RegressionTest8" time="0"/>
  <testcase name="test4317" classname="RegressionTest8" time="0"/>
  <testcase name="test4318" classname="RegressionTest8" time="0"/>
  <testcase name="test4319" classname="RegressionTest8" time="0"/>
  <testcase name="test4320" classname="RegressionTest8" time="0"/>
  <testcase name="test4321" classname="RegressionTest8" time="0"/>
  <testcase name="test4322" classname="RegressionTest8" time="0"/>
  <testcase name="test4323" classname="RegressionTest8" time="0"/>
  <testcase name="test4324" classname="RegressionTest8" time="0"/>
  <testcase name="test4325" classname="RegressionTest8" time="0"/>
  <testcase name="test4326" classname="RegressionTest8" time="0"/>
  <testcase name="test4327" classname="RegressionTest8" time="0"/>
  <testcase name="test4328" classname="RegressionTest8" time="0"/>
  <testcase name="test4329" classname="RegressionTest8" time="0"/>
  <testcase name="test4330" classname="RegressionTest8" time="0"/>
  <testcase name="test4331" classname="RegressionTest8" time="0"/>
  <testcase name="test4332" classname="RegressionTest8" time="0"/>
  <testcase name="test4333" classname="RegressionTest8" time="0"/>
  <testcase name="test4334" classname="RegressionTest8" time="0"/>
  <testcase name="test4335" classname="RegressionTest8" time="0"/>
  <testcase name="test4336" classname="RegressionTest8" time="0"/>
  <testcase name="test4337" classname="RegressionTest8" time="0"/>
  <testcase name="test4338" classname="RegressionTest8" time="0"/>
  <testcase name="test4339" classname="RegressionTest8" time="0"/>
  <testcase name="test4340" classname="RegressionTest8" time="0"/>
  <testcase name="test4341" classname="RegressionTest8" time="0"/>
  <testcase name="test4342" classname="RegressionTest8" time="0"/>
  <testcase name="test4343" classname="RegressionTest8" time="0"/>
  <testcase name="test4344" classname="RegressionTest8" time="0"/>
  <testcase name="test4345" classname="RegressionTest8" time="0"/>
  <testcase name="test4346" classname="RegressionTest8" time="0"/>
  <testcase name="test4347" classname="RegressionTest8" time="0"/>
  <testcase name="test4348" classname="RegressionTest8" time="0"/>
  <testcase name="test4349" classname="RegressionTest8" time="0"/>
  <testcase name="test4350" classname="RegressionTest8" time="0"/>
  <testcase name="test4351" classname="RegressionTest8" time="0"/>
</testsuite>